18/12/03 15:10:26 WARN NativeCodeLoader: Unable to load native-hadoop library for your platform... using builtin-java classes where applicable
18/12/03 15:10:28 INFO SparkContext: Running Spark version 2.3.0
18/12/03 15:10:28 INFO SparkContext: Submitted application: sparklyr
18/12/03 15:10:28 INFO SecurityManager: Changing view acls to: chaa0001
18/12/03 15:10:28 INFO SecurityManager: Changing modify acls to: chaa0001
18/12/03 15:10:28 INFO SecurityManager: Changing view acls groups to: 
18/12/03 15:10:28 INFO SecurityManager: Changing modify acls groups to: 
18/12/03 15:10:28 INFO SecurityManager: SecurityManager: authentication disabled; ui acls disabled; users  with view permissions: Set(chaa0001); groups with view permissions: Set(); users  with modify permissions: Set(chaa0001); groups with modify permissions: Set()
18/12/03 15:10:28 INFO Utils: Successfully started service 'sparkDriver' on port 57425.
18/12/03 15:10:28 INFO SparkEnv: Registering MapOutputTracker
18/12/03 15:10:28 INFO SparkEnv: Registering BlockManagerMaster
18/12/03 15:10:28 INFO BlockManagerMasterEndpoint: Using org.apache.spark.storage.DefaultTopologyMapper for getting topology information
18/12/03 15:10:28 INFO BlockManagerMasterEndpoint: BlockManagerMasterEndpoint up
18/12/03 15:10:28 INFO DiskBlockManager: Created local directory at C:\Users\chaa0001\AppData\Local\Temp\blockmgr-6f009c32-aa49-46d1-b3da-705bae49bb2c
18/12/03 15:10:28 INFO MemoryStore: MemoryStore started with capacity 366.3 MB
18/12/03 15:10:28 INFO SparkEnv: Registering OutputCommitCoordinator
18/12/03 15:10:28 INFO Utils: Successfully started service 'SparkUI' on port 4040.
18/12/03 15:10:29 INFO SparkUI: Bound SparkUI to 127.0.0.1, and started at http://127.0.0.1:4040
18/12/03 15:10:29 INFO SparkContext: Added JAR file:/C:/Program%20Files/R/R-3.5.1/library/sparklyr/java/sparklyr-2.3-2.11.jar at spark://127.0.0.1:57425/jars/sparklyr-2.3-2.11.jar with timestamp 1543867829103
18/12/03 15:10:29 INFO Executor: Starting executor ID driver on host localhost
18/12/03 15:10:29 INFO Utils: Successfully started service 'org.apache.spark.network.netty.NettyBlockTransferService' on port 57446.
18/12/03 15:10:29 INFO NettyBlockTransferService: Server created on 127.0.0.1:57446
18/12/03 15:10:29 INFO BlockManager: Using org.apache.spark.storage.RandomBlockReplicationPolicy for block replication policy
18/12/03 15:10:29 INFO BlockManagerMaster: Registering BlockManager BlockManagerId(driver, 127.0.0.1, 57446, None)
18/12/03 15:10:29 INFO BlockManagerMasterEndpoint: Registering block manager 127.0.0.1:57446 with 366.3 MB RAM, BlockManagerId(driver, 127.0.0.1, 57446, None)
18/12/03 15:10:29 INFO BlockManagerMaster: Registered BlockManager BlockManagerId(driver, 127.0.0.1, 57446, None)
18/12/03 15:10:29 INFO BlockManager: Initialized BlockManager: BlockManagerId(driver, 127.0.0.1, 57446, None)
18/12/03 15:10:29 WARN SparkContext: Using an existing SparkContext; some configuration may not take effect.
18/12/03 15:10:29 INFO SharedState: loading hive config file: file:/C:/Users/chaa0001/AppData/Local/spark/spark-2.3.0-bin-hadoop2.7/conf/hive-site.xml
18/12/03 15:10:29 INFO SharedState: Setting hive.metastore.warehouse.dir ('C:/Users/chaa0001/AppData/Local/spark/spark-2.3.0-bin-hadoop2.7/tmp/hive') to the value of spark.sql.warehouse.dir ('C:/Users/chaa0001/AppData/Local/spark/spark-2.3.0-bin-hadoop2.7/tmp/hive').
18/12/03 15:10:29 INFO SharedState: Warehouse path is 'C:/Users/chaa0001/AppData/Local/spark/spark-2.3.0-bin-hadoop2.7/tmp/hive'.
18/12/03 15:10:30 INFO StateStoreCoordinatorRef: Registered StateStoreCoordinator endpoint
18/12/03 15:10:34 INFO SparkContext: Starting job: collect at utils.scala:44
18/12/03 15:10:34 INFO DAGScheduler: Got job 0 (collect at utils.scala:44) with 1 output partitions
18/12/03 15:10:34 INFO DAGScheduler: Final stage: ResultStage 0 (collect at utils.scala:44)
18/12/03 15:10:34 INFO DAGScheduler: Parents of final stage: List()
18/12/03 15:10:34 INFO DAGScheduler: Missing parents: List()
18/12/03 15:10:34 INFO DAGScheduler: Submitting ResultStage 0 (MapPartitionsRDD[4] at map at utils.scala:41), which has no missing parents
18/12/03 15:10:34 INFO MemoryStore: Block broadcast_0 stored as values in memory (estimated size 5.9 KB, free 366.3 MB)
18/12/03 15:10:34 INFO MemoryStore: Block broadcast_0_piece0 stored as bytes in memory (estimated size 3.3 KB, free 366.3 MB)
18/12/03 15:10:34 INFO BlockManagerInfo: Added broadcast_0_piece0 in memory on 127.0.0.1:57446 (size: 3.3 KB, free: 366.3 MB)
18/12/03 15:10:34 INFO SparkContext: Created broadcast 0 from broadcast at DAGScheduler.scala:1039
18/12/03 15:10:34 INFO DAGScheduler: Submitting 1 missing tasks from ResultStage 0 (MapPartitionsRDD[4] at map at utils.scala:41) (first 15 tasks are for partitions Vector(0))
18/12/03 15:10:34 INFO TaskSchedulerImpl: Adding task set 0.0 with 1 tasks
18/12/03 15:10:34 INFO TaskSetManager: Starting task 0.0 in stage 0.0 (TID 0, localhost, executor driver, partition 0, PROCESS_LOCAL, 7880 bytes)
18/12/03 15:10:34 INFO Executor: Running task 0.0 in stage 0.0 (TID 0)
18/12/03 15:10:34 INFO Executor: Fetching spark://127.0.0.1:57425/jars/sparklyr-2.3-2.11.jar with timestamp 1543867829103
18/12/03 15:10:35 INFO TransportClientFactory: Successfully created connection to /127.0.0.1:57425 after 20 ms (0 ms spent in bootstraps)
18/12/03 15:10:35 INFO Utils: Fetching spark://127.0.0.1:57425/jars/sparklyr-2.3-2.11.jar to C:\Users\chaa0001\AppData\Local\Temp\spark-a74c1292-86b0-4d33-bc91-26132b9cfd28\userFiles-1965e09a-cc89-4d14-9aaf-a6d936622740\fetchFileTemp3699327127346321752.tmp
18/12/03 15:10:35 INFO Executor: Adding file:/C:/Users/chaa0001/AppData/Local/Temp/spark-a74c1292-86b0-4d33-bc91-26132b9cfd28/userFiles-1965e09a-cc89-4d14-9aaf-a6d936622740/sparklyr-2.3-2.11.jar to class loader
18/12/03 15:10:35 INFO CodeGenerator: Code generated in 281.845415 ms
18/12/03 15:10:35 INFO Executor: Finished task 0.0 in stage 0.0 (TID 0). 970 bytes result sent to driver
18/12/03 15:10:35 INFO TaskSetManager: Finished task 0.0 in stage 0.0 (TID 0) in 819 ms on localhost (executor driver) (1/1)
18/12/03 15:10:35 INFO TaskSchedulerImpl: Removed TaskSet 0.0, whose tasks have all completed, from pool 
18/12/03 15:10:35 INFO DAGScheduler: ResultStage 0 (collect at utils.scala:44) finished in 1.465 s
18/12/03 15:10:35 INFO DAGScheduler: Job 0 finished: collect at utils.scala:44, took 1.659469 s
18/12/03 15:10:36 INFO CodeGenerator: Code generated in 30.146519 ms
18/12/03 15:10:36 INFO CodeGenerator: Code generated in 25.344408 ms
18/12/03 15:10:36 INFO SparkContext: Starting job: sql at <unknown>:0
18/12/03 15:10:36 INFO DAGScheduler: Registering RDD 13 (sql at <unknown>:0)
18/12/03 15:10:36 INFO DAGScheduler: Got job 1 (sql at <unknown>:0) with 1 output partitions
18/12/03 15:10:36 INFO DAGScheduler: Final stage: ResultStage 2 (sql at <unknown>:0)
18/12/03 15:10:36 INFO DAGScheduler: Parents of final stage: List(ShuffleMapStage 1)
18/12/03 15:10:36 INFO DAGScheduler: Missing parents: List(ShuffleMapStage 1)
18/12/03 15:10:36 INFO DAGScheduler: Submitting ShuffleMapStage 1 (MapPartitionsRDD[13] at sql at <unknown>:0), which has no missing parents
18/12/03 15:10:36 INFO MemoryStore: Block broadcast_1 stored as values in memory (estimated size 28.4 KB, free 366.3 MB)
18/12/03 15:10:36 INFO MemoryStore: Block broadcast_1_piece0 stored as bytes in memory (estimated size 11.8 KB, free 366.3 MB)
18/12/03 15:10:36 INFO BlockManagerInfo: Added broadcast_1_piece0 in memory on 127.0.0.1:57446 (size: 11.8 KB, free: 366.3 MB)
18/12/03 15:10:36 INFO SparkContext: Created broadcast 1 from broadcast at DAGScheduler.scala:1039
18/12/03 15:10:36 INFO DAGScheduler: Submitting 1 missing tasks from ShuffleMapStage 1 (MapPartitionsRDD[13] at sql at <unknown>:0) (first 15 tasks are for partitions Vector(0))
18/12/03 15:10:36 INFO TaskSchedulerImpl: Adding task set 1.0 with 1 tasks
18/12/03 15:10:36 INFO TaskSetManager: Starting task 0.0 in stage 1.0 (TID 1, localhost, executor driver, partition 0, PROCESS_LOCAL, 9144 bytes)
18/12/03 15:10:36 INFO Executor: Running task 0.0 in stage 1.0 (TID 1)
18/12/03 15:10:36 INFO CodeGenerator: Code generated in 23.283033 ms
18/12/03 15:10:36 INFO CodeGenerator: Code generated in 95.569308 ms
18/12/03 15:10:36 INFO MemoryStore: Block rdd_9_0 stored as values in memory (estimated size 4.2 KB, free 366.2 MB)
18/12/03 15:10:36 INFO BlockManagerInfo: Added rdd_9_0 in memory on 127.0.0.1:57446 (size: 4.2 KB, free: 366.3 MB)
18/12/03 15:10:36 INFO CodeGenerator: Code generated in 7.667982 ms
18/12/03 15:10:36 INFO Executor: Finished task 0.0 in stage 1.0 (TID 1). 1975 bytes result sent to driver
18/12/03 15:10:36 INFO TaskSetManager: Finished task 0.0 in stage 1.0 (TID 1) in 380 ms on localhost (executor driver) (1/1)
18/12/03 15:10:36 INFO TaskSchedulerImpl: Removed TaskSet 1.0, whose tasks have all completed, from pool 
18/12/03 15:10:36 INFO DAGScheduler: ShuffleMapStage 1 (sql at <unknown>:0) finished in 0.398 s
18/12/03 15:10:36 INFO DAGScheduler: looking for newly runnable stages
18/12/03 15:10:36 INFO DAGScheduler: running: Set()
18/12/03 15:10:36 INFO DAGScheduler: waiting: Set(ResultStage 2)
18/12/03 15:10:36 INFO DAGScheduler: failed: Set()
18/12/03 15:10:36 INFO DAGScheduler: Submitting ResultStage 2 (MapPartitionsRDD[16] at sql at <unknown>:0), which has no missing parents
18/12/03 15:10:36 INFO MemoryStore: Block broadcast_2 stored as values in memory (estimated size 7.3 KB, free 366.2 MB)
18/12/03 15:10:36 INFO MemoryStore: Block broadcast_2_piece0 stored as bytes in memory (estimated size 3.8 KB, free 366.2 MB)
18/12/03 15:10:36 INFO BlockManagerInfo: Added broadcast_2_piece0 in memory on 127.0.0.1:57446 (size: 3.8 KB, free: 366.3 MB)
18/12/03 15:10:36 INFO SparkContext: Created broadcast 2 from broadcast at DAGScheduler.scala:1039
18/12/03 15:10:36 INFO DAGScheduler: Submitting 1 missing tasks from ResultStage 2 (MapPartitionsRDD[16] at sql at <unknown>:0) (first 15 tasks are for partitions Vector(0))
18/12/03 15:10:36 INFO TaskSchedulerImpl: Adding task set 2.0 with 1 tasks
18/12/03 15:10:36 INFO TaskSetManager: Starting task 0.0 in stage 2.0 (TID 2, localhost, executor driver, partition 0, ANY, 7754 bytes)
18/12/03 15:10:36 INFO Executor: Running task 0.0 in stage 2.0 (TID 2)
18/12/03 15:10:37 INFO ShuffleBlockFetcherIterator: Getting 1 non-empty blocks out of 1 blocks
18/12/03 15:10:37 INFO ShuffleBlockFetcherIterator: Started 0 remote fetches in 10 ms
18/12/03 15:10:37 INFO Executor: Finished task 0.0 in stage 2.0 (TID 2). 1782 bytes result sent to driver
18/12/03 15:10:37 INFO TaskSetManager: Finished task 0.0 in stage 2.0 (TID 2) in 60 ms on localhost (executor driver) (1/1)
18/12/03 15:10:37 INFO TaskSchedulerImpl: Removed TaskSet 2.0, whose tasks have all completed, from pool 
18/12/03 15:10:37 INFO DAGScheduler: ResultStage 2 (sql at <unknown>:0) finished in 0.081 s
18/12/03 15:10:37 INFO DAGScheduler: Job 1 finished: sql at <unknown>:0, took 0.512346 s
18/12/03 15:10:37 INFO ContextCleaner: Cleaned accumulator 55
18/12/03 15:10:37 INFO ContextCleaner: Cleaned accumulator 92
18/12/03 15:10:37 INFO ContextCleaner: Cleaned accumulator 54
18/12/03 15:10:37 INFO ContextCleaner: Cleaned accumulator 89
18/12/03 15:10:37 INFO ContextCleaner: Cleaned accumulator 29
18/12/03 15:10:37 INFO ContextCleaner: Cleaned accumulator 39
18/12/03 15:10:37 INFO ContextCleaner: Cleaned accumulator 32
18/12/03 15:10:37 INFO ContextCleaner: Cleaned accumulator 72
18/12/03 15:10:37 INFO ContextCleaner: Cleaned accumulator 57
18/12/03 15:10:37 INFO ContextCleaner: Cleaned accumulator 48
18/12/03 15:10:37 INFO ContextCleaner: Cleaned accumulator 83
18/12/03 15:10:37 INFO ContextCleaner: Cleaned accumulator 60
18/12/03 15:10:37 INFO ContextCleaner: Cleaned accumulator 84
18/12/03 15:10:37 INFO CodeGenerator: Code generated in 8.755908 ms
18/12/03 15:10:37 INFO BlockManagerInfo: Removed broadcast_1_piece0 on 127.0.0.1:57446 in memory (size: 11.8 KB, free: 366.3 MB)
18/12/03 15:10:37 INFO ContextCleaner: Cleaned shuffle 0
18/12/03 15:10:37 INFO ContextCleaner: Cleaned accumulator 76
18/12/03 15:10:37 INFO ContextCleaner: Cleaned accumulator 81
18/12/03 15:10:37 INFO BlockManagerInfo: Removed broadcast_2_piece0 on 127.0.0.1:57446 in memory (size: 3.8 KB, free: 366.3 MB)
18/12/03 15:10:37 INFO SparkContext: Starting job: collect at utils.scala:197
18/12/03 15:10:37 INFO DAGScheduler: Registering RDD 20 (collect at utils.scala:197)
18/12/03 15:10:37 INFO DAGScheduler: Got job 2 (collect at utils.scala:197) with 1 output partitions
18/12/03 15:10:37 INFO DAGScheduler: Final stage: ResultStage 4 (collect at utils.scala:197)
18/12/03 15:10:37 INFO DAGScheduler: Parents of final stage: List(ShuffleMapStage 3)
18/12/03 15:10:37 INFO ContextCleaner: Cleaned accumulator 71
18/12/03 15:10:37 INFO DAGScheduler: Missing parents: List(ShuffleMapStage 3)
18/12/03 15:10:37 INFO DAGScheduler: Submitting ShuffleMapStage 3 (MapPartitionsRDD[20] at collect at utils.scala:197), which has no missing parents
18/12/03 15:10:37 INFO ContextCleaner: Cleaned accumulator 49
18/12/03 15:10:37 INFO ContextCleaner: Cleaned accumulator 63
18/12/03 15:10:37 INFO ContextCleaner: Cleaned accumulator 28
18/12/03 15:10:37 INFO ContextCleaner: Cleaned accumulator 42
18/12/03 15:10:37 INFO ContextCleaner: Cleaned accumulator 80
18/12/03 15:10:37 INFO ContextCleaner: Cleaned accumulator 77
18/12/03 15:10:37 INFO ContextCleaner: Cleaned accumulator 52
18/12/03 15:10:37 INFO ContextCleaner: Cleaned accumulator 65
18/12/03 15:10:37 INFO ContextCleaner: Cleaned accumulator 78
18/12/03 15:10:37 INFO ContextCleaner: Cleaned accumulator 86
18/12/03 15:10:37 INFO ContextCleaner: Cleaned accumulator 50
18/12/03 15:10:37 INFO ContextCleaner: Cleaned accumulator 47
18/12/03 15:10:37 INFO ContextCleaner: Cleaned accumulator 41
18/12/03 15:10:37 INFO ContextCleaner: Cleaned accumulator 46
18/12/03 15:10:37 INFO ContextCleaner: Cleaned accumulator 61
18/12/03 15:10:37 INFO ContextCleaner: Cleaned accumulator 38
18/12/03 15:10:37 INFO ContextCleaner: Cleaned accumulator 33
18/12/03 15:10:37 INFO ContextCleaner: Cleaned accumulator 90
18/12/03 15:10:37 INFO ContextCleaner: Cleaned accumulator 53
18/12/03 15:10:37 INFO ContextCleaner: Cleaned accumulator 85
18/12/03 15:10:37 INFO MemoryStore: Block broadcast_3 stored as values in memory (estimated size 28.4 KB, free 366.3 MB)
18/12/03 15:10:37 INFO ContextCleaner: Cleaned accumulator 58
18/12/03 15:10:37 INFO MemoryStore: Block broadcast_3_piece0 stored as bytes in memory (estimated size 11.8 KB, free 366.2 MB)
18/12/03 15:10:37 INFO BlockManagerInfo: Added broadcast_3_piece0 in memory on 127.0.0.1:57446 (size: 11.8 KB, free: 366.3 MB)
18/12/03 15:10:37 INFO SparkContext: Created broadcast 3 from broadcast at DAGScheduler.scala:1039
18/12/03 15:10:37 INFO DAGScheduler: Submitting 1 missing tasks from ShuffleMapStage 3 (MapPartitionsRDD[20] at collect at utils.scala:197) (first 15 tasks are for partitions Vector(0))
18/12/03 15:10:37 INFO TaskSchedulerImpl: Adding task set 3.0 with 1 tasks
18/12/03 15:10:37 INFO TaskSetManager: Starting task 0.0 in stage 3.0 (TID 3, localhost, executor driver, partition 0, PROCESS_LOCAL, 9144 bytes)
18/12/03 15:10:37 INFO Executor: Running task 0.0 in stage 3.0 (TID 3)
18/12/03 15:10:37 INFO BlockManager: Found block rdd_9_0 locally
18/12/03 15:10:37 INFO BlockManagerInfo: Removed broadcast_0_piece0 on 127.0.0.1:57446 in memory (size: 3.3 KB, free: 366.3 MB)
18/12/03 15:10:37 INFO Executor: Finished task 0.0 in stage 3.0 (TID 3). 2018 bytes result sent to driver
18/12/03 15:10:37 INFO ContextCleaner: Cleaned accumulator 43
18/12/03 15:10:37 INFO ContextCleaner: Cleaned accumulator 40
18/12/03 15:10:37 INFO ContextCleaner: Cleaned accumulator 35
18/12/03 15:10:37 INFO ContextCleaner: Cleaned accumulator 73
18/12/03 15:10:37 INFO ContextCleaner: Cleaned accumulator 62
18/12/03 15:10:37 INFO ContextCleaner: Cleaned accumulator 87
18/12/03 15:10:37 INFO ContextCleaner: Cleaned accumulator 64
18/12/03 15:10:37 INFO ContextCleaner: Cleaned accumulator 31
18/12/03 15:10:37 INFO ContextCleaner: Cleaned accumulator 36
18/12/03 15:10:37 INFO ContextCleaner: Cleaned accumulator 79
18/12/03 15:10:37 INFO ContextCleaner: Cleaned accumulator 74
18/12/03 15:10:37 INFO ContextCleaner: Cleaned accumulator 44
18/12/03 15:10:37 INFO ContextCleaner: Cleaned accumulator 66
18/12/03 15:10:37 INFO ContextCleaner: Cleaned accumulator 69
18/12/03 15:10:37 INFO ContextCleaner: Cleaned accumulator 37
18/12/03 15:10:37 INFO ContextCleaner: Cleaned accumulator 67
18/12/03 15:10:37 INFO ContextCleaner: Cleaned accumulator 75
18/12/03 15:10:37 INFO ContextCleaner: Cleaned accumulator 93
18/12/03 15:10:37 INFO ContextCleaner: Cleaned accumulator 68
18/12/03 15:10:37 INFO ContextCleaner: Cleaned accumulator 45
18/12/03 15:10:37 INFO ContextCleaner: Cleaned accumulator 70
18/12/03 15:10:37 INFO ContextCleaner: Cleaned accumulator 82
18/12/03 15:10:37 INFO ContextCleaner: Cleaned accumulator 34
18/12/03 15:10:37 INFO ContextCleaner: Cleaned accumulator 88
18/12/03 15:10:37 INFO ContextCleaner: Cleaned accumulator 56
18/12/03 15:10:37 INFO ContextCleaner: Cleaned accumulator 51
18/12/03 15:10:37 INFO ContextCleaner: Cleaned accumulator 30
18/12/03 15:10:37 INFO ContextCleaner: Cleaned accumulator 91
18/12/03 15:10:37 INFO ContextCleaner: Cleaned accumulator 59
18/12/03 15:10:37 INFO TaskSetManager: Finished task 0.0 in stage 3.0 (TID 3) in 39 ms on localhost (executor driver) (1/1)
18/12/03 15:10:37 INFO TaskSchedulerImpl: Removed TaskSet 3.0, whose tasks have all completed, from pool 
18/12/03 15:10:37 INFO DAGScheduler: ShuffleMapStage 3 (collect at utils.scala:197) finished in 0.053 s
18/12/03 15:10:37 INFO DAGScheduler: looking for newly runnable stages
18/12/03 15:10:37 INFO DAGScheduler: running: Set()
18/12/03 15:10:37 INFO DAGScheduler: waiting: Set(ResultStage 4)
18/12/03 15:10:37 INFO DAGScheduler: failed: Set()
18/12/03 15:10:37 INFO DAGScheduler: Submitting ResultStage 4 (MapPartitionsRDD[23] at collect at utils.scala:197), which has no missing parents
18/12/03 15:10:37 INFO MemoryStore: Block broadcast_4 stored as values in memory (estimated size 7.3 KB, free 366.2 MB)
18/12/03 15:10:37 INFO MemoryStore: Block broadcast_4_piece0 stored as bytes in memory (estimated size 3.8 KB, free 366.2 MB)
18/12/03 15:10:37 INFO BlockManagerInfo: Added broadcast_4_piece0 in memory on 127.0.0.1:57446 (size: 3.8 KB, free: 366.3 MB)
18/12/03 15:10:37 INFO SparkContext: Created broadcast 4 from broadcast at DAGScheduler.scala:1039
18/12/03 15:10:37 INFO DAGScheduler: Submitting 1 missing tasks from ResultStage 4 (MapPartitionsRDD[23] at collect at utils.scala:197) (first 15 tasks are for partitions Vector(0))
18/12/03 15:10:37 INFO TaskSchedulerImpl: Adding task set 4.0 with 1 tasks
18/12/03 15:10:37 INFO TaskSetManager: Starting task 0.0 in stage 4.0 (TID 4, localhost, executor driver, partition 0, ANY, 7754 bytes)
18/12/03 15:10:37 INFO Executor: Running task 0.0 in stage 4.0 (TID 4)
18/12/03 15:10:37 INFO ShuffleBlockFetcherIterator: Getting 1 non-empty blocks out of 1 blocks
18/12/03 15:10:37 INFO ShuffleBlockFetcherIterator: Started 0 remote fetches in 0 ms
18/12/03 15:10:37 INFO Executor: Finished task 0.0 in stage 4.0 (TID 4). 1739 bytes result sent to driver
18/12/03 15:10:37 INFO TaskSetManager: Finished task 0.0 in stage 4.0 (TID 4) in 10 ms on localhost (executor driver) (1/1)
18/12/03 15:10:37 INFO TaskSchedulerImpl: Removed TaskSet 4.0, whose tasks have all completed, from pool 
18/12/03 15:10:37 INFO DAGScheduler: ResultStage 4 (collect at utils.scala:197) finished in 0.017 s
18/12/03 15:10:37 INFO DAGScheduler: Job 2 finished: collect at utils.scala:197, took 0.076773 s
18/12/03 15:10:38 INFO SparkContext: Invoking stop() from shutdown hook
18/12/03 15:10:38 INFO SparkUI: Stopped Spark web UI at http://127.0.0.1:4040
18/12/03 15:10:38 INFO MapOutputTrackerMasterEndpoint: MapOutputTrackerMasterEndpoint stopped!
18/12/03 15:10:39 INFO MemoryStore: MemoryStore cleared
18/12/03 15:10:39 INFO BlockManager: BlockManager stopped
18/12/03 15:10:39 INFO BlockManagerMaster: BlockManagerMaster stopped
18/12/03 15:10:39 INFO OutputCommitCoordinator$OutputCommitCoordinatorEndpoint: OutputCommitCoordinator stopped!
18/12/03 15:10:39 WARN SparkEnv: Exception while deleting Spark temp dir: C:\Users\chaa0001\AppData\Local\Temp\spark-a74c1292-86b0-4d33-bc91-26132b9cfd28\userFiles-1965e09a-cc89-4d14-9aaf-a6d936622740
java.io.IOException: Failed to delete: C:\Users\chaa0001\AppData\Local\Temp\spark-a74c1292-86b0-4d33-bc91-26132b9cfd28\userFiles-1965e09a-cc89-4d14-9aaf-a6d936622740
	at org.apache.spark.util.Utils$.deleteRecursively(Utils.scala:1070)
	at org.apache.spark.SparkEnv.stop(SparkEnv.scala:103)
	at org.apache.spark.SparkContext$$anonfun$stop$11.apply$mcV$sp(SparkContext.scala:1940)
	at org.apache.spark.util.Utils$.tryLogNonFatalError(Utils.scala:1357)
	at org.apache.spark.SparkContext.stop(SparkContext.scala:1939)
	at org.apache.spark.SparkContext$$anonfun$2.apply$mcV$sp(SparkContext.scala:572)
	at org.apache.spark.util.SparkShutdownHook.run(ShutdownHookManager.scala:216)
	at org.apache.spark.util.SparkShutdownHookManager$$anonfun$runAll$1$$anonfun$apply$mcV$sp$1.apply$mcV$sp(ShutdownHookManager.scala:188)
	at org.apache.spark.util.SparkShutdownHookManager$$anonfun$runAll$1$$anonfun$apply$mcV$sp$1.apply(ShutdownHookManager.scala:188)
	at org.apache.spark.util.SparkShutdownHookManager$$anonfun$runAll$1$$anonfun$apply$mcV$sp$1.apply(ShutdownHookManager.scala:188)
	at org.apache.spark.util.Utils$.logUncaughtExceptions(Utils.scala:1988)
	at org.apache.spark.util.SparkShutdownHookManager$$anonfun$runAll$1.apply$mcV$sp(ShutdownHookManager.scala:188)
	at org.apache.spark.util.SparkShutdownHookManager$$anonfun$runAll$1.apply(ShutdownHookManager.scala:188)
	at org.apache.spark.util.SparkShutdownHookManager$$anonfun$runAll$1.apply(ShutdownHookManager.scala:188)
	at scala.util.Try$.apply(Try.scala:192)
	at org.apache.spark.util.SparkShutdownHookManager.runAll(ShutdownHookManager.scala:188)
	at org.apache.spark.util.SparkShutdownHookManager$$anon$2.run(ShutdownHookManager.scala:178)
	at org.apache.hadoop.util.ShutdownHookManager$1.run(ShutdownHookManager.java:54)
18/12/03 15:10:39 INFO SparkContext: Successfully stopped SparkContext
18/12/03 15:10:39 INFO ShutdownHookManager: Shutdown hook called
18/12/03 15:10:39 INFO ShutdownHookManager: Deleting directory C:\Users\chaa0001\AppData\Local\Temp\spark-2ba9e193-9cee-4f54-8d5b-bf5ffc5d6d21
18/12/03 15:10:39 INFO ShutdownHookManager: Deleting directory C:\Users\chaa0001\AppData\Local\Temp\spark-a74c1292-86b0-4d33-bc91-26132b9cfd28
18/12/03 15:10:39 ERROR ShutdownHookManager: Exception while deleting Spark temp dir: C:\Users\chaa0001\AppData\Local\Temp\spark-a74c1292-86b0-4d33-bc91-26132b9cfd28
java.io.IOException: Failed to delete: C:\Users\chaa0001\AppData\Local\Temp\spark-a74c1292-86b0-4d33-bc91-26132b9cfd28
	at org.apache.spark.util.Utils$.deleteRecursively(Utils.scala:1070)
	at org.apache.spark.util.ShutdownHookManager$$anonfun$1$$anonfun$apply$mcV$sp$3.apply(ShutdownHookManager.scala:65)
	at org.apache.spark.util.ShutdownHookManager$$anonfun$1$$anonfun$apply$mcV$sp$3.apply(ShutdownHookManager.scala:62)
	at scala.collection.IndexedSeqOptimized$class.foreach(IndexedSeqOptimized.scala:33)
	at scala.collection.mutable.ArrayOps$ofRef.foreach(ArrayOps.scala:186)
	at org.apache.spark.util.ShutdownHookManager$$anonfun$1.apply$mcV$sp(ShutdownHookManager.scala:62)
	at org.apache.spark.util.SparkShutdownHook.run(ShutdownHookManager.scala:216)
	at org.apache.spark.util.SparkShutdownHookManager$$anonfun$runAll$1$$anonfun$apply$mcV$sp$1.apply$mcV$sp(ShutdownHookManager.scala:188)
	at org.apache.spark.util.SparkShutdownHookManager$$anonfun$runAll$1$$anonfun$apply$mcV$sp$1.apply(ShutdownHookManager.scala:188)
	at org.apache.spark.util.SparkShutdownHookManager$$anonfun$runAll$1$$anonfun$apply$mcV$sp$1.apply(ShutdownHookManager.scala:188)
	at org.apache.spark.util.Utils$.logUncaughtExceptions(Utils.scala:1988)
	at org.apache.spark.util.SparkShutdownHookManager$$anonfun$runAll$1.apply$mcV$sp(ShutdownHookManager.scala:188)
	at org.apache.spark.util.SparkShutdownHookManager$$anonfun$runAll$1.apply(ShutdownHookManager.scala:188)
	at org.apache.spark.util.SparkShutdownHookManager$$anonfun$runAll$1.apply(ShutdownHookManager.scala:188)
	at scala.util.Try$.apply(Try.scala:192)
	at org.apache.spark.util.SparkShutdownHookManager.runAll(ShutdownHookManager.scala:188)
	at org.apache.spark.util.SparkShutdownHookManager$$anon$2.run(ShutdownHookManager.scala:178)
	at org.apache.hadoop.util.ShutdownHookManager$1.run(ShutdownHookManager.java:54)
18/12/03 15:10:39 INFO ShutdownHookManager: Deleting directory C:\Users\chaa0001\AppData\Local\Temp\spark-a74c1292-86b0-4d33-bc91-26132b9cfd28\userFiles-1965e09a-cc89-4d14-9aaf-a6d936622740
18/12/03 15:10:39 ERROR ShutdownHookManager: Exception while deleting Spark temp dir: C:\Users\chaa0001\AppData\Local\Temp\spark-a74c1292-86b0-4d33-bc91-26132b9cfd28\userFiles-1965e09a-cc89-4d14-9aaf-a6d936622740
java.io.IOException: Failed to delete: C:\Users\chaa0001\AppData\Local\Temp\spark-a74c1292-86b0-4d33-bc91-26132b9cfd28\userFiles-1965e09a-cc89-4d14-9aaf-a6d936622740
	at org.apache.spark.util.Utils$.deleteRecursively(Utils.scala:1070)
	at org.apache.spark.util.ShutdownHookManager$$anonfun$1$$anonfun$apply$mcV$sp$3.apply(ShutdownHookManager.scala:65)
	at org.apache.spark.util.ShutdownHookManager$$anonfun$1$$anonfun$apply$mcV$sp$3.apply(ShutdownHookManager.scala:62)
	at scala.collection.IndexedSeqOptimized$class.foreach(IndexedSeqOptimized.scala:33)
	at scala.collection.mutable.ArrayOps$ofRef.foreach(ArrayOps.scala:186)
	at org.apache.spark.util.ShutdownHookManager$$anonfun$1.apply$mcV$sp(ShutdownHookManager.scala:62)
	at org.apache.spark.util.SparkShutdownHook.run(ShutdownHookManager.scala:216)
	at org.apache.spark.util.SparkShutdownHookManager$$anonfun$runAll$1$$anonfun$apply$mcV$sp$1.apply$mcV$sp(ShutdownHookManager.scala:188)
	at org.apache.spark.util.SparkShutdownHookManager$$anonfun$runAll$1$$anonfun$apply$mcV$sp$1.apply(ShutdownHookManager.scala:188)
	at org.apache.spark.util.SparkShutdownHookManager$$anonfun$runAll$1$$anonfun$apply$mcV$sp$1.apply(ShutdownHookManager.scala:188)
	at org.apache.spark.util.Utils$.logUncaughtExceptions(Utils.scala:1988)
	at org.apache.spark.util.SparkShutdownHookManager$$anonfun$runAll$1.apply$mcV$sp(ShutdownHookManager.scala:188)
	at org.apache.spark.util.SparkShutdownHookManager$$anonfun$runAll$1.apply(ShutdownHookManager.scala:188)
	at org.apache.spark.util.SparkShutdownHookManager$$anonfun$runAll$1.apply(ShutdownHookManager.scala:188)
	at scala.util.Try$.apply(Try.scala:192)
	at org.apache.spark.util.SparkShutdownHookManager.runAll(ShutdownHookManager.scala:188)
	at org.apache.spark.util.SparkShutdownHookManager$$anon$2.run(ShutdownHookManager.scala:178)
	at org.apache.hadoop.util.ShutdownHookManager$1.run(ShutdownHookManager.java:54)
