#
# A fatal error has been detected by the Java Runtime Environment:
#
#  EXCEPTION_UNCAUGHT_CXX_EXCEPTION (0xe06d7363) at pc=0x00007ffe1890a388, pid=17812, tid=0x0000000000004850
#
# JRE version: Java(TM) SE Runtime Environment (8.0_201-b09) (build 1.8.0_201-b09)
# Java VM: Java HotSpot(TM) 64-Bit Server VM (25.201-b09 mixed mode windows-amd64 compressed oops)
# Problematic frame:
# C  [KERNELBASE.dll+0x3a388]
#
# Failed to write core dump. Minidumps are not enabled by default on client versions of Windows
#
# If you would like to submit a bug report, please visit:
#   http://bugreport.java.com/bugreport/crash.jsp
# The crash happened outside the Java Virtual Machine in native code.
# See problematic frame for where to report the bug.
#

---------------  T H R E A D  ---------------

Current thread (0x0000000022127000):  JavaThread "Thread-26" [_thread_in_native, id=18512, stack(0x0000000024ef0000,0x0000000024ff0000)]

siginfo: ExceptionCode=0xe06d7363, ExceptionInformation=0x0000000019930520 0x0000000024fee010 0x00007ffdb16fc320 0x00007ffdb0b10000 

Registers:
RAX=0x0000000072799490, RBX=0x0000000024fee010, RCX=0x0000000022127000, RDX=0x0000000000000020
RSP=0x0000000024fedea0, RBP=0x0000000024fedfe0, RSI=0x0000000000000000, RDI=0x00007ffdb16fc320
R8 =0x0000000000000000, R9 =0x0000000003500000, R10=0x00007ffe1bac922b, R11=0x0000000000000040
R12=0x0000000025611aa0, R13=0xffffffffffffffff, R14=0x00007ffdb1372910, R15=0x0000000024fee420
RIP=0x00007ffe1890a388, EFLAGS=0x0000000000000206

Top of Stack: (sp=0x0000000024fedea0)
0x0000000024fedea0:   00000006c5671220 0000000024fee010
0x0000000024fedeb0:   0000000000000000 00007ffdb16fc320
0x0000000024fedec0:   00000001e06d7363 0000000000000000
0x0000000024feded0:   00007ffe1890a388 0000000000000004
0x0000000024fedee0:   0000000019930520 0000000024fee010
0x0000000024fedef0:   00007ffdb16fc320 00007ffdb0b10000
0x0000000024fedf00:   00007ffdb1372910 0000000025611aa0
0x0000000024fedf10:   00007ffdb16fc320 0000000000000000
0x0000000024fedf20:   0000000024fedfe0 00007ffe1bac0f6f
0x0000000024fedf30:   0000000024fedff0 0000000000000000
0x0000000024fedf40:   000000000000001c 000000000000001b
0x0000000024fedf50:   00007ffdb18c8000 00007ffdb0b10000
0x0000000024fedf60:   0000be595e72bcb4 000000000000001c
0x0000000024fedf70:   0000000024fee010 00007ffdb13f6fe5
0x0000000024fedf80:   00007ffdb1490b98 00007ffdb13f4bfe
0x0000000024fedf90:   00007ffdb1490b98 000000000000001b 

Instructions: (pc=0x00007ffe1890a388)
0x00007ffe1890a368:   49 8b d1 44 0f 47 c0 44 89 44 24 38 49 c1 e0 03
0x00007ffe1890a378:   e8 0a 47 04 00 48 8d 4c 24 20 ff 15 f0 82 14 00
0x00007ffe1890a388:   48 8b 8c 24 c0 00 00 00 48 33 cc e8 58 06 04 00
0x00007ffe1890a398:   48 81 c4 d8 00 00 00 c3 83 64 24 38 00 eb d6 cc 


Register to memory mapping:

RAX=0x0000000072799490 is an unknown value
RBX=0x0000000024fee010 is pointing into the stack for thread: 0x0000000022127000
RCX=0x0000000022127000 is a thread
RDX=0x0000000000000020 is an unknown value
RSP=0x0000000024fedea0 is pointing into the stack for thread: 0x0000000022127000
RBP=0x0000000024fedfe0 is pointing into the stack for thread: 0x0000000022127000
RSI=0x0000000000000000 is an unknown value
RDI=0x00007ffdb16fc320 is an unknown value
R8 =0x0000000000000000 is an unknown value
R9 =0x0000000003500000 is pointing into the stack for thread: 0x0000000022127800
R10=0x00007ffe1bac922b is an unknown value
R11=0x0000000000000040 is an unknown value
R12=0x0000000025611aa0 is an unknown value
R13=0xffffffffffffffff is an unknown value
R14=0x00007ffdb1372910 is an unknown value
R15=0x0000000024fee420 is pointing into the stack for thread: 0x0000000022127000


Stack: [0x0000000024ef0000,0x0000000024ff0000],  sp=0x0000000024fedea0,  free space=1015k
Native frames: (J=compiled Java code, j=interpreted, Vv=VM code, C=native code)
C  [KERNELBASE.dll+0x3a388]
C  [mapr-chra0001-MapRClient.unknown.dll+0x8e6fe5]
C  [mapr-chra0001-MapRClient.unknown.dll+0x8e1e9d]
C  [mapr-chra0001-MapRClient.unknown.dll+0x23a669]
C  [mapr-chra0001-MapRClient.unknown.dll+0x2c8560]
C  [mapr-chra0001-MapRClient.unknown.dll+0x8654bf]
C  [mapr-chra0001-MapRClient.unknown.dll+0x8666dd]
C  [mapr-chra0001-MapRClient.unknown.dll+0x898278]
C  [mapr-chra0001-MapRClient.unknown.dll+0x89999b]
C  [mapr-chra0001-MapRClient.unknown.dll+0x8b123a]
C  0x0000000003821df0

Java frames: (J=compiled Java code, j=interpreted, Vv=VM code)
j  com.mapr.fs.jni.MarlinJniListener.OpenListener(Ljava/lang/String;Ljava/lang/String;IZZJLcom/mapr/fs/jni/MarlinJniListener$MarlinCommitCallbackWrapper;JIIIILjava/lang/String;Ljava/lang/String;JZLcom/mapr/fs/jni/MapRUserInfo;II)J+0
j  com.mapr.streams.impl.listener.MarlinListenerImplV10.createJniListener(Lorg/apache/kafka/clients/consumer/ConsumerConfig;ZLcom/mapr/fs/jni/MapRUserInfo;Lcom/mapr/fs/proto/Dbserver$CDCOpenFormatType;)V+167
j  com.mapr.streams.impl.listener.MarlinListenerImpl.<init>(Lorg/apache/kafka/clients/consumer/ConsumerConfig;Lorg/apache/kafka/clients/consumer/internals/ConsumerInterceptors;Lcom/mapr/fs/proto/Dbserver$CDCOpenFormatType;)V+220
j  com.mapr.streams.impl.listener.MarlinListenerImplV10.<init>(Lorg/apache/kafka/clients/consumer/ConsumerConfig;Lorg/apache/kafka/clients/consumer/internals/ConsumerInterceptors;Lcom/mapr/fs/proto/Dbserver$CDCOpenFormatType;)V+4
j  com.mapr.streams.impl.listener.MarlinListenerV10.<init>(Lorg/apache/kafka/clients/consumer/ConsumerConfig;Lorg/apache/kafka/common/serialization/Deserializer;Lorg/apache/kafka/common/serialization/Deserializer;Lorg/apache/kafka/clients/consumer/internals/ConsumerInterceptors;)V+15
v  ~StubRoutines::call_stub
J 1353  sun.reflect.NativeConstructorAccessorImpl.newInstance0(Ljava/lang/reflect/Constructor;[Ljava/lang/Object;)Ljava/lang/Object; (0 bytes) @ 0x0000000003b2fe26 [0x0000000003b2fdc0+0x66]
J 1352 C1 sun.reflect.NativeConstructorAccessorImpl.newInstance([Ljava/lang/Object;)Ljava/lang/Object; (89 bytes) @ 0x0000000003b305a4 [0x0000000003b301e0+0x3c4]
J 1198 C1 sun.reflect.DelegatingConstructorAccessorImpl.newInstance([Ljava/lang/Object;)Ljava/lang/Object; (9 bytes) @ 0x0000000003aff47c [0x0000000003aff420+0x5c]
J 1154 C1 java.lang.reflect.Constructor.newInstance([Ljava/lang/Object;)Ljava/lang/Object; (87 bytes) @ 0x0000000003aea544 [0x0000000003aea400+0x144]
j  org.apache.kafka.clients.mapr.GenericHFactory.getImplementorInstance(Ljava/lang/String;[Ljava/lang/Object;[Ljava/lang/Class;)Ljava/lang/Object;+183
j  org.apache.kafka.clients.consumer.KafkaConsumer.initializeConsumer(Ljava/lang/String;)V+252
j  org.apache.kafka.clients.consumer.KafkaConsumer.subscribe(Ljava/util/Collection;Lorg/apache/kafka/clients/consumer/ConsumerRebalanceListener;)V+43
j  org.apache.kafka.clients.consumer.KafkaConsumer.subscribe(Ljava/util/List;Lorg/apache/kafka/clients/consumer/ConsumerRebalanceListener;)V+3
j  org.apache.kafka.clients.consumer.KafkaConsumer.subscribe(Ljava/util/List;)V+9
j  com.synchronoss.saw.alert.service.evaluator.EvaluatorListenerImpl.runStreamConsumer()V+98
j  com.synchronoss.saw.SipAlertServiceApplication.lambda$main$0(Lorg/springframework/context/ConfigurableApplicationContext;)V+13
j  com.synchronoss.saw.SipAlertServiceApplication$$Lambda$554.run()V+4
j  java.lang.Thread.run()V+11
v  ~StubRoutines::call_stub

---------------  P R O C E S S  ---------------

Java Threads: ( => current thread )
  0x0000000022127800 JavaThread "DestroyJavaVM" [_thread_blocked, id=19940, stack(0x0000000003400000,0x0000000003500000)]
=>0x0000000022127000 JavaThread "Thread-26" [_thread_in_native, id=18512, stack(0x0000000024ef0000,0x0000000024ff0000)]
  0x000000002211f800 JavaThread "http-nio-127.0.0.1-9625-Acceptor-0" daemon [_thread_in_native, id=13540, stack(0x0000000024df0000,0x0000000024ef0000)]
  0x0000000022122800 JavaThread "http-nio-127.0.0.1-9625-ClientPoller-1" daemon [_thread_in_native, id=17804, stack(0x0000000024cf0000,0x0000000024df0000)]
  0x0000000022123000 JavaThread "http-nio-127.0.0.1-9625-ClientPoller-0" daemon [_thread_in_native, id=9996, stack(0x0000000024bf0000,0x0000000024cf0000)]
  0x0000000022125800 JavaThread "http-nio-127.0.0.1-9625-exec-10" daemon [_thread_blocked, id=12948, stack(0x0000000024af0000,0x0000000024bf0000)]
  0x0000000022124000 JavaThread "http-nio-127.0.0.1-9625-exec-9" daemon [_thread_blocked, id=6788, stack(0x00000000249f0000,0x0000000024af0000)]
  0x0000000022126000 JavaThread "http-nio-127.0.0.1-9625-exec-8" daemon [_thread_blocked, id=19996, stack(0x00000000248f0000,0x00000000249f0000)]
  0x0000000022120000 JavaThread "http-nio-127.0.0.1-9625-exec-7" daemon [_thread_blocked, id=17516, stack(0x00000000247f0000,0x00000000248f0000)]
  0x0000000022121000 JavaThread "http-nio-127.0.0.1-9625-exec-6" daemon [_thread_blocked, id=19532, stack(0x00000000246f0000,0x00000000247f0000)]
  0x0000000022124800 JavaThread "http-nio-127.0.0.1-9625-exec-5" daemon [_thread_blocked, id=18608, stack(0x00000000245f0000,0x00000000246f0000)]
  0x000000001e990000 JavaThread "http-nio-127.0.0.1-9625-exec-4" daemon [_thread_blocked, id=15412, stack(0x00000000244f0000,0x00000000245f0000)]
  0x000000001e993800 JavaThread "http-nio-127.0.0.1-9625-exec-3" daemon [_thread_blocked, id=10596, stack(0x00000000243f0000,0x00000000244f0000)]
  0x000000001e993000 JavaThread "http-nio-127.0.0.1-9625-exec-2" daemon [_thread_blocked, id=11148, stack(0x00000000242f0000,0x00000000243f0000)]
  0x000000001e991800 JavaThread "http-nio-127.0.0.1-9625-exec-1" daemon [_thread_blocked, id=6524, stack(0x00000000241f0000,0x00000000242f0000)]
  0x000000001e98f000 JavaThread "NioBlockingSelector.BlockPoller-1" daemon [_thread_in_native, id=8012, stack(0x00000000240f0000,0x00000000241f0000)]
  0x000000001e992000 JavaThread "container-0" [_thread_blocked, id=16240, stack(0x00000000238f0000,0x00000000239f0000)]
  0x000000001e98d800 JavaThread "SimplePauseDetectorThread_0" daemon [_thread_blocked, id=19468, stack(0x00000000237f0000,0x00000000238f0000)]
  0x0000000021eee000 JavaThread "Thread-16" daemon [_thread_blocked, id=12816, stack(0x00000000236f0000,0x00000000237f0000)]
  0x0000000021eed000 JavaThread "Catalina-utility-2" [_thread_blocked, id=18872, stack(0x00000000235f0000,0x00000000236f0000)]
  0x000000001e585800 JavaThread "Catalina-utility-1" [_thread_blocked, id=15808, stack(0x00000000234f0000,0x00000000235f0000)]
  0x000000001f73b000 JavaThread "RMI Scheduler(0)" daemon [_thread_blocked, id=18876, stack(0x0000000020f20000,0x0000000021020000)]
  0x000000001f430000 JavaThread "RMI TCP Accept-0" daemon [_thread_in_native, id=19404, stack(0x00000000205e0000,0x00000000206e0000)]
  0x000000001f1aa000 JavaThread "Service Thread" daemon [_thread_blocked, id=15680, stack(0x00000000204e0000,0x00000000205e0000)]
  0x000000001f1a7000 JavaThread "C1 CompilerThread2" daemon [_thread_blocked, id=2848, stack(0x00000000203e0000,0x00000000204e0000)]
  0x000000001f1a4800 JavaThread "C2 CompilerThread1" daemon [_thread_blocked, id=20124, stack(0x00000000202e0000,0x00000000203e0000)]
  0x000000001f155000 JavaThread "C2 CompilerThread0" daemon [_thread_blocked, id=16436, stack(0x00000000201e0000,0x00000000202e0000)]
  0x000000001cc0f000 JavaThread "JDWP Command Reader" daemon [_thread_in_native, id=9848, stack(0x000000001e410000,0x000000001e510000)]
  0x000000001cc02000 JavaThread "JDWP Event Helper Thread" daemon [_thread_blocked, id=17668, stack(0x000000001e310000,0x000000001e410000)]
  0x000000001cbf5000 JavaThread "JDWP Transport Listener: dt_socket" daemon [_thread_blocked, id=5436, stack(0x000000001e210000,0x000000001e310000)]
  0x000000001cbe6800 JavaThread "Attach Listener" daemon [_thread_blocked, id=16316, stack(0x000000001e110000,0x000000001e210000)]
  0x000000001cbe5000 JavaThread "Signal Dispatcher" daemon [_thread_blocked, id=9468, stack(0x000000001e010000,0x000000001e110000)]
  0x000000001cbc0800 JavaThread "Finalizer" daemon [_thread_blocked, id=20100, stack(0x000000001de20000,0x000000001df20000)]
  0x000000001cbbb000 JavaThread "Reference Handler" daemon [_thread_blocked, id=10868, stack(0x000000001dd20000,0x000000001de20000)]

Other Threads:
  0x000000000360e800 VMThread [stack: 0x000000001dc20000,0x000000001dd20000] [id=14152]
  0x000000001f441800 WatcherThread [stack: 0x00000000206e0000,0x00000000207e0000] [id=9712]

VM state:not at safepoint (normal execution)

VM Mutex/Monitor currently owned by a thread: None

heap address: 0x00000006c5200000, size: 4014 MB, Compressed Oops mode: Zero based, Oop shift amount: 3
Narrow klass base: 0x0000000000000000, Narrow klass shift: 3
Compressed class space size: 1073741824 Address: 0x00000007c0000000

Heap:
 PSYoungGen      total 241152K, used 167246K [0x000000076c600000, 0x000000077d880000, 0x00000007c0000000)
  eden space 229888K, 67% used [0x000000076c600000,0x0000000775ea2aa0,0x000000077a680000)
  from space 11264K, 97% used [0x000000077cd80000,0x000000077d830f48,0x000000077d880000)
  to   space 18432K, 0% used [0x000000077b480000,0x000000077b480000,0x000000077c680000)
 ParOldGen       total 171520K, used 23503K [0x00000006c5200000, 0x00000006cf980000, 0x000000076c600000)
  object space 171520K, 13% used [0x00000006c5200000,0x00000006c68f3da0,0x00000006cf980000)
 Metaspace       used 49044K, capacity 51704K, committed 51968K, reserved 1093632K
  class space    used 6659K, capacity 7144K, committed 7168K, reserved 1048576K

Card table byte_map: [0x0000000012bc0000,0x00000000133a0000] byte_map_base: 0x000000000f597000

Marking Bits: (ParMarkBitMap*) 0x00000000727a4ce0
 Begin Bits: [0x0000000013ce0000, 0x0000000017b98000)
 End Bits:   [0x0000000017b98000, 0x000000001ba50000)

Polling page: 0x00000000015b0000

CodeCache: size=245760Kb used=11111Kb max_used=11111Kb free=234648Kb
 bounds [0x0000000003800000, 0x00000000042e0000, 0x0000000012800000]
 total_blobs=6030 nmethods=5433 adapters=516
 compilation: enabled

Compilation events (10 events):
Event: 168.054 Thread 0x000000001f1a7000 5529       1       java.util.HashMap$Values::size (8 bytes)
Event: 168.054 Thread 0x000000001f1a7000 nmethod 5529 0x00000000042d89d0 code [0x00000000042d8b20, 0x00000000042d8c30]
Event: 168.706 Thread 0x000000001f1a7000 5530       1       java.util.Hashtable::access$400 (5 bytes)
Event: 168.707 Thread 0x000000001f1a7000 nmethod 5530 0x00000000042d9f50 code [0x00000000042da0a0, 0x00000000042da190]
Event: 168.711 Thread 0x000000001f1a7000 5531       1       java.lang.Integer::toString (48 bytes)
Event: 168.712 Thread 0x000000001f1a7000 nmethod 5531 0x00000000042da210 code [0x00000000042da380, 0x00000000042da668]
Event: 168.712 Thread 0x000000001f1a7000 5532       1       ch.qos.logback.core.pattern.DynamicConverter::getFirstOption (35 bytes)
Event: 168.713 Thread 0x000000001f1a7000 nmethod 5532 0x00000000042da8d0 code [0x00000000042daa40, 0x00000000042dac18]
Event: 168.726 Thread 0x000000001f1a7000 5533       1       org.apache.kafka.common.config.ConfigDef::parseValue (100 bytes)
Event: 168.728 Thread 0x000000001f1a7000 nmethod 5533 0x00000000042dacd0 code [0x00000000042daea0, 0x00000000042db348]

GC Heap History (10 events):
Event: 8.197 GC heap before
{Heap before GC invocations=6 (full 1):
 PSYoungGen      total 110080K, used 109950K [0x000000076c600000, 0x0000000775500000, 0x00000007c0000000)
  eden space 103424K, 100% used [0x000000076c600000,0x0000000772b00000,0x0000000772b00000)
  from space 6656K, 98% used [0x0000000774e80000,0x00000007754dfa60,0x0000000775500000)
  to   space 10752K, 0% used [0x0000000774000000,0x0000000774000000,0x0000000774a80000)
 ParOldGen       total 104960K, used 9119K [0x00000006c5200000, 0x00000006cb880000, 0x000000076c600000)
  object space 104960K, 8% used [0x00000006c5200000,0x00000006c5ae7eb8,0x00000006cb880000)
 Metaspace       used 25410K, capacity 26330K, committed 26496K, reserved 1073152K
  class space    used 3393K, capacity 3642K, committed 3712K, reserved 1048576K
Event: 8.212 GC heap after
Heap after GC invocations=6 (full 1):
 PSYoungGen      total 135680K, used 10746K [0x000000076c600000, 0x0000000777d80000, 0x00000007c0000000)
  eden space 124928K, 0% used [0x000000076c600000,0x000000076c600000,0x0000000774000000)
  from space 10752K, 99% used [0x0000000774000000,0x0000000774a7e990,0x0000000774a80000)
  to   space 12288K, 0% used [0x0000000777180000,0x0000000777180000,0x0000000777d80000)
 ParOldGen       total 104960K, used 9679K [0x00000006c5200000, 0x00000006cb880000, 0x000000076c600000)
  object space 104960K, 9% used [0x00000006c5200000,0x00000006c5b73cc0,0x00000006cb880000)
 Metaspace       used 25410K, capacity 26330K, committed 26496K, reserved 1073152K
  class space    used 3393K, capacity 3642K, committed 3712K, reserved 1048576K
}
Event: 10.148 GC heap before
{Heap before GC invocations=7 (full 1):
 PSYoungGen      total 135680K, used 135674K [0x000000076c600000, 0x0000000777d80000, 0x00000007c0000000)
  eden space 124928K, 100% used [0x000000076c600000,0x0000000774000000,0x0000000774000000)
  from space 10752K, 99% used [0x0000000774000000,0x0000000774a7e990,0x0000000774a80000)
  to   space 12288K, 0% used [0x0000000777180000,0x0000000777180000,0x0000000777d80000)
 ParOldGen       total 104960K, used 9679K [0x00000006c5200000, 0x00000006cb880000, 0x000000076c600000)
  object space 104960K, 9% used [0x00000006c5200000,0x00000006c5b73cc0,0x00000006cb880000)
 Metaspace       used 31616K, capacity 32992K, committed 33280K, reserved 1077248K
  class space    used 4257K, capacity 4527K, committed 4608K, reserved 1048576K
Event: 10.170 GC heap after
Heap after GC invocations=7 (full 1):
 PSYoungGen      total 169984K, used 12277K [0x000000076c600000, 0x000000077a700000, 0x00000007c0000000)
  eden space 157696K, 0% used [0x000000076c600000,0x000000076c600000,0x0000000776000000)
  from space 12288K, 99% used [0x0000000777180000,0x0000000777d7d650,0x0000000777d80000)
  to   space 17920K, 0% used [0x0000000776000000,0x0000000776000000,0x0000000777180000)
 ParOldGen       total 104960K, used 16486K [0x00000006c5200000, 0x00000006cb880000, 0x000000076c600000)
  object space 104960K, 15% used [0x00000006c5200000,0x00000006c6219918,0x00000006cb880000)
 Metaspace       used 31616K, capacity 32992K, committed 33280K, reserved 1077248K
  class space    used 4257K, capacity 4527K, committed 4608K, reserved 1048576K
}
Event: 11.079 GC heap before
{Heap before GC invocations=8 (full 1):
 PSYoungGen      total 169984K, used 69897K [0x000000076c600000, 0x000000077a700000, 0x00000007c0000000)
  eden space 157696K, 36% used [0x000000076c600000,0x000000076fe450e8,0x0000000776000000)
  from space 12288K, 99% used [0x0000000777180000,0x0000000777d7d650,0x0000000777d80000)
  to   space 17920K, 0% used [0x0000000776000000,0x0000000776000000,0x0000000777180000)
 ParOldGen       total 104960K, used 16486K [0x00000006c5200000, 0x00000006cb880000, 0x000000076c600000)
  object space 104960K, 15% used [0x00000006c5200000,0x00000006c6219918,0x00000006cb880000)
 Metaspace       used 33706K, capacity 35390K, committed 35456K, reserved 1079296K
  class space    used 4578K, capacity 4930K, committed 4992K, reserved 1048576K
Event: 11.099 GC heap after
Heap after GC invocations=8 (full 1):
 PSYoungGen      total 175616K, used 15721K [0x000000076c600000, 0x000000077e080000, 0x00000007c0000000)
  eden space 157696K, 0% used [0x000000076c600000,0x000000076c600000,0x0000000776000000)
  from space 17920K, 87% used [0x0000000776000000,0x0000000776f5a4f0,0x0000000777180000)
  to   space 19456K, 0% used [0x000000077cd80000,0x000000077cd80000,0x000000077e080000)
 ParOldGen       total 104960K, used 16494K [0x00000006c5200000, 0x00000006cb880000, 0x000000076c600000)
  object space 104960K, 15% used [0x00000006c5200000,0x00000006c621b918,0x00000006cb880000)
 Metaspace       used 33706K, capacity 35390K, committed 35456K, reserved 1079296K
  class space    used 4578K, capacity 4930K, committed 4992K, reserved 1048576K
}
Event: 11.099 GC heap before
{Heap before GC invocations=9 (full 2):
 PSYoungGen      total 175616K, used 15721K [0x000000076c600000, 0x000000077e080000, 0x00000007c0000000)
  eden space 157696K, 0% used [0x000000076c600000,0x000000076c600000,0x0000000776000000)
  from space 17920K, 87% used [0x0000000776000000,0x0000000776f5a4f0,0x0000000777180000)
  to   space 19456K, 0% used [0x000000077cd80000,0x000000077cd80000,0x000000077e080000)
 ParOldGen       total 104960K, used 16494K [0x00000006c5200000, 0x00000006cb880000, 0x000000076c600000)
  object space 104960K, 15% used [0x00000006c5200000,0x00000006c621b918,0x00000006cb880000)
 Metaspace       used 33706K, capacity 35390K, committed 35456K, reserved 1079296K
  class space    used 4578K, capacity 4930K, committed 4992K, reserved 1048576K
Event: 11.211 GC heap after
Heap after GC invocations=9 (full 2):
 PSYoungGen      total 175616K, used 0K [0x000000076c600000, 0x000000077e080000, 0x00000007c0000000)
  eden space 157696K, 0% used [0x000000076c600000,0x000000076c600000,0x0000000776000000)
  from space 17920K, 0% used [0x0000000776000000,0x0000000776000000,0x0000000777180000)
  to   space 19456K, 0% used [0x000000077cd80000,0x000000077cd80000,0x000000077e080000)
 ParOldGen       total 171520K, used 23495K [0x00000006c5200000, 0x00000006cf980000, 0x000000076c600000)
  object space 171520K, 13% used [0x00000006c5200000,0x00000006c68f1da0,0x00000006cf980000)
 Metaspace       used 33706K, capacity 35390K, committed 35456K, reserved 1079296K
  class space    used 4578K, capacity 4930K, committed 4992K, reserved 1048576K
}
Event: 13.614 GC heap before
{Heap before GC invocations=10 (full 2):
 PSYoungGen      total 175616K, used 157696K [0x000000076c600000, 0x000000077e080000, 0x00000007c0000000)
  eden space 157696K, 100% used [0x000000076c600000,0x0000000776000000,0x0000000776000000)
  from space 17920K, 0% used [0x0000000776000000,0x0000000776000000,0x0000000777180000)
  to   space 19456K, 0% used [0x000000077cd80000,0x000000077cd80000,0x000000077e080000)
 ParOldGen       total 171520K, used 23495K [0x00000006c5200000, 0x00000006cf980000, 0x000000076c600000)
  object space 171520K, 13% used [0x00000006c5200000,0x00000006c68f1da0,0x00000006cf980000)
 Metaspace       used 39940K, capacity 42068K, committed 42240K, reserved 1085440K
  class space    used 5489K, capacity 5882K, committed 5888K, reserved 1048576K
Event: 13.629 GC heap after
Heap after GC invocations=10 (full 2):
 PSYoungGen      total 241152K, used 10947K [0x000000076c600000, 0x000000077d880000, 0x00000007c0000000)
  eden space 229888K, 0% used [0x000000076c600000,0x000000076c600000,0x000000077a680000)
  from space 11264K, 97% used [0x000000077cd80000,0x000000077d830f48,0x000000077d880000)
  to   space 18432K, 0% used [0x000000077b480000,0x000000077b480000,0x000000077c680000)
 ParOldGen       total 171520K, used 23503K [0x00000006c5200000, 0x00000006cf980000, 0x000000076c600000)
  object space 171520K, 13% used [0x00000006c5200000,0x00000006c68f3da0,0x00000006cf980000)
 Metaspace       used 39940K, capacity 42068K, committed 42240K, reserved 1085440K
  class space    used 5489K, capacity 5882K, committed 5888K, reserved 1048576K
}

Deoptimization events (0 events):
No events

Classes redefined (0 events):
No events

Internal exceptions (10 events):
Event: 65.072 Thread 0x000000001e993000 Exception <a 'java/lang/ArrayIndexOutOfBoundsException': 82> (0x0000000774d43a10) thrown at [C:\re\workspace\8-2-build-windows-amd64-cygwin\jdk8u201\12322\hotspot\src\share\vm\interpreter\interpreterRuntime.cpp, line 368]
Event: 65.077 Thread 0x000000001e993000 Exception <a 'java/lang/ArrayIndexOutOfBoundsException': 39> (0x0000000774d487a8) thrown at [C:\re\workspace\8-2-build-windows-amd64-cygwin\jdk8u201\12322\hotspot\src\share\vm\interpreter\interpreterRuntime.cpp, line 368]
Event: 77.804 Thread 0x000000001e993000 Exception <a 'java/lang/reflect/InvocationTargetException'> (0x0000000774d82f18) thrown at [C:\re\workspace\8-2-build-windows-amd64-cygwin\jdk8u201\12322\hotspot\src\share\vm\runtime\reflection.cpp, line 1092]
Event: 79.165 Thread 0x0000000022127000 Exception <a 'java/lang/NoClassDefFoundError': com/mapr/fs/jni/JNIFileTierStatus> (0x0000000774f4dee0) thrown at [C:\re\workspace\8-2-build-windows-amd64-cygwin\jdk8u201\12322\hotspot\src\share\vm\classfile\systemDictionary.cpp, line 199]
Event: 92.278 Thread 0x0000000022127000 Exception <a 'java/lang/NoClassDefFoundError': com/mapr/fs/jni/JNIFileTierStatus> (0x00000007751979a0) thrown at [C:\re\workspace\8-2-build-windows-amd64-cygwin\jdk8u201\12322\hotspot\src\share\vm\classfile\systemDictionary.cpp, line 199]
Event: 105.385 Thread 0x0000000022127000 Exception <a 'java/lang/NoClassDefFoundError': com/mapr/fs/jni/JNIFileTierStatus> (0x00000007752c1bc8) thrown at [C:\re\workspace\8-2-build-windows-amd64-cygwin\jdk8u201\12322\hotspot\src\share\vm\classfile\systemDictionary.cpp, line 199]
Event: 119.450 Thread 0x0000000022127000 Exception <a 'java/lang/NoClassDefFoundError': com/mapr/fs/jni/JNIFileTierStatus> (0x00000007753ec618) thrown at [C:\re\workspace\8-2-build-windows-amd64-cygwin\jdk8u201\12322\hotspot\src\share\vm\classfile\systemDictionary.cpp, line 199]
Event: 132.505 Thread 0x0000000022127000 Exception <a 'java/lang/NoClassDefFoundError': com/mapr/fs/jni/JNIFileTierStatus> (0x0000000775516d80) thrown at [C:\re\workspace\8-2-build-windows-amd64-cygwin\jdk8u201\12322\hotspot\src\share\vm\classfile\systemDictionary.cpp, line 199]
Event: 145.554 Thread 0x0000000022127000 Exception <a 'java/lang/NoClassDefFoundError': com/mapr/fs/jni/JNIFileTierStatus> (0x0000000775640fa0) thrown at [C:\re\workspace\8-2-build-windows-amd64-cygwin\jdk8u201\12322\hotspot\src\share\vm\classfile\systemDictionary.cpp, line 199]
Event: 159.602 Thread 0x0000000022127000 Exception <a 'java/lang/NoClassDefFoundError': com/mapr/fs/jni/JNIFileTierStatus> (0x000000077576bf90) thrown at [C:\re\workspace\8-2-build-windows-amd64-cygwin\jdk8u201\12322\hotspot\src\share\vm\classfile\systemDictionary.cpp, line 199]

Events (10 events):
Event: 168.784 Thread 0x0000000022127000 DEOPT PACKING pc=0x000000000411c9cc sp=0x0000000024fead70
Event: 168.784 Thread 0x0000000022127000 DEOPT UNPACKING pc=0x0000000003847890 sp=0x0000000024feab90 mode 1
Event: 168.786 loading class com/mapr/fs/proto/Marlinserver$MarlinConfigDefaults$1
Event: 168.786 loading class com/mapr/fs/proto/Marlinserver$MarlinConfigDefaults$1 done
Event: 168.786 Thread 0x0000000022127000 DEOPT PACKING pc=0x0000000003a22ad1 sp=0x0000000024fecac0
Event: 168.786 Thread 0x0000000022127000 DEOPT UNPACKING pc=0x0000000003847890 sp=0x0000000024fec810 mode 1
Event: 168.786 Thread 0x0000000022127000 DEOPT PACKING pc=0x000000000411ca84 sp=0x0000000024fecb40
Event: 168.786 Thread 0x0000000022127000 DEOPT UNPACKING pc=0x0000000003847890 sp=0x0000000024fec960 mode 1
Event: 168.786 Thread 0x0000000022127000 DEOPT PACKING pc=0x000000000411c9cc sp=0x0000000024feccd0
Event: 168.786 Thread 0x0000000022127000 DEOPT UNPACKING pc=0x0000000003847890 sp=0x0000000024fecaf0 mode 1


Dynamic libraries:
0x00007ff74b1a0000 - 0x00007ff74b1d7000 	C:\Program Files (x86)\Java\jdk1.8.0_201\bin\java.exe
0x00007ffe1bab0000 - 0x00007ffe1bc91000 	C:\WINDOWS\SYSTEM32\ntdll.dll
0x00007ffe19470000 - 0x00007ffe19521000 	C:\WINDOWS\System32\KERNEL32.DLL
0x00007ffe188d0000 - 0x00007ffe18b43000 	C:\WINDOWS\System32\KERNELBASE.dll
0x00007ffe1b820000 - 0x00007ffe1b8c1000 	C:\WINDOWS\System32\ADVAPI32.dll
0x00007ffe1aef0000 - 0x00007ffe1af8e000 	C:\WINDOWS\System32\msvcrt.dll
0x00007ffe1b8d0000 - 0x00007ffe1b92b000 	C:\WINDOWS\System32\sechost.dll
0x00007ffe1b950000 - 0x00007ffe1ba74000 	C:\WINDOWS\System32\RPCRT4.dll
0x00007ffe196c0000 - 0x00007ffe19850000 	C:\WINDOWS\System32\USER32.dll
0x00007ffe17e70000 - 0x00007ffe17e90000 	C:\WINDOWS\System32\win32u.dll
0x00007ffe19610000 - 0x00007ffe19638000 	C:\WINDOWS\System32\GDI32.dll
0x00007ffe186d0000 - 0x00007ffe18861000 	C:\WINDOWS\System32\gdi32full.dll
0x00007ffe18d40000 - 0x00007ffe18ddf000 	C:\WINDOWS\System32\msvcp_win.dll
0x00007ffe18de0000 - 0x00007ffe18ed8000 	C:\WINDOWS\System32\ucrtbase.dll
0x00007ffe16cb0000 - 0x00007ffe16f19000 	C:\WINDOWS\WinSxS\amd64_microsoft.windows.common-controls_6595b64144ccf1df_6.0.17134.1006_none_d3fbb8f77c940c3f\COMCTL32.dll
0x00007ffe18f30000 - 0x00007ffe19251000 	C:\WINDOWS\System32\combase.dll
0x00007ffe17f40000 - 0x00007ffe17fb9000 	C:\WINDOWS\System32\bcryptPrimitives.dll
0x00007ffe1b190000 - 0x00007ffe1b1bd000 	C:\WINDOWS\System32\IMM32.DLL
0x00007ffdfb4f0000 - 0x00007ffdfb5a1000 	C:\Program Files\McAfee\Endpoint Security\Threat Prevention\Ips\EpMPApi.dll
0x00007ffe18870000 - 0x00007ffe188c7000 	C:\WINDOWS\System32\WINTRUST.dll
0x00007ffe17e30000 - 0x00007ffe17e42000 	C:\WINDOWS\System32\MSASN1.dll
0x00007ffe18b50000 - 0x00007ffe18d32000 	C:\WINDOWS\System32\CRYPT32.dll
0x0000000073780000 - 0x000000007378c000 	C:\Program Files\McAfee\Endpoint Security\Threat Prevention\Ips\EpMPThe.dll
0x00007ffe14110000 - 0x00007ffe14146000 	C:\Program Files\McAfee\Endpoint Security\Threat Prevention\Ips\HIPHandlers64.dll
0x00007ffe1b130000 - 0x00007ffe1b181000 	C:\WINDOWS\System32\SHLWAPI.dll
0x0000000072830000 - 0x0000000072901000 	C:\Program Files (x86)\Java\jdk1.8.0_201\jre\bin\msvcr100.dll
0x0000000071f80000 - 0x0000000072824000 	C:\Program Files (x86)\Java\jdk1.8.0_201\jre\bin\server\jvm.dll
0x00007ffe19460000 - 0x00007ffe19468000 	C:\WINDOWS\System32\PSAPI.DLL
0x00007ffe07780000 - 0x00007ffe07789000 	C:\WINDOWS\SYSTEM32\WSOCK32.dll
0x00007ffe1ae80000 - 0x00007ffe1aeec000 	C:\WINDOWS\System32\WS2_32.dll
0x00007ffe15e10000 - 0x00007ffe15e33000 	C:\WINDOWS\SYSTEM32\WINMM.dll
0x00007ffe0af40000 - 0x00007ffe0af4a000 	C:\WINDOWS\SYSTEM32\VERSION.dll
0x00007ffe15de0000 - 0x00007ffe15e0a000 	C:\WINDOWS\SYSTEM32\WINMMBASE.dll
0x00007ffe18ee0000 - 0x00007ffe18f29000 	C:\WINDOWS\System32\cfgmgr32.dll
0x00007ffe141d0000 - 0x00007ffe141df000 	C:\Program Files (x86)\Java\jdk1.8.0_201\jre\bin\verify.dll
0x00007ffe05e10000 - 0x00007ffe05e39000 	C:\Program Files (x86)\Java\jdk1.8.0_201\jre\bin\java.dll
0x00007ffe12a70000 - 0x00007ffe12aa5000 	C:\Program Files (x86)\Java\jdk1.8.0_201\jre\bin\jdwp.dll
0x00007ffe141f0000 - 0x00007ffe141f8000 	C:\Program Files (x86)\Java\jdk1.8.0_201\jre\bin\npt.dll
0x00007ffe09350000 - 0x00007ffe09373000 	C:\Program Files (x86)\Java\jdk1.8.0_201\jre\bin\instrument.dll
0x00007ffe05eb0000 - 0x00007ffe05ec6000 	C:\Program Files (x86)\Java\jdk1.8.0_201\jre\bin\zip.dll
0x00007ffe19850000 - 0x00007ffe1ac92000 	C:\WINDOWS\System32\SHELL32.dll
0x00007ffe1af90000 - 0x00007ffe1b039000 	C:\WINDOWS\System32\shcore.dll
0x00007ffe17fc0000 - 0x00007ffe186ce000 	C:\WINDOWS\System32\windows.storage.dll
0x00007ffe17e10000 - 0x00007ffe17e21000 	C:\WINDOWS\System32\kernel.appcore.dll
0x00007ffe17e50000 - 0x00007ffe17e6f000 	C:\WINDOWS\System32\profapi.dll
0x00007ffe17db0000 - 0x00007ffe17dfc000 	C:\WINDOWS\System32\powrprof.dll
0x00007ffe17e00000 - 0x00007ffe17e0a000 	C:\WINDOWS\System32\FLTLIB.DLL
0x00007ffe141e0000 - 0x00007ffe141e9000 	C:\Program Files (x86)\Java\jdk1.8.0_201\jre\bin\dt_socket.dll
0x00007ffe175d0000 - 0x00007ffe17636000 	C:\WINDOWS\system32\mswsock.dll
0x00007ffe17780000 - 0x00007ffe17797000 	C:\WINDOWS\SYSTEM32\CRYPTSP.dll
0x00007ffe17180000 - 0x00007ffe171b3000 	C:\WINDOWS\system32\rsaenh.dll
0x00007ffe17910000 - 0x00007ffe17935000 	C:\WINDOWS\SYSTEM32\bcrypt.dll
0x00007ffe17ce0000 - 0x00007ffe17d08000 	C:\WINDOWS\SYSTEM32\USERENV.dll
0x00007ffe177a0000 - 0x00007ffe177ab000 	C:\WINDOWS\SYSTEM32\CRYPTBASE.dll
0x00007ffe05980000 - 0x00007ffe0599a000 	C:\Program Files (x86)\Java\jdk1.8.0_201\jre\bin\net.dll
0x00007ffe0bbf0000 - 0x00007ffe0bdba000 	C:\WINDOWS\SYSTEM32\urlmon.dll
0x00007ffe0c6c0000 - 0x00007ffe0c967000 	C:\WINDOWS\SYSTEM32\iertutil.dll
0x00007ffe17320000 - 0x00007ffe17358000 	C:\WINDOWS\SYSTEM32\IPHLPAPI.DLL
0x00007ffe1b220000 - 0x00007ffe1b228000 	C:\WINDOWS\System32\NSI.dll
0x00007ffe11e40000 - 0x00007ffe11e56000 	C:\WINDOWS\SYSTEM32\dhcpcsvc6.DLL
0x00007ffe11c50000 - 0x00007ffe11c6a000 	C:\WINDOWS\SYSTEM32\dhcpcsvc.DLL
0x00007ffe05720000 - 0x00007ffe05731000 	C:\Program Files (x86)\Java\jdk1.8.0_201\jre\bin\nio.dll
0x00007ffe17360000 - 0x00007ffe1741e000 	C:\WINDOWS\SYSTEM32\DNSAPI.dll
0x00007ffe0c310000 - 0x00007ffe0c31a000 	C:\Windows\System32\rasadhlp.dll
0x00007ffe12f60000 - 0x00007ffe12fd2000 	C:\WINDOWS\System32\fwpuclnt.dll
0x00007ffe12ac0000 - 0x00007ffe12acd000 	C:\Program Files (x86)\Java\jdk1.8.0_201\jre\bin\management.dll
0x00007ffe09470000 - 0x00007ffe09486000 	C:\WINDOWS\system32\napinsp.dll
0x00007ffe093c0000 - 0x00007ffe093da000 	C:\WINDOWS\system32\pnrpnsp.dll
0x00007ffe153b0000 - 0x00007ffe153c9000 	C:\WINDOWS\system32\NLAapi.dll
0x00007ffe095c0000 - 0x00007ffe095ce000 	C:\WINDOWS\System32\winrnr.dll
0x00007ffe0c970000 - 0x00007ffe0c985000 	C:\WINDOWS\System32\wshbth.dll
0x00007ffdb0b10000 - 0x00007ffdb1988000 	C:\Users\chra0001\AppData\Local\Temp\mapr-chra0001-MapRClient.unknown.dll
0x00007ffe17cb0000 - 0x00007ffe17ce0000 	C:\WINDOWS\SYSTEM32\SspiCli.dll
0x00007ffe095f0000 - 0x00007ffe095f8000 	C:\Program Files (x86)\Java\jdk1.8.0_201\jre\bin\jaas_nt.dll
0x00007ffe07f20000 - 0x00007ffe07f44000 	C:\Program Files (x86)\Java\jdk1.8.0_201\jre\bin\sunec.dll
0x00007ffe09520000 - 0x00007ffe0952b000 	C:\Program Files (x86)\Java\jdk1.8.0_201\jre\bin\sunmscapi.dll
0x00007ffe0ee60000 - 0x00007ffe0f029000 	C:\WINDOWS\SYSTEM32\dbghelp.dll

VM Arguments:
jvm_args: -agentlib:jdwp=transport=dt_socket,address=127.0.0.1:64221,suspend=y,server=n -XX:TieredStopAtLevel=1 -Xverify:none -Dspring.output.ansi.enabled=always -Dcom.sun.management.jmxremote -Dspring.liveBeansView.mbeanDomain -Dspring.application.admin.enabled=true -javaagent:C:\Users\chra0001\.IntelliJIdea2018.3\system\captureAgent\debugger-agent.jar -Dfile.encoding=UTF-8 
java_command: com.synchronoss.saw.SipAlertServiceApplication
java_class_path (initial): C:\Program Files (x86)\Java\jdk1.8.0_201\jre\lib\charsets.jar;C:\Program Files (x86)\Java\jdk1.8.0_201\jre\lib\deploy.jar;C:\Program Files (x86)\Java\jdk1.8.0_201\jre\lib\ext\access-bridge-64.jar;C:\Program Files (x86)\Java\jdk1.8.0_201\jre\lib\ext\cldrdata.jar;C:\Program Files (x86)\Java\jdk1.8.0_201\jre\lib\ext\dnsns.jar;C:\Program Files (x86)\Java\jdk1.8.0_201\jre\lib\ext\jaccess.jar;C:\Program Files (x86)\Java\jdk1.8.0_201\jre\lib\ext\jfxrt.jar;C:\Program Files (x86)\Java\jdk1.8.0_201\jre\lib\ext\localedata.jar;C:\Program Files (x86)\Java\jdk1.8.0_201\jre\lib\ext\nashorn.jar;C:\Program Files (x86)\Java\jdk1.8.0_201\jre\lib\ext\sunec.jar;C:\Program Files (x86)\Java\jdk1.8.0_201\jre\lib\ext\sunjce_provider.jar;C:\Program Files (x86)\Java\jdk1.8.0_201\jre\lib\ext\sunmscapi.jar;C:\Program Files (x86)\Java\jdk1.8.0_201\jre\lib\ext\sunpkcs11.jar;C:\Program Files (x86)\Java\jdk1.8.0_201\jre\lib\ext\zipfs.jar;C:\Program Files (x86)\Java\jdk1.8.0_201\jre\lib\javaws.jar;C:\Program Files (x86)\Java\jdk1.8.0_201\jre\lib\jce.jar;C:\Program Files (x86)\Java\jdk1.8.0_201\jre\lib\jfr.jar;C:\Program Files (x86)\Java\jdk1.8.0_201\jre\lib\jfxswt.jar;C:\Program Files (x86)\Java\jdk1.8.0_201\jre\lib\jsse.jar;C:\Program Files (x86)\Java\jdk1.8.0_201\jre\lib\management-agent.jar;C:\Program Files (x86)\Java\jdk1.8.0_201\jre\lib\plugin.jar;C:\Program Files (x86)\Java\jdk1.8.0_201\jre\lib\resources.jar;C:\Program Files (x86)\Java\jdk1.8.0_201\jre\lib\rt.jar;C:\Workspace\BDA\alerts\sip\sip-services\sip-alert-service\target\classes;C:\Users\chra0001\.m2\repository\org\springframework\boot\spring-boot-starter-web\2.1.3.RELEASE\spring-boot-starter-web-2.1.3.RELEASE.jar;C:\Users\chra0001\.m2\repository\org\springframework\boot\spring-boot-starter\2.1.3.RELEASE\spring-boot-starter-2.1.3.RELEASE.jar;C:\Users\chra0001\.m2\repository\org\springframework\boot\spring-boot\2.1.3.RELEASE\spring-boot-2.1.3.RELEASE.jar;C:\Users\chra0001\.m2\repository\org\springframework\bo
Launcher Type: SUN_STANDARD

Environment Variables:
JAVA_HOME=C:\Program Files\Java\jdk1.8.0_201
PATH=C:\ProgramData\Oracle\Java\javapath;C:\WINDOWS\system32;C:\WINDOWS;C:\WINDOWS\System32\Wbem;C:\WINDOWS\System32\WindowsPowerShell\v1.0\;C:\WINDOWS\System32\OpenSSH\;%JAVA_HOME%\bin;C:\Softwares\apache-maven-3.6.0-bin\apache-maven-3.6.0\bin;C:\Program Files (x86)\PuTTY\;C:\Program Files\TortoiseGit\bin;C:\Program Files\nodejs\;C:\Program Files\Git\cmd;C:\Users\chra0001\AppData\Local\JSONBuddy;C:\Users\chra0001\AppData\Local\Microsoft\WindowsApps;C:\Users\chra0001\AppData\Roaming\npm
USERNAME=chra0001
OS=Windows_NT
PROCESSOR_IDENTIFIER=Intel64 Family 6 Model 78 Stepping 3, GenuineIntel



---------------  S Y S T E M  ---------------

OS: Windows 10.0 , 64 bit Build 17134 (10.0.17134.753)

CPU:total 4 (initial active 4) (2 cores per cpu, 2 threads per core) family 6 model 78 stepping 3, cmov, cx8, fxsr, mmx, sse, sse2, sse3, ssse3, sse4.1, sse4.2, popcnt, avx, avx2, aes, clmul, erms, rtm, 3dnowpref, lzcnt, ht, tsc, tscinvbit, bmi1, bmi2, adx

Memory: 4k page, physical 16433232k(5074124k free), swap 39501904k(20551584k free)

vm_info: Java HotSpot(TM) 64-Bit Server VM (25.201-b09) for windows-amd64 JRE (1.8.0_201-b09), built on Dec 15 2018 18:36:39 by "java_re" with MS VC++ 10.0 (VS2010)

time: Fri Oct 11 13:26:29 2019
timezone: India Standard Time
elapsed time: 168 seconds (0d 0h 2m 48s)

