#
# A fatal error has been detected by the Java Runtime Environment:
#
#  EXCEPTION_UNCAUGHT_CXX_EXCEPTION (0xe06d7363) at pc=0x00007ffe1890a388, pid=18628, tid=0x0000000000004d68
#
# JRE version: Java(TM) SE Runtime Environment (8.0_201-b09) (build 1.8.0_201-b09)
# Java VM: Java HotSpot(TM) 64-Bit Server VM (25.201-b09 mixed mode windows-amd64 compressed oops)
# Problematic frame:
# C  [KERNELBASE.dll+0x3a388]
#
# Failed to write core dump. Minidumps are not enabled by default on client versions of Windows
#
# If you would like to submit a bug report, please visit:
#   http://bugreport.java.com/bugreport/crash.jsp
# The crash happened outside the Java Virtual Machine in native code.
# See problematic frame for where to report the bug.
#

---------------  T H R E A D  ---------------

Current thread (0x0000000021c9a000):  JavaThread "Thread-21" [_thread_in_native, id=19816, stack(0x0000000024920000,0x0000000024a20000)]

siginfo: ExceptionCode=0xe06d7363, ExceptionInformation=0x0000000019930520 0x0000000024a1da60 0x00007ffdb16fc320 0x00007ffdb0b10000 

Registers:
RAX=0x0000000072799490, RBX=0x0000000024a1da60, RCX=0x0000000021c9a000, RDX=0x0000000000000020
RSP=0x0000000024a1d8f0, RBP=0x0000000024a1da30, RSI=0x0000000000000000, RDI=0x00007ffdb16fc320
R8 =0x0000000000000000, R9 =0x0000000003000000, R10=0x00007ffe1bac922b, R11=0x0000000000000040
R12=0x0000000022f198a0, R13=0xffffffffffffffff, R14=0x00007ffdb1372910, R15=0x0000000024a1de70
RIP=0x00007ffe1890a388, EFLAGS=0x0000000000000202

Top of Stack: (sp=0x0000000024a1d8f0)
0x0000000024a1d8f0:   00000006c54d56a8 0000000024a1da60
0x0000000024a1d900:   0000000000000000 00007ffdb16fc320
0x0000000024a1d910:   00000001e06d7363 0000000000000000
0x0000000024a1d920:   00007ffe1890a388 0000000000000004
0x0000000024a1d930:   0000000019930520 0000000024a1da60
0x0000000024a1d940:   00007ffdb16fc320 00007ffdb0b10000
0x0000000024a1d950:   00007ffdb1372910 0000000022f198a0
0x0000000024a1d960:   00007ffdb16fc320 0000000000000000
0x0000000024a1d970:   0000000024a1da30 00007ffe1bac0f6f
0x0000000024a1d980:   0000000024a1da40 0000000000000000
0x0000000024a1d990:   000000000000001c 000000000000001b
0x0000000024a1d9a0:   00007ffdb18c8000 00007ffdb0b10000
0x0000000024a1d9b0:   000063db7c20b72d 000000000000001c
0x0000000024a1d9c0:   0000000024a1da60 00007ffdb13f6fe5
0x0000000024a1d9d0:   00007ffdb1490b98 00007ffdb13f4bfe
0x0000000024a1d9e0:   00007ffdb1490b98 000000000000001b 

Instructions: (pc=0x00007ffe1890a388)
0x00007ffe1890a368:   49 8b d1 44 0f 47 c0 44 89 44 24 38 49 c1 e0 03
0x00007ffe1890a378:   e8 0a 47 04 00 48 8d 4c 24 20 ff 15 f0 82 14 00
0x00007ffe1890a388:   48 8b 8c 24 c0 00 00 00 48 33 cc e8 58 06 04 00
0x00007ffe1890a398:   48 81 c4 d8 00 00 00 c3 83 64 24 38 00 eb d6 cc 


Register to memory mapping:

RAX=0x0000000072799490 is an unknown value
RBX=0x0000000024a1da60 is pointing into the stack for thread: 0x0000000021c9a000
RCX=0x0000000021c9a000 is a thread
RDX=0x0000000000000020 is an unknown value
RSP=0x0000000024a1d8f0 is pointing into the stack for thread: 0x0000000021c9a000
RBP=0x0000000024a1da30 is pointing into the stack for thread: 0x0000000021c9a000
RSI=0x0000000000000000 is an unknown value
RDI=0x00007ffdb16fc320 is an unknown value
R8 =0x0000000000000000 is an unknown value
R9 =0x0000000003000000 is an unknown value
R10=0x00007ffe1bac922b is an unknown value
R11=0x0000000000000040 is an unknown value
R12=0x0000000022f198a0 is an unknown value
R13=0xffffffffffffffff is an unknown value
R14=0x00007ffdb1372910 is an unknown value
R15=0x0000000024a1de70 is pointing into the stack for thread: 0x0000000021c9a000


Stack: [0x0000000024920000,0x0000000024a20000],  sp=0x0000000024a1d8f0,  free space=1014k
Native frames: (J=compiled Java code, j=interpreted, Vv=VM code, C=native code)
C  [KERNELBASE.dll+0x3a388]
C  [mapr-chra0001-MapRClient.unknown.dll+0x8e6fe5]
C  [mapr-chra0001-MapRClient.unknown.dll+0x8e1e9d]
C  [mapr-chra0001-MapRClient.unknown.dll+0x23a669]
C  [mapr-chra0001-MapRClient.unknown.dll+0x2c8560]
C  [mapr-chra0001-MapRClient.unknown.dll+0x8654bf]
C  [mapr-chra0001-MapRClient.unknown.dll+0x8666dd]
C  [mapr-chra0001-MapRClient.unknown.dll+0x898278]
C  [mapr-chra0001-MapRClient.unknown.dll+0x89999b]
C  [mapr-chra0001-MapRClient.unknown.dll+0x8b123a]
C  0x0000000003328c67

Java frames: (J=compiled Java code, j=interpreted, Vv=VM code)
j  com.mapr.fs.jni.MarlinJniListener.OpenListener(Ljava/lang/String;Ljava/lang/String;IZZJLcom/mapr/fs/jni/MarlinJniListener$MarlinCommitCallbackWrapper;JIIIILjava/lang/String;Ljava/lang/String;JZLcom/mapr/fs/jni/MapRUserInfo;II)J+0
j  com.mapr.streams.impl.listener.MarlinListenerImplV10.createJniListener(Lorg/apache/kafka/clients/consumer/ConsumerConfig;ZLcom/mapr/fs/jni/MapRUserInfo;Lcom/mapr/fs/proto/Dbserver$CDCOpenFormatType;)V+167
j  com.mapr.streams.impl.listener.MarlinListenerImpl.<init>(Lorg/apache/kafka/clients/consumer/ConsumerConfig;Lorg/apache/kafka/clients/consumer/internals/ConsumerInterceptors;Lcom/mapr/fs/proto/Dbserver$CDCOpenFormatType;)V+220
j  com.mapr.streams.impl.listener.MarlinListenerImplV10.<init>(Lorg/apache/kafka/clients/consumer/ConsumerConfig;Lorg/apache/kafka/clients/consumer/internals/ConsumerInterceptors;Lcom/mapr/fs/proto/Dbserver$CDCOpenFormatType;)V+4
j  com.mapr.streams.impl.listener.MarlinListenerV10.<init>(Lorg/apache/kafka/clients/consumer/ConsumerConfig;Lorg/apache/kafka/common/serialization/Deserializer;Lorg/apache/kafka/common/serialization/Deserializer;Lorg/apache/kafka/clients/consumer/internals/ConsumerInterceptors;)V+15
v  ~StubRoutines::call_stub
J 1342  sun.reflect.NativeConstructorAccessorImpl.newInstance0(Ljava/lang/reflect/Constructor;[Ljava/lang/Object;)Ljava/lang/Object; (0 bytes) @ 0x000000000362cea6 [0x000000000362ce40+0x66]
J 1341 C1 sun.reflect.NativeConstructorAccessorImpl.newInstance([Ljava/lang/Object;)Ljava/lang/Object; (89 bytes) @ 0x000000000362d5e4 [0x000000000362d260+0x384]
J 1309 C1 sun.reflect.DelegatingConstructorAccessorImpl.newInstance([Ljava/lang/Object;)Ljava/lang/Object; (9 bytes) @ 0x0000000003620064 [0x0000000003620020+0x44]
J 1295 C1 java.lang.reflect.Constructor.newInstance([Ljava/lang/Object;)Ljava/lang/Object; (87 bytes) @ 0x000000000361cb24 [0x000000000361ca00+0x124]
j  org.apache.kafka.clients.mapr.GenericHFactory.getImplementorInstance(Ljava/lang/String;[Ljava/lang/Object;[Ljava/lang/Class;)Ljava/lang/Object;+183
j  org.apache.kafka.clients.consumer.KafkaConsumer.initializeConsumer(Ljava/lang/String;)V+252
j  org.apache.kafka.clients.consumer.KafkaConsumer.subscribe(Ljava/util/Collection;Lorg/apache/kafka/clients/consumer/ConsumerRebalanceListener;)V+43
j  org.apache.kafka.clients.consumer.KafkaConsumer.subscribe(Ljava/util/List;Lorg/apache/kafka/clients/consumer/ConsumerRebalanceListener;)V+3
j  org.apache.kafka.clients.consumer.KafkaConsumer.subscribe(Ljava/util/List;)V+9
j  com.synchronoss.saw.alert.service.evaluator.EvaluatorListenerImpl.runStreamConsumer()V+98
j  com.synchronoss.saw.SipAlertServiceApplication.lambda$main$0(Lorg/springframework/context/ConfigurableApplicationContext;)V+13
j  com.synchronoss.saw.SipAlertServiceApplication$$Lambda$554.run()V+4
j  java.lang.Thread.run()V+11
v  ~StubRoutines::call_stub

---------------  P R O C E S S  ---------------

Java Threads: ( => current thread )
  0x0000000021c99000 JavaThread "RMI TCP Connection(idle)" daemon [_thread_blocked, id=18516, stack(0x0000000027530000,0x0000000027630000)]
  0x0000000021c95800 JavaThread "DestroyJavaVM" [_thread_blocked, id=20140, stack(0x0000000003010000,0x0000000003110000)]
=>0x0000000021c9a000 JavaThread "Thread-21" [_thread_in_native, id=19816, stack(0x0000000024920000,0x0000000024a20000)]
  0x0000000021c98800 JavaThread "http-nio-127.0.0.1-9625-Acceptor-0" daemon [_thread_in_native, id=13884, stack(0x0000000024820000,0x0000000024920000)]
  0x0000000021c94800 JavaThread "http-nio-127.0.0.1-9625-ClientPoller-1" daemon [_thread_in_native, id=19932, stack(0x0000000024720000,0x0000000024820000)]
  0x0000000021c92800 JavaThread "http-nio-127.0.0.1-9625-ClientPoller-0" daemon [_thread_in_native, id=20352, stack(0x0000000024620000,0x0000000024720000)]
  0x0000000021c97000 JavaThread "http-nio-127.0.0.1-9625-exec-10" daemon [_thread_blocked, id=116, stack(0x0000000024520000,0x0000000024620000)]
  0x0000000021c96000 JavaThread "http-nio-127.0.0.1-9625-exec-9" daemon [_thread_blocked, id=15180, stack(0x0000000024420000,0x0000000024520000)]
  0x0000000021c93000 JavaThread "http-nio-127.0.0.1-9625-exec-8" daemon [_thread_blocked, id=20300, stack(0x0000000024320000,0x0000000024420000)]
  0x0000000021c94000 JavaThread "http-nio-127.0.0.1-9625-exec-7" daemon [_thread_blocked, id=14436, stack(0x0000000024220000,0x0000000024320000)]
  0x0000000021c97800 JavaThread "http-nio-127.0.0.1-9625-exec-6" daemon [_thread_blocked, id=6748, stack(0x0000000024120000,0x0000000024220000)]
  0x00000000217ef000 JavaThread "http-nio-127.0.0.1-9625-exec-5" daemon [_thread_blocked, id=17432, stack(0x0000000024020000,0x0000000024120000)]
  0x00000000217f6000 JavaThread "http-nio-127.0.0.1-9625-exec-4" daemon [_thread_blocked, id=15796, stack(0x0000000023f20000,0x0000000024020000)]
  0x00000000217f3800 JavaThread "http-nio-127.0.0.1-9625-exec-3" daemon [_thread_blocked, id=13596, stack(0x0000000023e20000,0x0000000023f20000)]
  0x00000000217f2000 JavaThread "http-nio-127.0.0.1-9625-exec-2" daemon [_thread_blocked, id=19024, stack(0x0000000023d20000,0x0000000023e20000)]
  0x00000000217f5000 JavaThread "http-nio-127.0.0.1-9625-exec-1" daemon [_thread_blocked, id=10100, stack(0x0000000023c20000,0x0000000023d20000)]
  0x00000000217f4800 JavaThread "NioBlockingSelector.BlockPoller-1" daemon [_thread_in_native, id=19796, stack(0x0000000023b20000,0x0000000023c20000)]
  0x00000000217f0800 JavaThread "container-0" [_thread_blocked, id=11972, stack(0x0000000023120000,0x0000000023220000)]
  0x00000000217f3000 JavaThread "Catalina-utility-2" [_thread_blocked, id=16736, stack(0x0000000023020000,0x0000000023120000)]
  0x00000000217f1800 JavaThread "Catalina-utility-1" [_thread_blocked, id=1192, stack(0x0000000022f20000,0x0000000023020000)]
  0x000000002179e800 JavaThread "SimplePauseDetectorThread_0" daemon [_thread_blocked, id=19464, stack(0x0000000022d20000,0x0000000022e20000)]
  0x000000002179d800 JavaThread "Thread-10" daemon [_thread_blocked, id=16488, stack(0x0000000022c20000,0x0000000022d20000)]
  0x000000001fbab800 JavaThread "RMI Scheduler(0)" daemon [_thread_blocked, id=15876, stack(0x0000000021250000,0x0000000021350000)]
  0x000000001eec9000 JavaThread "RMI TCP Accept-0" daemon [_thread_in_native, id=7760, stack(0x000000001fe10000,0x000000001ff10000)]
  0x000000001e93e000 JavaThread "Service Thread" daemon [_thread_blocked, id=19752, stack(0x000000001fd10000,0x000000001fe10000)]
  0x000000001ec60800 JavaThread "C1 CompilerThread2" daemon [_thread_blocked, id=17600, stack(0x000000001fc10000,0x000000001fd10000)]
  0x000000001e8fa000 JavaThread "C2 CompilerThread1" daemon [_thread_blocked, id=19592, stack(0x000000001eb40000,0x000000001ec40000)]
  0x000000001e8f9000 JavaThread "C2 CompilerThread0" daemon [_thread_blocked, id=2512, stack(0x000000001ea40000,0x000000001eb40000)]
  0x000000001e8f7800 JavaThread "Monitor Ctrl-Break" daemon [_thread_in_native, id=216, stack(0x000000001e940000,0x000000001ea40000)]
  0x000000001c6ef800 JavaThread "Attach Listener" daemon [_thread_blocked, id=14208, stack(0x000000001dc40000,0x000000001dd40000)]
  0x000000001c6ee800 JavaThread "Signal Dispatcher" daemon [_thread_blocked, id=19544, stack(0x000000001db40000,0x000000001dc40000)]
  0x000000001c6d6800 JavaThread "Finalizer" daemon [_thread_blocked, id=3136, stack(0x000000001d950000,0x000000001da50000)]
  0x000000000320e000 JavaThread "Reference Handler" daemon [_thread_blocked, id=5276, stack(0x000000001d850000,0x000000001d950000)]

Other Threads:
  0x000000001c6a9000 VMThread [stack: 0x000000001d750000,0x000000001d850000] [id=15648]
  0x000000001eed2800 WatcherThread [stack: 0x000000001ff10000,0x0000000020010000] [id=2448]

VM state:not at safepoint (normal execution)

VM Mutex/Monitor currently owned by a thread: None

heap address: 0x00000006c5200000, size: 4014 MB, Compressed Oops mode: Zero based, Oop shift amount: 3
Narrow klass base: 0x0000000000000000, Narrow klass shift: 3
Compressed class space size: 1073741824 Address: 0x00000007c0000000

Heap:
 PSYoungGen      total 257536K, used 110340K [0x000000076c600000, 0x000000077f700000, 0x00000007c0000000)
  eden space 245248K, 40% used [0x000000076c600000,0x0000000772601788,0x000000077b580000)
  from space 12288K, 97% used [0x000000077eb00000,0x000000077f6bfbb8,0x000000077f700000)
  to   space 18432K, 0% used [0x000000077d300000,0x000000077d300000,0x000000077e500000)
 ParOldGen       total 157184K, used 22926K [0x00000006c5200000, 0x00000006ceb80000, 0x000000076c600000)
  object space 157184K, 14% used [0x00000006c5200000,0x00000006c6863b20,0x00000006ceb80000)
 Metaspace       used 46124K, capacity 48642K, committed 48808K, reserved 1091584K
  class space    used 6339K, capacity 6791K, committed 6824K, reserved 1048576K

Card table byte_map: [0x00000000126d0000,0x0000000012eb0000] byte_map_base: 0x000000000f0a7000

Marking Bits: (ParMarkBitMap*) 0x00000000727a4ce0
 Begin Bits: [0x00000000137f0000, 0x00000000176a8000)
 End Bits:   [0x00000000176a8000, 0x000000001b560000)

Polling page: 0x00000000029f0000

CodeCache: size=245760Kb used=10551Kb max_used=10551Kb free=235208Kb
 bounds [0x0000000003310000, 0x0000000003d60000, 0x0000000012310000]
 total_blobs=5905 nmethods=5315 adapters=502
 compilation: enabled

Compilation events (10 events):
Event: 160.924 Thread 0x000000001ec60800 5387       1       java.util.concurrent.atomic.AtomicLong::set (6 bytes)
Event: 160.924 Thread 0x000000001ec60800 nmethod 5387 0x0000000003d5cc50 code [0x0000000003d5cda0, 0x0000000003d5ced0]
Event: 161.927 Thread 0x000000001ec60800 5388       1       org.apache.tomcat.util.net.NioEndpoint::access$300 (5 bytes)
Event: 161.928 Thread 0x000000001ec60800 nmethod 5388 0x0000000003d5cf10 code [0x0000000003d5d060, 0x0000000003d5d150]
Event: 164.152 Thread 0x000000001ec60800 5389       1       java.util.Calendar::getBaseStyle (5 bytes)
Event: 164.152 Thread 0x000000001ec60800 nmethod 5389 0x0000000003d5d1d0 code [0x0000000003d5d320, 0x0000000003d5d430]
Event: 164.152 Thread 0x000000001ec60800 5390       1       java.lang.StackTraceElement::getClassName (5 bytes)
Event: 164.152 Thread 0x000000001ec60800 nmethod 5390 0x0000000003d5d490 code [0x0000000003d5d5e0, 0x0000000003d5d6f0]
Event: 164.236 Thread 0x000000001ec60800 5391       1       org.apache.kafka.common.config.ConfigDef::parseValue (100 bytes)
Event: 164.238 Thread 0x000000001ec60800 nmethod 5391 0x0000000003d5e4d0 code [0x0000000003d5e6a0, 0x0000000003d5eb08]

GC Heap History (10 events):
Event: 10.163 GC heap before
{Heap before GC invocations=6 (full 1):
 PSYoungGen      total 113152K, used 112658K [0x000000076c600000, 0x0000000775580000, 0x00000007c0000000)
  eden space 105984K, 100% used [0x000000076c600000,0x0000000772d80000,0x0000000772d80000)
  from space 7168K, 93% used [0x0000000774e80000,0x0000000775504bb8,0x0000000775580000)
  to   space 10752K, 0% used [0x0000000774080000,0x0000000774080000,0x0000000774b00000)
 ParOldGen       total 95744K, used 8618K [0x00000006c5200000, 0x00000006caf80000, 0x000000076c600000)
  object space 95744K, 9% used [0x00000006c5200000,0x00000006c5a6a9c8,0x00000006caf80000)
 Metaspace       used 25468K, capacity 26444K, committed 26624K, reserved 1073152K
  class space    used 3482K, capacity 3715K, committed 3840K, reserved 1048576K
Event: 10.180 GC heap after
Heap after GC invocations=6 (full 1):
 PSYoungGen      total 136192K, used 10749K [0x000000076c600000, 0x0000000778680000, 0x00000007c0000000)
  eden space 125440K, 0% used [0x000000076c600000,0x000000076c600000,0x0000000774080000)
  from space 10752K, 99% used [0x0000000774080000,0x0000000774aff7b0,0x0000000774b00000)
  to   space 12288K, 0% used [0x0000000777a80000,0x0000000777a80000,0x0000000778680000)
 ParOldGen       total 95744K, used 9328K [0x00000006c5200000, 0x00000006caf80000, 0x000000076c600000)
  object space 95744K, 9% used [0x00000006c5200000,0x00000006c5b1c148,0x00000006caf80000)
 Metaspace       used 25468K, capacity 26444K, committed 26624K, reserved 1073152K
  class space    used 3482K, capacity 3715K, committed 3840K, reserved 1048576K
}
Event: 13.078 GC heap before
{Heap before GC invocations=7 (full 1):
 PSYoungGen      total 136192K, used 136189K [0x000000076c600000, 0x0000000778680000, 0x00000007c0000000)
  eden space 125440K, 100% used [0x000000076c600000,0x0000000774080000,0x0000000774080000)
  from space 10752K, 99% used [0x0000000774080000,0x0000000774aff7b0,0x0000000774b00000)
  to   space 12288K, 0% used [0x0000000777a80000,0x0000000777a80000,0x0000000778680000)
 ParOldGen       total 95744K, used 9328K [0x00000006c5200000, 0x00000006caf80000, 0x000000076c600000)
  object space 95744K, 9% used [0x00000006c5200000,0x00000006c5b1c148,0x00000006caf80000)
 Metaspace       used 32353K, capacity 33996K, committed 34304K, reserved 1079296K
  class space    used 4434K, capacity 4771K, committed 4864K, reserved 1048576K
Event: 13.115 GC heap after
Heap after GC invocations=7 (full 1):
 PSYoungGen      total 179200K, used 12286K [0x000000076c600000, 0x000000077af80000, 0x00000007c0000000)
  eden space 166912K, 0% used [0x000000076c600000,0x000000076c600000,0x0000000776900000)
  from space 12288K, 99% used [0x0000000777a80000,0x000000077867f9c0,0x0000000778680000)
  to   space 17920K, 0% used [0x0000000776900000,0x0000000776900000,0x0000000777a80000)
 ParOldGen       total 95744K, used 16982K [0x00000006c5200000, 0x00000006caf80000, 0x000000076c600000)
  object space 95744K, 17% used [0x00000006c5200000,0x00000006c6295ad0,0x00000006caf80000)
 Metaspace       used 32353K, capacity 33996K, committed 34304K, reserved 1079296K
  class space    used 4434K, capacity 4771K, committed 4864K, reserved 1048576K
}
Event: 13.976 GC heap before
{Heap before GC invocations=8 (full 1):
 PSYoungGen      total 179200K, used 60199K [0x000000076c600000, 0x000000077af80000, 0x00000007c0000000)
  eden space 166912K, 28% used [0x000000076c600000,0x000000076f4ca410,0x0000000776900000)
  from space 12288K, 99% used [0x0000000777a80000,0x000000077867f9c0,0x0000000778680000)
  to   space 17920K, 0% used [0x0000000776900000,0x0000000776900000,0x0000000777a80000)
 ParOldGen       total 95744K, used 16982K [0x00000006c5200000, 0x00000006caf80000, 0x000000076c600000)
  object space 95744K, 17% used [0x00000006c5200000,0x00000006c6295ad0,0x00000006caf80000)
 Metaspace       used 33671K, capacity 35468K, committed 35496K, reserved 1079296K
  class space    used 4638K, capacity 5005K, committed 5032K, reserved 1048576K
Event: 14.004 GC heap after
Heap after GC invocations=8 (full 1):
 PSYoungGen      total 184832K, used 14273K [0x000000076c600000, 0x000000077fd80000, 0x00000007c0000000)
  eden space 166912K, 0% used [0x000000076c600000,0x000000076c600000,0x0000000776900000)
  from space 17920K, 79% used [0x0000000776900000,0x00000007776f0770,0x0000000777a80000)
  to   space 18944K, 0% used [0x000000077eb00000,0x000000077eb00000,0x000000077fd80000)
 ParOldGen       total 95744K, used 16990K [0x00000006c5200000, 0x00000006caf80000, 0x000000076c600000)
  object space 95744K, 17% used [0x00000006c5200000,0x00000006c6297ad0,0x00000006caf80000)
 Metaspace       used 33671K, capacity 35468K, committed 35496K, reserved 1079296K
  class space    used 4638K, capacity 5005K, committed 5032K, reserved 1048576K
}
Event: 14.004 GC heap before
{Heap before GC invocations=9 (full 2):
 PSYoungGen      total 184832K, used 14273K [0x000000076c600000, 0x000000077fd80000, 0x00000007c0000000)
  eden space 166912K, 0% used [0x000000076c600000,0x000000076c600000,0x0000000776900000)
  from space 17920K, 79% used [0x0000000776900000,0x00000007776f0770,0x0000000777a80000)
  to   space 18944K, 0% used [0x000000077eb00000,0x000000077eb00000,0x000000077fd80000)
 ParOldGen       total 95744K, used 16990K [0x00000006c5200000, 0x00000006caf80000, 0x000000076c600000)
  object space 95744K, 17% used [0x00000006c5200000,0x00000006c6297ad0,0x00000006caf80000)
 Metaspace       used 33671K, capacity 35468K, committed 35496K, reserved 1079296K
  class space    used 4638K, capacity 5005K, committed 5032K, reserved 1048576K
Event: 14.172 GC heap after
Heap after GC invocations=9 (full 2):
 PSYoungGen      total 184832K, used 0K [0x000000076c600000, 0x000000077fd80000, 0x00000007c0000000)
  eden space 166912K, 0% used [0x000000076c600000,0x000000076c600000,0x0000000776900000)
  from space 17920K, 0% used [0x0000000776900000,0x0000000776900000,0x0000000777a80000)
  to   space 18944K, 0% used [0x000000077eb00000,0x000000077eb00000,0x000000077fd80000)
 ParOldGen       total 157184K, used 22918K [0x00000006c5200000, 0x00000006ceb80000, 0x000000076c600000)
  object space 157184K, 14% used [0x00000006c5200000,0x00000006c6861b20,0x00000006ceb80000)
 Metaspace       used 33671K, capacity 35468K, committed 35496K, reserved 1079296K
  class space    used 4638K, capacity 5005K, committed 5032K, reserved 1048576K
}
Event: 17.103 GC heap before
{Heap before GC invocations=10 (full 2):
 PSYoungGen      total 184832K, used 166912K [0x000000076c600000, 0x000000077fd80000, 0x00000007c0000000)
  eden space 166912K, 100% used [0x000000076c600000,0x0000000776900000,0x0000000776900000)
  from space 17920K, 0% used [0x0000000776900000,0x0000000776900000,0x0000000777a80000)
  to   space 18944K, 0% used [0x000000077eb00000,0x000000077eb00000,0x000000077fd80000)
 ParOldGen       total 157184K, used 22918K [0x00000006c5200000, 0x00000006ceb80000, 0x000000076c600000)
  object space 157184K, 14% used [0x00000006c5200000,0x00000006c6861b20,0x00000006ceb80000)
 Metaspace       used 40539K, capacity 42740K, committed 43048K, reserved 1085440K
  class space    used 5667K, capacity 6074K, committed 6184K, reserved 1048576K
Event: 17.122 GC heap after
Heap after GC invocations=10 (full 2):
 PSYoungGen      total 257536K, used 12030K [0x000000076c600000, 0x000000077f700000, 0x00000007c0000000)
  eden space 245248K, 0% used [0x000000076c600000,0x000000076c600000,0x000000077b580000)
  from space 12288K, 97% used [0x000000077eb00000,0x000000077f6bfbb8,0x000000077f700000)
  to   space 18432K, 0% used [0x000000077d300000,0x000000077d300000,0x000000077e500000)
 ParOldGen       total 157184K, used 22926K [0x00000006c5200000, 0x00000006ceb80000, 0x000000076c600000)
  object space 157184K, 14% used [0x00000006c5200000,0x00000006c6863b20,0x00000006ceb80000)
 Metaspace       used 40539K, capacity 42740K, committed 43048K, reserved 1085440K
  class space    used 5667K, capacity 6074K, committed 6184K, reserved 1048576K
}

Deoptimization events (0 events):
No events

Classes redefined (0 events):
No events

Internal exceptions (10 events):
Event: 32.621 Thread 0x0000000021c9a000 Exception <a 'java/lang/NoClassDefFoundError': com/mapr/fs/jni/JNIFileTierStatus> (0x00000007713b7978) thrown at [C:\re\workspace\8-2-build-windows-amd64-cygwin\jdk8u201\12322\hotspot\src\share\vm\classfile\systemDictionary.cpp, line 199]
Event: 46.650 Thread 0x0000000021c9a000 Exception <a 'java/lang/NoClassDefFoundError': com/mapr/fs/jni/JNIFileTierStatus> (0x00000007714e53e8) thrown at [C:\re\workspace\8-2-build-windows-amd64-cygwin\jdk8u201\12322\hotspot\src\share\vm\classfile\systemDictionary.cpp, line 199]
Event: 59.717 Thread 0x0000000021c9a000 Exception <a 'java/lang/NoClassDefFoundError': com/mapr/fs/jni/JNIFileTierStatus> (0x000000077160ee50) thrown at [C:\re\workspace\8-2-build-windows-amd64-cygwin\jdk8u201\12322\hotspot\src\share\vm\classfile\systemDictionary.cpp, line 199]
Event: 73.768 Thread 0x0000000021c9a000 Exception <a 'java/lang/NoClassDefFoundError': com/mapr/fs/jni/JNIFileTierStatus> (0x00000007717389f0) thrown at [C:\re\workspace\8-2-build-windows-amd64-cygwin\jdk8u201\12322\hotspot\src\share\vm\classfile\systemDictionary.cpp, line 199]
Event: 86.821 Thread 0x0000000021c9a000 Exception <a 'java/lang/NoClassDefFoundError': com/mapr/fs/jni/JNIFileTierStatus> (0x0000000771864aa0) thrown at [C:\re\workspace\8-2-build-windows-amd64-cygwin\jdk8u201\12322\hotspot\src\share\vm\classfile\systemDictionary.cpp, line 199]
Event: 100.887 Thread 0x0000000021c9a000 Exception <a 'java/lang/NoClassDefFoundError': com/mapr/fs/jni/JNIFileTierStatus> (0x00000007719901b0) thrown at [C:\re\workspace\8-2-build-windows-amd64-cygwin\jdk8u201\12322\hotspot\src\share\vm\classfile\systemDictionary.cpp, line 199]
Event: 114.934 Thread 0x0000000021c9a000 Exception <a 'java/lang/NoClassDefFoundError': com/mapr/fs/jni/JNIFileTierStatus> (0x0000000771aba2b0) thrown at [C:\re\workspace\8-2-build-windows-amd64-cygwin\jdk8u201\12322\hotspot\src\share\vm\classfile\systemDictionary.cpp, line 199]
Event: 128.973 Thread 0x0000000021c9a000 Exception <a 'java/lang/NoClassDefFoundError': com/mapr/fs/jni/JNIFileTierStatus> (0x0000000771be60d8) thrown at [C:\re\workspace\8-2-build-windows-amd64-cygwin\jdk8u201\12322\hotspot\src\share\vm\classfile\systemDictionary.cpp, line 199]
Event: 142.033 Thread 0x0000000021c9a000 Exception <a 'java/lang/NoClassDefFoundError': com/mapr/fs/jni/JNIFileTierStatus> (0x0000000771dc0220) thrown at [C:\re\workspace\8-2-build-windows-amd64-cygwin\jdk8u201\12322\hotspot\src\share\vm\classfile\systemDictionary.cpp, line 199]
Event: 156.115 Thread 0x0000000021c9a000 Exception <a 'java/lang/NoClassDefFoundError': com/mapr/fs/jni/JNIFileTierStatus> (0x0000000771eea320) thrown at [C:\re\workspace\8-2-build-windows-amd64-cygwin\jdk8u201\12322\hotspot\src\share\vm\classfile\systemDictionary.cpp, line 199]

Events (10 events):
Event: 164.298 loading class com/mapr/fs/proto/Marlincommon$MarlinTimestampType
Event: 164.298 loading class com/mapr/fs/proto/Marlincommon$MarlinTimestampType done
Event: 164.300 loading class com/mapr/fs/proto/Marlincommon$MarlinTimestampType$1
Event: 164.300 loading class com/mapr/fs/proto/Marlincommon$MarlinTimestampType$1 done
Event: 164.301 loading class com/mapr/fs/proto/Marlinserver$MarlinConfigDefaults
Event: 164.301 loading class com/mapr/fs/proto/Marlinserver$MarlinConfigDefaults done
Event: 164.303 loading class com/mapr/fs/proto/Marlinserver$MarlinConfigDefaultsOrBuilder
Event: 164.303 loading class com/mapr/fs/proto/Marlinserver$MarlinConfigDefaultsOrBuilder done
Event: 164.306 loading class com/mapr/fs/proto/Marlinserver$MarlinConfigDefaults$1
Event: 164.306 loading class com/mapr/fs/proto/Marlinserver$MarlinConfigDefaults$1 done


Dynamic libraries:
0x00007ff74b1a0000 - 0x00007ff74b1d7000 	C:\Program Files (x86)\Java\jdk1.8.0_201\bin\java.exe
0x00007ffe1bab0000 - 0x00007ffe1bc91000 	C:\WINDOWS\SYSTEM32\ntdll.dll
0x00007ffe19470000 - 0x00007ffe19521000 	C:\WINDOWS\System32\KERNEL32.DLL
0x00007ffe188d0000 - 0x00007ffe18b43000 	C:\WINDOWS\System32\KERNELBASE.dll
0x00007ffe1b820000 - 0x00007ffe1b8c1000 	C:\WINDOWS\System32\ADVAPI32.dll
0x00007ffe1aef0000 - 0x00007ffe1af8e000 	C:\WINDOWS\System32\msvcrt.dll
0x00007ffe1b8d0000 - 0x00007ffe1b92b000 	C:\WINDOWS\System32\sechost.dll
0x00007ffe1b950000 - 0x00007ffe1ba74000 	C:\WINDOWS\System32\RPCRT4.dll
0x00007ffe196c0000 - 0x00007ffe19850000 	C:\WINDOWS\System32\USER32.dll
0x00007ffe17e70000 - 0x00007ffe17e90000 	C:\WINDOWS\System32\win32u.dll
0x00007ffe19610000 - 0x00007ffe19638000 	C:\WINDOWS\System32\GDI32.dll
0x00007ffe186d0000 - 0x00007ffe18861000 	C:\WINDOWS\System32\gdi32full.dll
0x00007ffe18d40000 - 0x00007ffe18ddf000 	C:\WINDOWS\System32\msvcp_win.dll
0x00007ffe18de0000 - 0x00007ffe18ed8000 	C:\WINDOWS\System32\ucrtbase.dll
0x00007ffe16cb0000 - 0x00007ffe16f19000 	C:\WINDOWS\WinSxS\amd64_microsoft.windows.common-controls_6595b64144ccf1df_6.0.17134.1006_none_d3fbb8f77c940c3f\COMCTL32.dll
0x00007ffe18f30000 - 0x00007ffe19251000 	C:\WINDOWS\System32\combase.dll
0x00007ffe17f40000 - 0x00007ffe17fb9000 	C:\WINDOWS\System32\bcryptPrimitives.dll
0x00007ffe1b190000 - 0x00007ffe1b1bd000 	C:\WINDOWS\System32\IMM32.DLL
0x00007ffdfb4f0000 - 0x00007ffdfb5a1000 	C:\Program Files\McAfee\Endpoint Security\Threat Prevention\Ips\EpMPApi.dll
0x00007ffe18870000 - 0x00007ffe188c7000 	C:\WINDOWS\System32\WINTRUST.dll
0x00007ffe17e30000 - 0x00007ffe17e42000 	C:\WINDOWS\System32\MSASN1.dll
0x00007ffe18b50000 - 0x00007ffe18d32000 	C:\WINDOWS\System32\CRYPT32.dll
0x0000000073780000 - 0x000000007378c000 	C:\Program Files\McAfee\Endpoint Security\Threat Prevention\Ips\EpMPThe.dll
0x00007ffe14110000 - 0x00007ffe14146000 	C:\Program Files\McAfee\Endpoint Security\Threat Prevention\Ips\HIPHandlers64.dll
0x00007ffe1b130000 - 0x00007ffe1b181000 	C:\WINDOWS\System32\SHLWAPI.dll
0x0000000072830000 - 0x0000000072901000 	C:\Program Files (x86)\Java\jdk1.8.0_201\jre\bin\msvcr100.dll
0x0000000071f80000 - 0x0000000072824000 	C:\Program Files (x86)\Java\jdk1.8.0_201\jre\bin\server\jvm.dll
0x00007ffe19460000 - 0x00007ffe19468000 	C:\WINDOWS\System32\PSAPI.DLL
0x00007ffe07780000 - 0x00007ffe07789000 	C:\WINDOWS\SYSTEM32\WSOCK32.dll
0x00007ffe1ae80000 - 0x00007ffe1aeec000 	C:\WINDOWS\System32\WS2_32.dll
0x00007ffe0af40000 - 0x00007ffe0af4a000 	C:\WINDOWS\SYSTEM32\VERSION.dll
0x00007ffe15e10000 - 0x00007ffe15e33000 	C:\WINDOWS\SYSTEM32\WINMM.dll
0x00007ffe15de0000 - 0x00007ffe15e0a000 	C:\WINDOWS\SYSTEM32\winmmbase.dll
0x00007ffe18ee0000 - 0x00007ffe18f29000 	C:\WINDOWS\System32\cfgmgr32.dll
0x00007ffe141d0000 - 0x00007ffe141df000 	C:\Program Files (x86)\Java\jdk1.8.0_201\jre\bin\verify.dll
0x00007ffe05e10000 - 0x00007ffe05e39000 	C:\Program Files (x86)\Java\jdk1.8.0_201\jre\bin\java.dll
0x00007ffe05ee0000 - 0x00007ffe05f03000 	C:\Program Files (x86)\Java\jdk1.8.0_201\jre\bin\instrument.dll
0x00007ffe05eb0000 - 0x00007ffe05ec6000 	C:\Program Files (x86)\Java\jdk1.8.0_201\jre\bin\zip.dll
0x00007ffe19850000 - 0x00007ffe1ac92000 	C:\WINDOWS\System32\SHELL32.dll
0x00007ffe1af90000 - 0x00007ffe1b039000 	C:\WINDOWS\System32\shcore.dll
0x00007ffe17fc0000 - 0x00007ffe186ce000 	C:\WINDOWS\System32\windows.storage.dll
0x00007ffe17e10000 - 0x00007ffe17e21000 	C:\WINDOWS\System32\kernel.appcore.dll
0x00007ffe17e50000 - 0x00007ffe17e6f000 	C:\WINDOWS\System32\profapi.dll
0x00007ffe17db0000 - 0x00007ffe17dfc000 	C:\WINDOWS\System32\powrprof.dll
0x00007ffe17e00000 - 0x00007ffe17e0a000 	C:\WINDOWS\System32\FLTLIB.DLL
0x00007ffe06000000 - 0x00007ffe0601a000 	C:\Program Files\JetBrains\IntelliJ IDEA 2018.3.5\bin\breakgen64.dll
0x00007ffe05980000 - 0x00007ffe0599a000 	C:\Program Files (x86)\Java\jdk1.8.0_201\jre\bin\net.dll
0x00007ffe0bbf0000 - 0x00007ffe0bdba000 	C:\WINDOWS\SYSTEM32\urlmon.dll
0x00007ffe0c6c0000 - 0x00007ffe0c967000 	C:\WINDOWS\SYSTEM32\iertutil.dll
0x00007ffe177a0000 - 0x00007ffe177ab000 	C:\WINDOWS\SYSTEM32\CRYPTBASE.DLL
0x00007ffe175d0000 - 0x00007ffe17636000 	C:\WINDOWS\system32\mswsock.dll
0x00007ffe17360000 - 0x00007ffe1741e000 	C:\WINDOWS\SYSTEM32\DNSAPI.dll
0x00007ffe1b220000 - 0x00007ffe1b228000 	C:\WINDOWS\System32\NSI.dll
0x00007ffe17320000 - 0x00007ffe17358000 	C:\WINDOWS\SYSTEM32\IPHLPAPI.DLL
0x00007ffe0c310000 - 0x00007ffe0c31a000 	C:\Windows\System32\rasadhlp.dll
0x00007ffe12f60000 - 0x00007ffe12fd2000 	C:\WINDOWS\System32\fwpuclnt.dll
0x00007ffe17910000 - 0x00007ffe17935000 	C:\WINDOWS\SYSTEM32\bcrypt.dll
0x00007ffe12ac0000 - 0x00007ffe12acd000 	C:\Program Files (x86)\Java\jdk1.8.0_201\jre\bin\management.dll
0x00007ffe05720000 - 0x00007ffe05731000 	C:\Program Files (x86)\Java\jdk1.8.0_201\jre\bin\nio.dll
0x00007ffe17780000 - 0x00007ffe17797000 	C:\WINDOWS\SYSTEM32\CRYPTSP.dll
0x00007ffe17180000 - 0x00007ffe171b3000 	C:\WINDOWS\system32\rsaenh.dll
0x00007ffe17ce0000 - 0x00007ffe17d08000 	C:\WINDOWS\SYSTEM32\USERENV.dll
0x00007ffe11e40000 - 0x00007ffe11e56000 	C:\WINDOWS\SYSTEM32\dhcpcsvc6.DLL
0x00007ffe11c50000 - 0x00007ffe11c6a000 	C:\WINDOWS\SYSTEM32\dhcpcsvc.DLL
0x00007ffe09470000 - 0x00007ffe09486000 	C:\WINDOWS\system32\napinsp.dll
0x00007ffe093c0000 - 0x00007ffe093da000 	C:\WINDOWS\system32\pnrpnsp.dll
0x00007ffe153b0000 - 0x00007ffe153c9000 	C:\WINDOWS\system32\NLAapi.dll
0x00007ffe095c0000 - 0x00007ffe095ce000 	C:\WINDOWS\System32\winrnr.dll
0x00007ffe0c970000 - 0x00007ffe0c985000 	C:\WINDOWS\System32\wshbth.dll
0x00007ffdb0b10000 - 0x00007ffdb1988000 	C:\Users\chra0001\AppData\Local\Temp\mapr-chra0001-MapRClient.unknown.dll
0x00007ffe17cb0000 - 0x00007ffe17ce0000 	C:\WINDOWS\SYSTEM32\SspiCli.dll
0x00007ffe05ed0000 - 0x00007ffe05ed8000 	C:\Program Files (x86)\Java\jdk1.8.0_201\jre\bin\jaas_nt.dll
0x00007ffdfbcb0000 - 0x00007ffdfbcd4000 	C:\Program Files (x86)\Java\jdk1.8.0_201\jre\bin\sunec.dll
0x00007ffe05930000 - 0x00007ffe0593b000 	C:\Program Files (x86)\Java\jdk1.8.0_201\jre\bin\sunmscapi.dll
0x00007ffe0ee60000 - 0x00007ffe0f029000 	C:\WINDOWS\SYSTEM32\dbghelp.dll

VM Arguments:
jvm_args: -XX:TieredStopAtLevel=1 -Xverify:none -Dspring.output.ansi.enabled=always -Dcom.sun.management.jmxremote -Dspring.liveBeansView.mbeanDomain -Dspring.application.admin.enabled=true -javaagent:C:\Program Files\JetBrains\IntelliJ IDEA 2018.3.5\lib\idea_rt.jar=62422:C:\Program Files\JetBrains\IntelliJ IDEA 2018.3.5\bin -Dfile.encoding=UTF-8 
java_command: com.synchronoss.saw.SipAlertServiceApplication
java_class_path (initial): C:\Program Files (x86)\Java\jdk1.8.0_201\jre\lib\charsets.jar;C:\Program Files (x86)\Java\jdk1.8.0_201\jre\lib\deploy.jar;C:\Program Files (x86)\Java\jdk1.8.0_201\jre\lib\ext\access-bridge-64.jar;C:\Program Files (x86)\Java\jdk1.8.0_201\jre\lib\ext\cldrdata.jar;C:\Program Files (x86)\Java\jdk1.8.0_201\jre\lib\ext\dnsns.jar;C:\Program Files (x86)\Java\jdk1.8.0_201\jre\lib\ext\jaccess.jar;C:\Program Files (x86)\Java\jdk1.8.0_201\jre\lib\ext\jfxrt.jar;C:\Program Files (x86)\Java\jdk1.8.0_201\jre\lib\ext\localedata.jar;C:\Program Files (x86)\Java\jdk1.8.0_201\jre\lib\ext\nashorn.jar;C:\Program Files (x86)\Java\jdk1.8.0_201\jre\lib\ext\sunec.jar;C:\Program Files (x86)\Java\jdk1.8.0_201\jre\lib\ext\sunjce_provider.jar;C:\Program Files (x86)\Java\jdk1.8.0_201\jre\lib\ext\sunmscapi.jar;C:\Program Files (x86)\Java\jdk1.8.0_201\jre\lib\ext\sunpkcs11.jar;C:\Program Files (x86)\Java\jdk1.8.0_201\jre\lib\ext\zipfs.jar;C:\Program Files (x86)\Java\jdk1.8.0_201\jre\lib\javaws.jar;C:\Program Files (x86)\Java\jdk1.8.0_201\jre\lib\jce.jar;C:\Program Files (x86)\Java\jdk1.8.0_201\jre\lib\jfr.jar;C:\Program Files (x86)\Java\jdk1.8.0_201\jre\lib\jfxswt.jar;C:\Program Files (x86)\Java\jdk1.8.0_201\jre\lib\jsse.jar;C:\Program Files (x86)\Java\jdk1.8.0_201\jre\lib\management-agent.jar;C:\Program Files (x86)\Java\jdk1.8.0_201\jre\lib\plugin.jar;C:\Program Files (x86)\Java\jdk1.8.0_201\jre\lib\resources.jar;C:\Program Files (x86)\Java\jdk1.8.0_201\jre\lib\rt.jar;C:\Workspace\BDA\alerts\sip\sip-services\sip-alert-service\target\classes;C:\Users\chra0001\.m2\repository\org\springframework\boot\spring-boot-starter-web\2.1.3.RELEASE\spring-boot-starter-web-2.1.3.RELEASE.jar;C:\Users\chra0001\.m2\repository\org\springframework\boot\spring-boot-starter\2.1.3.RELEASE\spring-boot-starter-2.1.3.RELEASE.jar;C:\Users\chra0001\.m2\repository\org\springframework\boot\spring-boot\2.1.3.RELEASE\spring-boot-2.1.3.RELEASE.jar;C:\Users\chra0001\.m2\repository\org\springframework\bo
Launcher Type: SUN_STANDARD

Environment Variables:
JAVA_HOME=C:\Program Files\Java\jdk1.8.0_201
PATH=C:\ProgramData\Oracle\Java\javapath;C:\WINDOWS\system32;C:\WINDOWS;C:\WINDOWS\System32\Wbem;C:\WINDOWS\System32\WindowsPowerShell\v1.0\;C:\WINDOWS\System32\OpenSSH\;%JAVA_HOME%\bin;C:\Softwares\apache-maven-3.6.0-bin\apache-maven-3.6.0\bin;C:\Program Files (x86)\PuTTY\;C:\Program Files\TortoiseGit\bin;C:\Program Files\nodejs\;C:\Program Files\Git\cmd;C:\Users\chra0001\AppData\Local\JSONBuddy;C:\Users\chra0001\AppData\Local\Microsoft\WindowsApps;C:\Users\chra0001\AppData\Roaming\npm
USERNAME=chra0001
OS=Windows_NT
PROCESSOR_IDENTIFIER=Intel64 Family 6 Model 78 Stepping 3, GenuineIntel



---------------  S Y S T E M  ---------------

OS: Windows 10.0 , 64 bit Build 17134 (10.0.17134.753)

CPU:total 4 (initial active 4) (2 cores per cpu, 2 threads per core) family 6 model 78 stepping 3, cmov, cx8, fxsr, mmx, sse, sse2, sse3, ssse3, sse4.1, sse4.2, popcnt, avx, avx2, aes, clmul, erms, rtm, 3dnowpref, lzcnt, ht, tsc, tscinvbit, bmi1, bmi2, adx

Memory: 4k page, physical 16433232k(5301644k free), swap 39501904k(21288420k free)

vm_info: Java HotSpot(TM) 64-Bit Server VM (25.201-b09) for windows-amd64 JRE (1.8.0_201-b09), built on Dec 15 2018 18:36:39 by "java_re" with MS VC++ 10.0 (VS2010)

time: Fri Oct 11 13:00:33 2019
timezone: India Standard Time
elapsed time: 164 seconds (0d 0h 2m 44s)

