18/05/23 12:22:21 INFO SparkContext: Running Spark version 2.2.0
18/05/23 12:22:21 INFO SparkContext: Submitted application: sparklyr
18/05/23 12:22:21 INFO SecurityManager: Changing view acls to: aksg0001
18/05/23 12:22:21 INFO SecurityManager: Changing modify acls to: aksg0001
18/05/23 12:22:21 INFO SecurityManager: Changing view acls groups to: 
18/05/23 12:22:21 INFO SecurityManager: Changing modify acls groups to: 
18/05/23 12:22:21 INFO SecurityManager: SecurityManager: authentication disabled; ui acls disabled; users  with view permissions: Set(aksg0001); groups with view permissions: Set(); users  with modify permissions: Set(aksg0001); groups with modify permissions: Set()
18/05/23 12:22:21 INFO Utils: Successfully started service 'sparkDriver' on port 61710.
18/05/23 12:22:21 INFO SparkEnv: Registering MapOutputTracker
18/05/23 12:22:22 INFO SparkEnv: Registering BlockManagerMaster
18/05/23 12:22:22 INFO BlockManagerMasterEndpoint: Using org.apache.spark.storage.DefaultTopologyMapper for getting topology information
18/05/23 12:22:22 INFO BlockManagerMasterEndpoint: BlockManagerMasterEndpoint up
18/05/23 12:22:22 INFO DiskBlockManager: Created local directory at C:\Users\aksg0001\AppData\Local\Temp\blockmgr-b27c8072-6270-4b48-905f-03dd1e5580bd
18/05/23 12:22:22 INFO MemoryStore: MemoryStore started with capacity 366.3 MB
18/05/23 12:22:22 INFO SparkEnv: Registering OutputCommitCoordinator
18/05/23 12:22:22 INFO Utils: Successfully started service 'SparkUI' on port 4040.
18/05/23 12:22:22 INFO SparkUI: Bound SparkUI to 127.0.0.1, and started at http://127.0.0.1:4040
18/05/23 12:22:22 INFO SparkContext: Added JAR file:/C:/Users/aksg0001/Documents/R/win-library/3.4/sparklyr/java/sparklyr-2.2-2.11.jar at spark://127.0.0.1:61710/jars/sparklyr-2.2-2.11.jar with timestamp 1527058342504
18/05/23 12:22:22 INFO Executor: Starting executor ID driver on host localhost
18/05/23 12:22:22 INFO Utils: Successfully started service 'org.apache.spark.network.netty.NettyBlockTransferService' on port 61731.
18/05/23 12:22:22 INFO NettyBlockTransferService: Server created on 127.0.0.1:61731
18/05/23 12:22:22 INFO BlockManager: Using org.apache.spark.storage.RandomBlockReplicationPolicy for block replication policy
18/05/23 12:22:22 INFO BlockManagerMaster: Registering BlockManager BlockManagerId(driver, 127.0.0.1, 61731, None)
18/05/23 12:22:22 INFO BlockManagerMasterEndpoint: Registering block manager 127.0.0.1:61731 with 366.3 MB RAM, BlockManagerId(driver, 127.0.0.1, 61731, None)
18/05/23 12:22:22 INFO BlockManagerMaster: Registered BlockManager BlockManagerId(driver, 127.0.0.1, 61731, None)
18/05/23 12:22:22 INFO BlockManager: Initialized BlockManager: BlockManagerId(driver, 127.0.0.1, 61731, None)
18/05/23 12:22:23 WARN SparkContext: Using an existing SparkContext; some configuration may not take effect.
18/05/23 12:22:23 INFO SharedState: loading hive config file: file:/C:/Users/aksg0001/AppData/Local/spark/spark-2.2.0-bin-hadoop2.7/conf/hive-site.xml
18/05/23 12:22:23 INFO SharedState: Setting hive.metastore.warehouse.dir ('C:\Users\aksg0001\AppData\Local\spark\spark-2.2.0-bin-hadoop2.7\tmp\hive') to the value of spark.sql.warehouse.dir ('C:Usersaksg0001AppDataLocalsparkspark-2.2.0-bin-hadoop2.7	mphive').
18/05/23 12:22:23 INFO SharedState: Warehouse path is 'C:Usersaksg0001AppDataLocalsparkspark-2.2.0-bin-hadoop2.7	mphive'.
18/05/23 12:22:24 INFO HiveUtils: Initializing HiveMetastoreConnection version 1.2.1 using Spark classes.
18/05/23 12:22:25 INFO HiveMetaStore: 0: Opening raw store with implemenation class:org.apache.hadoop.hive.metastore.ObjectStore
18/05/23 12:22:25 INFO ObjectStore: ObjectStore, initialize called
18/05/23 12:22:25 INFO Persistence: Property hive.metastore.integral.jdo.pushdown unknown - will be ignored
18/05/23 12:22:25 INFO Persistence: Property datanucleus.cache.level2 unknown - will be ignored
18/05/23 12:22:27 INFO ObjectStore: Setting MetaStore object pin classes with hive.metastore.cache.pinobjtypes="Table,StorageDescriptor,SerDeInfo,Partition,Database,Type,FieldSchema,Order"
18/05/23 12:22:28 INFO Datastore: The class "org.apache.hadoop.hive.metastore.model.MFieldSchema" is tagged as "embedded-only" so does not have its own datastore table.
18/05/23 12:22:28 INFO Datastore: The class "org.apache.hadoop.hive.metastore.model.MOrder" is tagged as "embedded-only" so does not have its own datastore table.
18/05/23 12:22:29 INFO Datastore: The class "org.apache.hadoop.hive.metastore.model.MFieldSchema" is tagged as "embedded-only" so does not have its own datastore table.
18/05/23 12:22:29 INFO Datastore: The class "org.apache.hadoop.hive.metastore.model.MOrder" is tagged as "embedded-only" so does not have its own datastore table.
18/05/23 12:22:29 INFO MetaStoreDirectSql: Using direct SQL, underlying DB is DERBY
18/05/23 12:22:29 INFO ObjectStore: Initialized ObjectStore
18/05/23 12:22:29 WARN ObjectStore: Version information not found in metastore. hive.metastore.schema.verification is not enabled so recording the schema version 1.2.0
18/05/23 12:22:29 WARN ObjectStore: Failed to get database default, returning NoSuchObjectException
18/05/23 12:22:29 INFO HiveMetaStore: Added admin role in metastore
18/05/23 12:22:29 INFO HiveMetaStore: Added public role in metastore
18/05/23 12:22:29 INFO HiveMetaStore: No user is added in admin role, since config is empty
18/05/23 12:22:30 INFO HiveMetaStore: 0: get_all_databases
18/05/23 12:22:30 INFO audit: ugi=aksg0001	ip=unknown-ip-addr	cmd=get_all_databases	
18/05/23 12:22:30 INFO HiveMetaStore: 0: get_functions: db=default pat=*
18/05/23 12:22:30 INFO audit: ugi=aksg0001	ip=unknown-ip-addr	cmd=get_functions: db=default pat=*	
18/05/23 12:22:30 INFO Datastore: The class "org.apache.hadoop.hive.metastore.model.MResourceUri" is tagged as "embedded-only" so does not have its own datastore table.
18/05/23 12:22:30 INFO SessionState: Created local directory: C:/Users/aksg0001/AppData/Local/Temp/59a7dc26-6c0d-4758-b502-5be2cc9555bd_resources
18/05/23 12:22:30 INFO SessionState: Created HDFS directory: C:/Users/aksg0001/AppData/Local/spark/spark-2.2.0-bin-hadoop2.7/tmp/hive/aksg0001/59a7dc26-6c0d-4758-b502-5be2cc9555bd
18/05/23 12:22:30 INFO SessionState: Created local directory: C:/Users/aksg0001/AppData/Local/spark/spark-2.2.0-bin-hadoop2.7/tmp/hive/59a7dc26-6c0d-4758-b502-5be2cc9555bd
18/05/23 12:22:30 INFO SessionState: Created HDFS directory: C:/Users/aksg0001/AppData/Local/spark/spark-2.2.0-bin-hadoop2.7/tmp/hive/aksg0001/59a7dc26-6c0d-4758-b502-5be2cc9555bd/_tmp_space.db
18/05/23 12:22:30 INFO HiveClientImpl: Warehouse location for Hive client (version 1.2.1) is C:Usersaksg0001AppDataLocalsparkspark-2.2.0-bin-hadoop2.7	mphive
18/05/23 12:22:30 INFO HiveMetaStore: 0: get_database: default
18/05/23 12:22:30 INFO audit: ugi=aksg0001	ip=unknown-ip-addr	cmd=get_database: default	
18/05/23 12:22:30 INFO HiveMetaStore: 0: get_database: global_temp
18/05/23 12:22:30 INFO audit: ugi=aksg0001	ip=unknown-ip-addr	cmd=get_database: global_temp	
18/05/23 12:22:30 WARN ObjectStore: Failed to get database global_temp, returning NoSuchObjectException
18/05/23 12:22:30 INFO SessionState: Created local directory: C:/Users/aksg0001/AppData/Local/Temp/39768be0-70ae-415f-8787-daff2e2f219f_resources
18/05/23 12:22:30 INFO SessionState: Created HDFS directory: C:/Users/aksg0001/AppData/Local/spark/spark-2.2.0-bin-hadoop2.7/tmp/hive/aksg0001/39768be0-70ae-415f-8787-daff2e2f219f
18/05/23 12:22:30 INFO SessionState: Created local directory: C:/Users/aksg0001/AppData/Local/spark/spark-2.2.0-bin-hadoop2.7/tmp/hive/39768be0-70ae-415f-8787-daff2e2f219f
18/05/23 12:22:30 INFO SessionState: Created HDFS directory: C:/Users/aksg0001/AppData/Local/spark/spark-2.2.0-bin-hadoop2.7/tmp/hive/aksg0001/39768be0-70ae-415f-8787-daff2e2f219f/_tmp_space.db
18/05/23 12:22:30 INFO HiveClientImpl: Warehouse location for Hive client (version 1.2.1) is C:Usersaksg0001AppDataLocalsparkspark-2.2.0-bin-hadoop2.7	mphive
18/05/23 12:22:30 INFO StateStoreCoordinatorRef: Registered StateStoreCoordinator endpoint
18/05/23 12:22:30 INFO SparkSqlParser: Parsing command: SHOW TABLES
18/05/23 12:22:32 INFO HiveMetaStore: 0: get_database: default
18/05/23 12:22:32 INFO audit: ugi=aksg0001	ip=unknown-ip-addr	cmd=get_database: default	
18/05/23 12:22:32 INFO HiveMetaStore: 0: get_database: default
18/05/23 12:22:32 INFO audit: ugi=aksg0001	ip=unknown-ip-addr	cmd=get_database: default	
18/05/23 12:22:32 INFO HiveMetaStore: 0: get_tables: db=default pat=*
18/05/23 12:22:32 INFO audit: ugi=aksg0001	ip=unknown-ip-addr	cmd=get_tables: db=default pat=*	
18/05/23 12:22:32 WARN SparkSession$Builder: Using an existing SparkSession; some configuration may not take effect.
18/05/23 12:22:32 INFO SparkSqlParser: Parsing command: SHOW TABLES
18/05/23 12:22:32 INFO HiveMetaStore: 0: get_database: default
18/05/23 12:22:32 INFO audit: ugi=aksg0001	ip=unknown-ip-addr	cmd=get_database: default	
18/05/23 12:22:32 INFO HiveMetaStore: 0: get_database: default
18/05/23 12:22:32 INFO audit: ugi=aksg0001	ip=unknown-ip-addr	cmd=get_database: default	
18/05/23 12:22:32 INFO HiveMetaStore: 0: get_tables: db=default pat=*
18/05/23 12:22:32 INFO audit: ugi=aksg0001	ip=unknown-ip-addr	cmd=get_tables: db=default pat=*	
18/05/23 12:22:32 WARN SparkSession$Builder: Using an existing SparkSession; some configuration may not take effect.
18/05/23 12:22:32 INFO SparkSqlParser: Parsing command: SHOW TABLES
18/05/23 12:22:32 INFO HiveMetaStore: 0: get_database: default
18/05/23 12:22:32 INFO audit: ugi=aksg0001	ip=unknown-ip-addr	cmd=get_database: default	
18/05/23 12:22:32 INFO HiveMetaStore: 0: get_database: default
18/05/23 12:22:32 INFO audit: ugi=aksg0001	ip=unknown-ip-addr	cmd=get_database: default	
18/05/23 12:22:32 INFO HiveMetaStore: 0: get_tables: db=default pat=*
18/05/23 12:22:32 INFO audit: ugi=aksg0001	ip=unknown-ip-addr	cmd=get_tables: db=default pat=*	
18/05/23 12:22:33 INFO SparkContext: Starting job: collect at utils.scala:58
18/05/23 12:22:33 INFO DAGScheduler: Got job 0 (collect at utils.scala:58) with 1 output partitions
18/05/23 12:22:33 INFO DAGScheduler: Final stage: ResultStage 0 (collect at utils.scala:58)
18/05/23 12:22:33 INFO DAGScheduler: Parents of final stage: List()
18/05/23 12:22:33 INFO DAGScheduler: Missing parents: List()
18/05/23 12:22:33 INFO DAGScheduler: Submitting ResultStage 0 (MapPartitionsRDD[4] at map at utils.scala:55), which has no missing parents
18/05/23 12:22:33 INFO MemoryStore: Block broadcast_0 stored as values in memory (estimated size 6.0 KB, free 366.3 MB)
18/05/23 12:22:33 INFO MemoryStore: Block broadcast_0_piece0 stored as bytes in memory (estimated size 3.4 KB, free 366.3 MB)
18/05/23 12:22:33 INFO BlockManagerInfo: Added broadcast_0_piece0 in memory on 127.0.0.1:61731 (size: 3.4 KB, free: 366.3 MB)
18/05/23 12:22:33 INFO SparkContext: Created broadcast 0 from broadcast at DAGScheduler.scala:1006
18/05/23 12:22:33 INFO DAGScheduler: Submitting 1 missing tasks from ResultStage 0 (MapPartitionsRDD[4] at map at utils.scala:55) (first 15 tasks are for partitions Vector(0))
18/05/23 12:22:33 INFO TaskSchedulerImpl: Adding task set 0.0 with 1 tasks
18/05/23 12:22:33 INFO TaskSetManager: Starting task 0.0 in stage 0.0 (TID 0, localhost, executor driver, partition 0, PROCESS_LOCAL, 4852 bytes)
18/05/23 12:22:33 INFO Executor: Running task 0.0 in stage 0.0 (TID 0)
18/05/23 12:22:33 INFO Executor: Fetching spark://127.0.0.1:61710/jars/sparklyr-2.2-2.11.jar with timestamp 1527058342504
18/05/23 12:22:33 INFO TransportClientFactory: Successfully created connection to /127.0.0.1:61710 after 25 ms (0 ms spent in bootstraps)
18/05/23 12:22:33 INFO Utils: Fetching spark://127.0.0.1:61710/jars/sparklyr-2.2-2.11.jar to C:\Users\aksg0001\AppData\Local\Temp\spark-aa97d3da-e43e-46b8-9bbd-e6b6c50a2b34\userFiles-ab5bbc44-0f15-416e-8a75-27866f36e10e\fetchFileTemp3902099420065565300.tmp
18/05/23 12:22:33 INFO Executor: Adding file:/C:/Users/aksg0001/AppData/Local/Temp/spark-aa97d3da-e43e-46b8-9bbd-e6b6c50a2b34/userFiles-ab5bbc44-0f15-416e-8a75-27866f36e10e/sparklyr-2.2-2.11.jar to class loader
18/05/23 12:22:34 INFO CodeGenerator: Code generated in 279.47253 ms
18/05/23 12:22:34 INFO Executor: Finished task 0.0 in stage 0.0 (TID 0). 970 bytes result sent to driver
18/05/23 12:22:34 INFO TaskSetManager: Finished task 0.0 in stage 0.0 (TID 0) in 825 ms on localhost (executor driver) (1/1)
18/05/23 12:22:34 INFO TaskSchedulerImpl: Removed TaskSet 0.0, whose tasks have all completed, from pool 
18/05/23 12:22:34 INFO DAGScheduler: ResultStage 0 (collect at utils.scala:58) finished in 0.856 s
18/05/23 12:22:34 INFO DAGScheduler: Job 0 finished: collect at utils.scala:58, took 1.106180 s
18/05/23 12:22:34 WARN SparkSession$Builder: Using an existing SparkSession; some configuration may not take effect.
18/05/23 12:22:34 INFO SparkSqlParser: Parsing command: dat
18/05/23 12:22:34 WARN SparkSession$Builder: Using an existing SparkSession; some configuration may not take effect.
18/05/23 12:22:34 INFO SparkSqlParser: Parsing command: CACHE TABLE `dat`
18/05/23 12:22:34 INFO SparkSqlParser: Parsing command: `dat`
18/05/23 12:22:34 INFO CodeGenerator: Code generated in 20.77518 ms
18/05/23 12:22:34 INFO CodeGenerator: Code generated in 12.899016 ms
18/05/23 12:22:34 INFO SparkContext: Starting job: sql at NativeMethodAccessorImpl.java:0
18/05/23 12:22:34 INFO DAGScheduler: Registering RDD 12 (sql at NativeMethodAccessorImpl.java:0)
18/05/23 12:22:34 INFO DAGScheduler: Got job 1 (sql at NativeMethodAccessorImpl.java:0) with 1 output partitions
18/05/23 12:22:34 INFO DAGScheduler: Final stage: ResultStage 2 (sql at NativeMethodAccessorImpl.java:0)
18/05/23 12:22:34 INFO DAGScheduler: Parents of final stage: List(ShuffleMapStage 1)
18/05/23 12:22:34 INFO DAGScheduler: Missing parents: List(ShuffleMapStage 1)
18/05/23 12:22:34 INFO DAGScheduler: Submitting ShuffleMapStage 1 (MapPartitionsRDD[12] at sql at NativeMethodAccessorImpl.java:0), which has no missing parents
18/05/23 12:22:34 INFO MemoryStore: Block broadcast_1 stored as values in memory (estimated size 20.6 KB, free 366.3 MB)
18/05/23 12:22:34 INFO MemoryStore: Block broadcast_1_piece0 stored as bytes in memory (estimated size 9.1 KB, free 366.3 MB)
18/05/23 12:22:34 INFO BlockManagerInfo: Added broadcast_1_piece0 in memory on 127.0.0.1:61731 (size: 9.1 KB, free: 366.3 MB)
18/05/23 12:22:34 INFO SparkContext: Created broadcast 1 from broadcast at DAGScheduler.scala:1006
18/05/23 12:22:34 INFO DAGScheduler: Submitting 1 missing tasks from ShuffleMapStage 1 (MapPartitionsRDD[12] at sql at NativeMethodAccessorImpl.java:0) (first 15 tasks are for partitions Vector(0))
18/05/23 12:22:34 INFO TaskSchedulerImpl: Adding task set 1.0 with 1 tasks
18/05/23 12:22:34 INFO TaskSetManager: Starting task 0.0 in stage 1.0 (TID 1, localhost, executor driver, partition 0, PROCESS_LOCAL, 10318 bytes)
18/05/23 12:22:34 INFO Executor: Running task 0.0 in stage 1.0 (TID 1)
18/05/23 12:22:35 INFO CodeGenerator: Code generated in 19.998676 ms
18/05/23 12:22:35 INFO CodeGenerator: Code generated in 74.569446 ms
18/05/23 12:22:35 INFO MemoryStore: Block rdd_9_0 stored as values in memory (estimated size 4.9 KB, free 366.3 MB)
18/05/23 12:22:35 INFO BlockManagerInfo: Added rdd_9_0 in memory on 127.0.0.1:61731 (size: 4.9 KB, free: 366.3 MB)
18/05/23 12:22:35 INFO CodeGenerator: Code generated in 7.936331 ms
18/05/23 12:22:35 INFO CodeGenerator: Code generated in 19.906303 ms
18/05/23 12:22:35 INFO ContextCleaner: Cleaned accumulator 51
18/05/23 12:22:35 INFO ContextCleaner: Cleaned accumulator 0
18/05/23 12:22:35 INFO BlockManagerInfo: Removed broadcast_0_piece0 on 127.0.0.1:61731 in memory (size: 3.4 KB, free: 366.3 MB)
18/05/23 12:22:35 INFO Executor: Finished task 0.0 in stage 1.0 (TID 1). 2371 bytes result sent to driver
18/05/23 12:22:35 INFO TaskSetManager: Finished task 0.0 in stage 1.0 (TID 1) in 622 ms on localhost (executor driver) (1/1)
18/05/23 12:22:35 INFO TaskSchedulerImpl: Removed TaskSet 1.0, whose tasks have all completed, from pool 
18/05/23 12:22:35 INFO DAGScheduler: ShuffleMapStage 1 (sql at NativeMethodAccessorImpl.java:0) finished in 0.624 s
18/05/23 12:22:35 INFO DAGScheduler: looking for newly runnable stages
18/05/23 12:22:35 INFO DAGScheduler: running: Set()
18/05/23 12:22:35 INFO DAGScheduler: waiting: Set(ResultStage 2)
18/05/23 12:22:35 INFO DAGScheduler: failed: Set()
18/05/23 12:22:35 INFO DAGScheduler: Submitting ResultStage 2 (MapPartitionsRDD[15] at sql at NativeMethodAccessorImpl.java:0), which has no missing parents
18/05/23 12:22:35 INFO MemoryStore: Block broadcast_2 stored as values in memory (estimated size 7.0 KB, free 366.3 MB)
18/05/23 12:22:35 INFO MemoryStore: Block broadcast_2_piece0 stored as bytes in memory (estimated size 3.7 KB, free 366.3 MB)
18/05/23 12:22:35 INFO BlockManagerInfo: Added broadcast_2_piece0 in memory on 127.0.0.1:61731 (size: 3.7 KB, free: 366.3 MB)
18/05/23 12:22:35 INFO SparkContext: Created broadcast 2 from broadcast at DAGScheduler.scala:1006
18/05/23 12:22:35 INFO DAGScheduler: Submitting 1 missing tasks from ResultStage 2 (MapPartitionsRDD[15] at sql at NativeMethodAccessorImpl.java:0) (first 15 tasks are for partitions Vector(0))
18/05/23 12:22:35 INFO TaskSchedulerImpl: Adding task set 2.0 with 1 tasks
18/05/23 12:22:35 INFO TaskSetManager: Starting task 0.0 in stage 2.0 (TID 2, localhost, executor driver, partition 0, ANY, 4726 bytes)
18/05/23 12:22:35 INFO Executor: Running task 0.0 in stage 2.0 (TID 2)
18/05/23 12:22:35 INFO ShuffleBlockFetcherIterator: Getting 1 non-empty blocks out of 1 blocks
18/05/23 12:22:35 INFO ShuffleBlockFetcherIterator: Started 0 remote fetches in 6 ms
18/05/23 12:22:35 INFO Executor: Finished task 0.0 in stage 2.0 (TID 2). 1581 bytes result sent to driver
18/05/23 12:22:35 INFO TaskSetManager: Finished task 0.0 in stage 2.0 (TID 2) in 39 ms on localhost (executor driver) (1/1)
18/05/23 12:22:35 INFO TaskSchedulerImpl: Removed TaskSet 2.0, whose tasks have all completed, from pool 
18/05/23 12:22:35 INFO DAGScheduler: ResultStage 2 (sql at NativeMethodAccessorImpl.java:0) finished in 0.040 s
18/05/23 12:22:35 INFO DAGScheduler: Job 1 finished: sql at NativeMethodAccessorImpl.java:0, took 0.727764 s
18/05/23 12:22:35 WARN SparkSession$Builder: Using an existing SparkSession; some configuration may not take effect.
18/05/23 12:22:35 INFO SparkSqlParser: Parsing command: SELECT count(*) FROM  `dat`
18/05/23 12:22:35 INFO HiveMetaStore: 0: get_database: default
18/05/23 12:22:35 INFO audit: ugi=aksg0001	ip=unknown-ip-addr	cmd=get_database: default	
18/05/23 12:22:35 INFO SparkContext: Starting job: collect at utils.scala:211
18/05/23 12:22:35 INFO DAGScheduler: Registering RDD 18 (collect at utils.scala:211)
18/05/23 12:22:35 INFO DAGScheduler: Got job 2 (collect at utils.scala:211) with 1 output partitions
18/05/23 12:22:35 INFO DAGScheduler: Final stage: ResultStage 4 (collect at utils.scala:211)
18/05/23 12:22:35 INFO DAGScheduler: Parents of final stage: List(ShuffleMapStage 3)
18/05/23 12:22:35 INFO DAGScheduler: Missing parents: List(ShuffleMapStage 3)
18/05/23 12:22:35 INFO DAGScheduler: Submitting ShuffleMapStage 3 (MapPartitionsRDD[18] at collect at utils.scala:211), which has no missing parents
18/05/23 12:22:35 INFO MemoryStore: Block broadcast_3 stored as values in memory (estimated size 20.6 KB, free 366.2 MB)
18/05/23 12:22:35 INFO MemoryStore: Block broadcast_3_piece0 stored as bytes in memory (estimated size 9.1 KB, free 366.2 MB)
18/05/23 12:22:35 INFO BlockManagerInfo: Added broadcast_3_piece0 in memory on 127.0.0.1:61731 (size: 9.1 KB, free: 366.3 MB)
18/05/23 12:22:35 INFO SparkContext: Created broadcast 3 from broadcast at DAGScheduler.scala:1006
18/05/23 12:22:35 INFO DAGScheduler: Submitting 1 missing tasks from ShuffleMapStage 3 (MapPartitionsRDD[18] at collect at utils.scala:211) (first 15 tasks are for partitions Vector(0))
18/05/23 12:22:35 INFO TaskSchedulerImpl: Adding task set 3.0 with 1 tasks
18/05/23 12:22:35 INFO TaskSetManager: Starting task 0.0 in stage 3.0 (TID 3, localhost, executor driver, partition 0, PROCESS_LOCAL, 10318 bytes)
18/05/23 12:22:35 INFO Executor: Running task 0.0 in stage 3.0 (TID 3)
18/05/23 12:22:35 INFO BlockManager: Found block rdd_9_0 locally
18/05/23 12:22:35 INFO Executor: Finished task 0.0 in stage 3.0 (TID 3). 1647 bytes result sent to driver
18/05/23 12:22:35 INFO TaskSetManager: Finished task 0.0 in stage 3.0 (TID 3) in 26 ms on localhost (executor driver) (1/1)
18/05/23 12:22:35 INFO DAGScheduler: ShuffleMapStage 3 (collect at utils.scala:211) finished in 0.027 s
18/05/23 12:22:35 INFO DAGScheduler: looking for newly runnable stages
18/05/23 12:22:35 INFO DAGScheduler: running: Set()
18/05/23 12:22:35 INFO DAGScheduler: waiting: Set(ResultStage 4)
18/05/23 12:22:35 INFO DAGScheduler: failed: Set()
18/05/23 12:22:35 INFO DAGScheduler: Submitting ResultStage 4 (MapPartitionsRDD[21] at collect at utils.scala:211), which has no missing parents
18/05/23 12:22:35 INFO MemoryStore: Block broadcast_4 stored as values in memory (estimated size 7.0 KB, free 366.2 MB)
18/05/23 12:22:35 INFO MemoryStore: Block broadcast_4_piece0 stored as bytes in memory (estimated size 3.7 KB, free 366.2 MB)
18/05/23 12:22:35 INFO TaskSchedulerImpl: Removed TaskSet 3.0, whose tasks have all completed, from pool 
18/05/23 12:22:35 INFO BlockManagerInfo: Added broadcast_4_piece0 in memory on 127.0.0.1:61731 (size: 3.7 KB, free: 366.3 MB)
18/05/23 12:22:35 INFO SparkContext: Created broadcast 4 from broadcast at DAGScheduler.scala:1006
18/05/23 12:22:35 INFO DAGScheduler: Submitting 1 missing tasks from ResultStage 4 (MapPartitionsRDD[21] at collect at utils.scala:211) (first 15 tasks are for partitions Vector(0))
18/05/23 12:22:35 INFO TaskSchedulerImpl: Adding task set 4.0 with 1 tasks
18/05/23 12:22:35 INFO TaskSetManager: Starting task 0.0 in stage 4.0 (TID 4, localhost, executor driver, partition 0, ANY, 4726 bytes)
18/05/23 12:22:35 INFO Executor: Running task 0.0 in stage 4.0 (TID 4)
18/05/23 12:22:35 INFO ShuffleBlockFetcherIterator: Getting 1 non-empty blocks out of 1 blocks
18/05/23 12:22:35 INFO ShuffleBlockFetcherIterator: Started 0 remote fetches in 1 ms
18/05/23 12:22:35 INFO Executor: Finished task 0.0 in stage 4.0 (TID 4). 1495 bytes result sent to driver
18/05/23 12:22:35 INFO TaskSetManager: Finished task 0.0 in stage 4.0 (TID 4) in 9 ms on localhost (executor driver) (1/1)
18/05/23 12:22:35 INFO DAGScheduler: ResultStage 4 (collect at utils.scala:211) finished in 0.010 s
18/05/23 12:22:35 INFO DAGScheduler: Job 2 finished: collect at utils.scala:211, took 0.063894 s
18/05/23 12:22:35 INFO TaskSchedulerImpl: Removed TaskSet 4.0, whose tasks have all completed, from pool 
18/05/23 12:22:35 INFO CodeGenerator: Code generated in 9.942711 ms
18/05/23 12:22:35 WARN SparkSession$Builder: Using an existing SparkSession; some configuration may not take effect.
18/05/23 12:22:35 INFO SparkSqlParser: Parsing command: SELECT *
FROM `dat` AS `zzz1`
WHERE (0 = 1)
18/05/23 12:22:36 WARN SparkSession$Builder: Using an existing SparkSession; some configuration may not take effect.
18/05/23 12:22:36 INFO SparkSqlParser: Parsing command: SHOW TABLES
18/05/23 12:22:36 INFO HiveMetaStore: 0: get_database: default
18/05/23 12:22:36 INFO audit: ugi=aksg0001	ip=unknown-ip-addr	cmd=get_database: default	
18/05/23 12:22:36 INFO HiveMetaStore: 0: get_database: default
18/05/23 12:22:36 INFO audit: ugi=aksg0001	ip=unknown-ip-addr	cmd=get_database: default	
18/05/23 12:22:36 INFO HiveMetaStore: 0: get_tables: db=default pat=*
18/05/23 12:22:36 INFO audit: ugi=aksg0001	ip=unknown-ip-addr	cmd=get_tables: db=default pat=*	
18/05/23 12:22:36 INFO CodeGenerator: Code generated in 11.080922 ms
18/05/23 12:22:40 WARN SparkSession$Builder: Using an existing SparkSession; some configuration may not take effect.
18/05/23 12:22:40 INFO SparkSqlParser: Parsing command: SELECT `id`, TO_DATE(`date`) AS `date`, `cat1`, `cat2`, `metric1`, `metric2`, `metric3`, `index`
FROM `dat`
18/05/23 12:22:40 INFO HiveMetaStore: 0: get_database: default
18/05/23 12:22:40 INFO audit: ugi=aksg0001	ip=unknown-ip-addr	cmd=get_database: default	
18/05/23 12:22:40 WARN SparkSession$Builder: Using an existing SparkSession; some configuration may not take effect.
18/05/23 12:22:40 INFO SparkSqlParser: Parsing command: SELECT `id`, TO_DATE(`date`) AS `date`, `cat1`, `cat2`, `metric1`, `metric2`, `metric3`, `index`
FROM `dat`
LIMIT 10
18/05/23 12:22:40 INFO HiveMetaStore: 0: get_database: default
18/05/23 12:22:40 INFO audit: ugi=aksg0001	ip=unknown-ip-addr	cmd=get_database: default	
18/05/23 12:22:40 INFO CodeGenerator: Code generated in 20.711474 ms
18/05/23 12:22:40 INFO SparkContext: Starting job: collect at utils.scala:211
18/05/23 12:22:40 INFO DAGScheduler: Got job 3 (collect at utils.scala:211) with 1 output partitions
18/05/23 12:22:40 INFO DAGScheduler: Final stage: ResultStage 5 (collect at utils.scala:211)
18/05/23 12:22:40 INFO DAGScheduler: Parents of final stage: List()
18/05/23 12:22:40 INFO DAGScheduler: Missing parents: List()
18/05/23 12:22:40 INFO DAGScheduler: Submitting ResultStage 5 (MapPartitionsRDD[24] at collect at utils.scala:211), which has no missing parents
18/05/23 12:22:40 INFO MemoryStore: Block broadcast_5 stored as values in memory (estimated size 21.4 KB, free 366.2 MB)
18/05/23 12:22:40 INFO MemoryStore: Block broadcast_5_piece0 stored as bytes in memory (estimated size 9.0 KB, free 366.2 MB)
18/05/23 12:22:40 INFO BlockManagerInfo: Added broadcast_5_piece0 in memory on 127.0.0.1:61731 (size: 9.0 KB, free: 366.3 MB)
18/05/23 12:22:40 INFO SparkContext: Created broadcast 5 from broadcast at DAGScheduler.scala:1006
18/05/23 12:22:40 INFO DAGScheduler: Submitting 1 missing tasks from ResultStage 5 (MapPartitionsRDD[24] at collect at utils.scala:211) (first 15 tasks are for partitions Vector(0))
18/05/23 12:22:40 INFO TaskSchedulerImpl: Adding task set 5.0 with 1 tasks
18/05/23 12:22:40 INFO TaskSetManager: Starting task 0.0 in stage 5.0 (TID 5, localhost, executor driver, partition 0, PROCESS_LOCAL, 10329 bytes)
18/05/23 12:22:40 INFO Executor: Running task 0.0 in stage 5.0 (TID 5)
18/05/23 12:22:40 INFO BlockManager: Found block rdd_9_0 locally
18/05/23 12:22:40 INFO CodeGenerator: Code generated in 23.172996 ms
18/05/23 12:22:40 INFO Executor: 1 block locks were not released by TID = 5:
[rdd_9_0]
18/05/23 12:22:40 INFO Executor: Finished task 0.0 in stage 5.0 (TID 5). 1622 bytes result sent to driver
18/05/23 12:22:40 INFO TaskSetManager: Finished task 0.0 in stage 5.0 (TID 5) in 62 ms on localhost (executor driver) (1/1)
18/05/23 12:22:40 INFO TaskSchedulerImpl: Removed TaskSet 5.0, whose tasks have all completed, from pool 
18/05/23 12:22:40 INFO DAGScheduler: ResultStage 5 (collect at utils.scala:211) finished in 0.063 s
18/05/23 12:22:40 INFO DAGScheduler: Job 3 finished: collect at utils.scala:211, took 0.083640 s
18/05/23 12:22:40 INFO CodeGenerator: Code generated in 17.646161 ms
18/05/23 12:52:23 INFO ContextCleaner: Cleaned accumulator 63
18/05/23 12:52:23 INFO ContextCleaner: Cleaned accumulator 112
18/05/23 12:52:23 INFO BlockManagerInfo: Removed broadcast_4_piece0 on 127.0.0.1:61731 in memory (size: 3.7 KB, free: 366.3 MB)
18/05/23 12:52:23 INFO BlockManagerInfo: Removed broadcast_3_piece0 on 127.0.0.1:61731 in memory (size: 9.1 KB, free: 366.3 MB)
18/05/23 12:52:23 INFO BlockManagerInfo: Removed broadcast_5_piece0 on 127.0.0.1:61731 in memory (size: 9.0 KB, free: 366.3 MB)
18/05/23 12:52:23 INFO BlockManagerInfo: Removed broadcast_2_piece0 on 127.0.0.1:61731 in memory (size: 3.7 KB, free: 366.3 MB)
18/05/23 12:52:23 INFO ContextCleaner: Cleaned accumulator 58
18/05/23 12:52:23 INFO ContextCleaner: Cleaned accumulator 52
18/05/23 12:52:23 INFO ContextCleaner: Cleaned accumulator 61
18/05/23 12:52:23 INFO ContextCleaner: Cleaned accumulator 54
18/05/23 12:52:23 INFO ContextCleaner: Cleaned shuffle 0
18/05/23 12:52:23 INFO ContextCleaner: Cleaned accumulator 57
18/05/23 12:52:23 INFO ContextCleaner: Cleaned accumulator 53
18/05/23 12:52:23 INFO BlockManagerInfo: Removed broadcast_1_piece0 on 127.0.0.1:61731 in memory (size: 9.1 KB, free: 366.3 MB)
18/05/23 12:52:23 INFO ContextCleaner: Cleaned accumulator 56
18/05/23 12:52:23 INFO ContextCleaner: Cleaned accumulator 55
18/05/23 12:52:23 INFO ContextCleaner: Cleaned accumulator 60
18/05/23 12:52:23 INFO ContextCleaner: Cleaned accumulator 59
18/05/23 12:52:23 INFO ContextCleaner: Cleaned accumulator 62
18/05/23 13:07:41 INFO SparkContext: Invoking stop() from shutdown hook
18/05/23 13:07:41 INFO SparkUI: Stopped Spark web UI at http://127.0.0.1:4040
18/05/23 13:07:41 INFO MapOutputTrackerMasterEndpoint: MapOutputTrackerMasterEndpoint stopped!
18/05/23 13:07:41 INFO MemoryStore: MemoryStore cleared
18/05/23 13:07:41 INFO BlockManager: BlockManager stopped
18/05/23 13:07:41 INFO BlockManagerMaster: BlockManagerMaster stopped
18/05/23 13:07:41 INFO OutputCommitCoordinator$OutputCommitCoordinatorEndpoint: OutputCommitCoordinator stopped!
18/05/23 13:07:41 WARN SparkEnv: Exception while deleting Spark temp dir: C:\Users\aksg0001\AppData\Local\Temp\spark-aa97d3da-e43e-46b8-9bbd-e6b6c50a2b34\userFiles-ab5bbc44-0f15-416e-8a75-27866f36e10e
java.io.IOException: Failed to delete: C:\Users\aksg0001\AppData\Local\Temp\spark-aa97d3da-e43e-46b8-9bbd-e6b6c50a2b34\userFiles-ab5bbc44-0f15-416e-8a75-27866f36e10e
	at org.apache.spark.util.Utils$.deleteRecursively(Utils.scala:1031)
	at org.apache.spark.SparkEnv.stop(SparkEnv.scala:103)
	at org.apache.spark.SparkContext$$anonfun$stop$11.apply$mcV$sp(SparkContext.scala:1937)
	at org.apache.spark.util.Utils$.tryLogNonFatalError(Utils.scala:1317)
	at org.apache.spark.SparkContext.stop(SparkContext.scala:1936)
	at org.apache.spark.SparkContext$$anonfun$2.apply$mcV$sp(SparkContext.scala:581)
	at org.apache.spark.util.SparkShutdownHook.run(ShutdownHookManager.scala:216)
	at org.apache.spark.util.SparkShutdownHookManager$$anonfun$runAll$1$$anonfun$apply$mcV$sp$1.apply$mcV$sp(ShutdownHookManager.scala:188)
	at org.apache.spark.util.SparkShutdownHookManager$$anonfun$runAll$1$$anonfun$apply$mcV$sp$1.apply(ShutdownHookManager.scala:188)
	at org.apache.spark.util.SparkShutdownHookManager$$anonfun$runAll$1$$anonfun$apply$mcV$sp$1.apply(ShutdownHookManager.scala:188)
	at org.apache.spark.util.Utils$.logUncaughtExceptions(Utils.scala:1954)
	at org.apache.spark.util.SparkShutdownHookManager$$anonfun$runAll$1.apply$mcV$sp(ShutdownHookManager.scala:188)
	at org.apache.spark.util.SparkShutdownHookManager$$anonfun$runAll$1.apply(ShutdownHookManager.scala:188)
	at org.apache.spark.util.SparkShutdownHookManager$$anonfun$runAll$1.apply(ShutdownHookManager.scala:188)
	at scala.util.Try$.apply(Try.scala:192)
	at org.apache.spark.util.SparkShutdownHookManager.runAll(ShutdownHookManager.scala:188)
	at org.apache.spark.util.SparkShutdownHookManager$$anon$2.run(ShutdownHookManager.scala:178)
	at org.apache.hadoop.util.ShutdownHookManager$1.run(ShutdownHookManager.java:54)
18/05/23 13:07:41 INFO SparkContext: Successfully stopped SparkContext
18/05/23 13:07:41 INFO ShutdownHookManager: Shutdown hook called
18/05/23 13:07:41 INFO ShutdownHookManager: Deleting directory C:\Users\aksg0001\AppData\Local\Temp\spark-aa97d3da-e43e-46b8-9bbd-e6b6c50a2b34\userFiles-ab5bbc44-0f15-416e-8a75-27866f36e10e
18/05/23 13:07:41 ERROR ShutdownHookManager: Exception while deleting Spark temp dir: C:\Users\aksg0001\AppData\Local\Temp\spark-aa97d3da-e43e-46b8-9bbd-e6b6c50a2b34\userFiles-ab5bbc44-0f15-416e-8a75-27866f36e10e
java.io.IOException: Failed to delete: C:\Users\aksg0001\AppData\Local\Temp\spark-aa97d3da-e43e-46b8-9bbd-e6b6c50a2b34\userFiles-ab5bbc44-0f15-416e-8a75-27866f36e10e
	at org.apache.spark.util.Utils$.deleteRecursively(Utils.scala:1031)
	at org.apache.spark.util.ShutdownHookManager$$anonfun$1$$anonfun$apply$mcV$sp$3.apply(ShutdownHookManager.scala:65)
	at org.apache.spark.util.ShutdownHookManager$$anonfun$1$$anonfun$apply$mcV$sp$3.apply(ShutdownHookManager.scala:62)
	at scala.collection.IndexedSeqOptimized$class.foreach(IndexedSeqOptimized.scala:33)
	at scala.collection.mutable.ArrayOps$ofRef.foreach(ArrayOps.scala:186)
	at org.apache.spark.util.ShutdownHookManager$$anonfun$1.apply$mcV$sp(ShutdownHookManager.scala:62)
	at org.apache.spark.util.SparkShutdownHook.run(ShutdownHookManager.scala:216)
	at org.apache.spark.util.SparkShutdownHookManager$$anonfun$runAll$1$$anonfun$apply$mcV$sp$1.apply$mcV$sp(ShutdownHookManager.scala:188)
	at org.apache.spark.util.SparkShutdownHookManager$$anonfun$runAll$1$$anonfun$apply$mcV$sp$1.apply(ShutdownHookManager.scala:188)
	at org.apache.spark.util.SparkShutdownHookManager$$anonfun$runAll$1$$anonfun$apply$mcV$sp$1.apply(ShutdownHookManager.scala:188)
	at org.apache.spark.util.Utils$.logUncaughtExceptions(Utils.scala:1954)
	at org.apache.spark.util.SparkShutdownHookManager$$anonfun$runAll$1.apply$mcV$sp(ShutdownHookManager.scala:188)
	at org.apache.spark.util.SparkShutdownHookManager$$anonfun$runAll$1.apply(ShutdownHookManager.scala:188)
	at org.apache.spark.util.SparkShutdownHookManager$$anonfun$runAll$1.apply(ShutdownHookManager.scala:188)
	at scala.util.Try$.apply(Try.scala:192)
	at org.apache.spark.util.SparkShutdownHookManager.runAll(ShutdownHookManager.scala:188)
	at org.apache.spark.util.SparkShutdownHookManager$$anon$2.run(ShutdownHookManager.scala:178)
	at org.apache.hadoop.util.ShutdownHookManager$1.run(ShutdownHookManager.java:54)
18/05/23 13:07:41 INFO ShutdownHookManager: Deleting directory C:\Users\aksg0001\AppData\Local\Temp\spark-aa97d3da-e43e-46b8-9bbd-e6b6c50a2b34
18/05/23 13:07:41 ERROR ShutdownHookManager: Exception while deleting Spark temp dir: C:\Users\aksg0001\AppData\Local\Temp\spark-aa97d3da-e43e-46b8-9bbd-e6b6c50a2b34
java.io.IOException: Failed to delete: C:\Users\aksg0001\AppData\Local\Temp\spark-aa97d3da-e43e-46b8-9bbd-e6b6c50a2b34
	at org.apache.spark.util.Utils$.deleteRecursively(Utils.scala:1031)
	at org.apache.spark.util.ShutdownHookManager$$anonfun$1$$anonfun$apply$mcV$sp$3.apply(ShutdownHookManager.scala:65)
	at org.apache.spark.util.ShutdownHookManager$$anonfun$1$$anonfun$apply$mcV$sp$3.apply(ShutdownHookManager.scala:62)
	at scala.collection.IndexedSeqOptimized$class.foreach(IndexedSeqOptimized.scala:33)
	at scala.collection.mutable.ArrayOps$ofRef.foreach(ArrayOps.scala:186)
	at org.apache.spark.util.ShutdownHookManager$$anonfun$1.apply$mcV$sp(ShutdownHookManager.scala:62)
	at org.apache.spark.util.SparkShutdownHook.run(ShutdownHookManager.scala:216)
	at org.apache.spark.util.SparkShutdownHookManager$$anonfun$runAll$1$$anonfun$apply$mcV$sp$1.apply$mcV$sp(ShutdownHookManager.scala:188)
	at org.apache.spark.util.SparkShutdownHookManager$$anonfun$runAll$1$$anonfun$apply$mcV$sp$1.apply(ShutdownHookManager.scala:188)
	at org.apache.spark.util.SparkShutdownHookManager$$anonfun$runAll$1$$anonfun$apply$mcV$sp$1.apply(ShutdownHookManager.scala:188)
	at org.apache.spark.util.Utils$.logUncaughtExceptions(Utils.scala:1954)
	at org.apache.spark.util.SparkShutdownHookManager$$anonfun$runAll$1.apply$mcV$sp(ShutdownHookManager.scala:188)
	at org.apache.spark.util.SparkShutdownHookManager$$anonfun$runAll$1.apply(ShutdownHookManager.scala:188)
	at org.apache.spark.util.SparkShutdownHookManager$$anonfun$runAll$1.apply(ShutdownHookManager.scala:188)
	at scala.util.Try$.apply(Try.scala:192)
	at org.apache.spark.util.SparkShutdownHookManager.runAll(ShutdownHookManager.scala:188)
	at org.apache.spark.util.SparkShutdownHookManager$$anon$2.run(ShutdownHookManager.scala:178)
	at org.apache.hadoop.util.ShutdownHookManager$1.run(ShutdownHookManager.java:54)
18/05/23 13:12:42 INFO SparkContext: Running Spark version 2.2.0
18/05/23 13:12:42 INFO SparkContext: Submitted application: sparklyr
18/05/23 13:12:42 INFO SecurityManager: Changing view acls to: aksg0001
18/05/23 13:12:42 INFO SecurityManager: Changing modify acls to: aksg0001
18/05/23 13:12:42 INFO SecurityManager: Changing view acls groups to: 
18/05/23 13:12:42 INFO SecurityManager: Changing modify acls groups to: 
18/05/23 13:12:42 INFO SecurityManager: SecurityManager: authentication disabled; ui acls disabled; users  with view permissions: Set(aksg0001); groups with view permissions: Set(); users  with modify permissions: Set(aksg0001); groups with modify permissions: Set()
18/05/23 13:12:43 INFO Utils: Successfully started service 'sparkDriver' on port 62147.
18/05/23 13:12:43 INFO SparkEnv: Registering MapOutputTracker
18/05/23 13:12:43 INFO SparkEnv: Registering BlockManagerMaster
18/05/23 13:12:43 INFO BlockManagerMasterEndpoint: Using org.apache.spark.storage.DefaultTopologyMapper for getting topology information
18/05/23 13:12:43 INFO BlockManagerMasterEndpoint: BlockManagerMasterEndpoint up
18/05/23 13:12:43 INFO DiskBlockManager: Created local directory at C:\Users\aksg0001\AppData\Local\Temp\blockmgr-06a2a2a4-dd10-4aef-bdb6-c762eecbe5ab
18/05/23 13:12:43 INFO MemoryStore: MemoryStore started with capacity 366.3 MB
18/05/23 13:12:43 INFO SparkEnv: Registering OutputCommitCoordinator
18/05/23 13:12:43 INFO Utils: Successfully started service 'SparkUI' on port 4040.
18/05/23 13:12:43 INFO SparkUI: Bound SparkUI to 127.0.0.1, and started at http://127.0.0.1:4040
18/05/23 13:12:43 INFO SparkContext: Added JAR file:/C:/Users/aksg0001/Documents/R/win-library/3.4/sparklyr/java/sparklyr-2.2-2.11.jar at spark://127.0.0.1:62147/jars/sparklyr-2.2-2.11.jar with timestamp 1527061363584
18/05/23 13:12:43 INFO Executor: Starting executor ID driver on host localhost
18/05/23 13:12:43 INFO Utils: Successfully started service 'org.apache.spark.network.netty.NettyBlockTransferService' on port 62168.
18/05/23 13:12:43 INFO NettyBlockTransferService: Server created on 127.0.0.1:62168
18/05/23 13:12:43 INFO BlockManager: Using org.apache.spark.storage.RandomBlockReplicationPolicy for block replication policy
18/05/23 13:12:43 INFO BlockManagerMaster: Registering BlockManager BlockManagerId(driver, 127.0.0.1, 62168, None)
18/05/23 13:12:43 INFO BlockManagerMasterEndpoint: Registering block manager 127.0.0.1:62168 with 366.3 MB RAM, BlockManagerId(driver, 127.0.0.1, 62168, None)
18/05/23 13:12:43 INFO BlockManagerMaster: Registered BlockManager BlockManagerId(driver, 127.0.0.1, 62168, None)
18/05/23 13:12:43 INFO BlockManager: Initialized BlockManager: BlockManagerId(driver, 127.0.0.1, 62168, None)
18/05/23 13:12:44 WARN SparkContext: Using an existing SparkContext; some configuration may not take effect.
18/05/23 13:12:44 INFO SharedState: loading hive config file: file:/C:/Users/aksg0001/AppData/Local/spark/spark-2.2.0-bin-hadoop2.7/conf/hive-site.xml
18/05/23 13:12:44 INFO SharedState: Setting hive.metastore.warehouse.dir ('C:\Users\aksg0001\AppData\Local\spark\spark-2.2.0-bin-hadoop2.7\tmp\hive') to the value of spark.sql.warehouse.dir ('C:Usersaksg0001AppDataLocalsparkspark-2.2.0-bin-hadoop2.7	mphive').
18/05/23 13:12:44 INFO SharedState: Warehouse path is 'C:Usersaksg0001AppDataLocalsparkspark-2.2.0-bin-hadoop2.7	mphive'.
18/05/23 13:12:45 INFO HiveUtils: Initializing HiveMetastoreConnection version 1.2.1 using Spark classes.
18/05/23 13:12:46 INFO HiveMetaStore: 0: Opening raw store with implemenation class:org.apache.hadoop.hive.metastore.ObjectStore
18/05/23 13:12:46 INFO ObjectStore: ObjectStore, initialize called
18/05/23 13:12:46 INFO Persistence: Property hive.metastore.integral.jdo.pushdown unknown - will be ignored
18/05/23 13:12:46 INFO Persistence: Property datanucleus.cache.level2 unknown - will be ignored
18/05/23 13:12:48 INFO ObjectStore: Setting MetaStore object pin classes with hive.metastore.cache.pinobjtypes="Table,StorageDescriptor,SerDeInfo,Partition,Database,Type,FieldSchema,Order"
18/05/23 13:12:49 INFO Datastore: The class "org.apache.hadoop.hive.metastore.model.MFieldSchema" is tagged as "embedded-only" so does not have its own datastore table.
18/05/23 13:12:49 INFO Datastore: The class "org.apache.hadoop.hive.metastore.model.MOrder" is tagged as "embedded-only" so does not have its own datastore table.
18/05/23 13:12:50 INFO Datastore: The class "org.apache.hadoop.hive.metastore.model.MFieldSchema" is tagged as "embedded-only" so does not have its own datastore table.
18/05/23 13:12:50 INFO Datastore: The class "org.apache.hadoop.hive.metastore.model.MOrder" is tagged as "embedded-only" so does not have its own datastore table.
18/05/23 13:12:50 INFO MetaStoreDirectSql: Using direct SQL, underlying DB is DERBY
18/05/23 13:12:50 INFO ObjectStore: Initialized ObjectStore
18/05/23 13:12:50 WARN ObjectStore: Version information not found in metastore. hive.metastore.schema.verification is not enabled so recording the schema version 1.2.0
18/05/23 13:12:50 WARN ObjectStore: Failed to get database default, returning NoSuchObjectException
18/05/23 13:12:50 INFO HiveMetaStore: Added admin role in metastore
18/05/23 13:12:50 INFO HiveMetaStore: Added public role in metastore
18/05/23 13:12:50 INFO HiveMetaStore: No user is added in admin role, since config is empty
18/05/23 13:12:50 INFO HiveMetaStore: 0: get_all_databases
18/05/23 13:12:50 INFO audit: ugi=aksg0001	ip=unknown-ip-addr	cmd=get_all_databases	
18/05/23 13:12:50 INFO HiveMetaStore: 0: get_functions: db=default pat=*
18/05/23 13:12:50 INFO audit: ugi=aksg0001	ip=unknown-ip-addr	cmd=get_functions: db=default pat=*	
18/05/23 13:12:50 INFO Datastore: The class "org.apache.hadoop.hive.metastore.model.MResourceUri" is tagged as "embedded-only" so does not have its own datastore table.
18/05/23 13:12:51 INFO SessionState: Created local directory: C:/Users/aksg0001/AppData/Local/Temp/812527db-6792-45f2-ace7-d4260a620582_resources
18/05/23 13:12:51 INFO SessionState: Created HDFS directory: C:/Users/aksg0001/AppData/Local/spark/spark-2.2.0-bin-hadoop2.7/tmp/hive/aksg0001/812527db-6792-45f2-ace7-d4260a620582
18/05/23 13:12:51 INFO SessionState: Created local directory: C:/Users/aksg0001/AppData/Local/spark/spark-2.2.0-bin-hadoop2.7/tmp/hive/812527db-6792-45f2-ace7-d4260a620582
18/05/23 13:12:51 INFO SessionState: Created HDFS directory: C:/Users/aksg0001/AppData/Local/spark/spark-2.2.0-bin-hadoop2.7/tmp/hive/aksg0001/812527db-6792-45f2-ace7-d4260a620582/_tmp_space.db
18/05/23 13:12:51 INFO HiveClientImpl: Warehouse location for Hive client (version 1.2.1) is C:Usersaksg0001AppDataLocalsparkspark-2.2.0-bin-hadoop2.7	mphive
18/05/23 13:12:51 INFO HiveMetaStore: 0: get_database: default
18/05/23 13:12:51 INFO audit: ugi=aksg0001	ip=unknown-ip-addr	cmd=get_database: default	
18/05/23 13:12:51 INFO HiveMetaStore: 0: get_database: global_temp
18/05/23 13:12:51 INFO audit: ugi=aksg0001	ip=unknown-ip-addr	cmd=get_database: global_temp	
18/05/23 13:12:51 WARN ObjectStore: Failed to get database global_temp, returning NoSuchObjectException
18/05/23 13:12:51 INFO SessionState: Created local directory: C:/Users/aksg0001/AppData/Local/Temp/4c9d24a4-1d23-45db-9b11-f99497c1aea4_resources
18/05/23 13:12:51 INFO SessionState: Created HDFS directory: C:/Users/aksg0001/AppData/Local/spark/spark-2.2.0-bin-hadoop2.7/tmp/hive/aksg0001/4c9d24a4-1d23-45db-9b11-f99497c1aea4
18/05/23 13:12:51 INFO SessionState: Created local directory: C:/Users/aksg0001/AppData/Local/spark/spark-2.2.0-bin-hadoop2.7/tmp/hive/4c9d24a4-1d23-45db-9b11-f99497c1aea4
18/05/23 13:12:51 INFO SessionState: Created HDFS directory: C:/Users/aksg0001/AppData/Local/spark/spark-2.2.0-bin-hadoop2.7/tmp/hive/aksg0001/4c9d24a4-1d23-45db-9b11-f99497c1aea4/_tmp_space.db
18/05/23 13:12:51 INFO HiveClientImpl: Warehouse location for Hive client (version 1.2.1) is C:Usersaksg0001AppDataLocalsparkspark-2.2.0-bin-hadoop2.7	mphive
18/05/23 13:12:51 INFO StateStoreCoordinatorRef: Registered StateStoreCoordinator endpoint
18/05/23 13:12:51 INFO SparkSqlParser: Parsing command: SHOW TABLES
18/05/23 13:12:53 INFO HiveMetaStore: 0: get_database: default
18/05/23 13:12:53 INFO audit: ugi=aksg0001	ip=unknown-ip-addr	cmd=get_database: default	
18/05/23 13:12:53 INFO HiveMetaStore: 0: get_database: default
18/05/23 13:12:53 INFO audit: ugi=aksg0001	ip=unknown-ip-addr	cmd=get_database: default	
18/05/23 13:12:53 INFO HiveMetaStore: 0: get_tables: db=default pat=*
18/05/23 13:12:53 INFO audit: ugi=aksg0001	ip=unknown-ip-addr	cmd=get_tables: db=default pat=*	
18/05/23 13:12:55 WARN SparkSession$Builder: Using an existing SparkSession; some configuration may not take effect.
18/05/23 13:12:55 INFO SparkSqlParser: Parsing command: SHOW TABLES
18/05/23 13:12:55 INFO HiveMetaStore: 0: get_database: default
18/05/23 13:12:55 INFO audit: ugi=aksg0001	ip=unknown-ip-addr	cmd=get_database: default	
18/05/23 13:12:55 INFO HiveMetaStore: 0: get_database: default
18/05/23 13:12:55 INFO audit: ugi=aksg0001	ip=unknown-ip-addr	cmd=get_database: default	
18/05/23 13:12:55 INFO HiveMetaStore: 0: get_tables: db=default pat=*
18/05/23 13:12:55 INFO audit: ugi=aksg0001	ip=unknown-ip-addr	cmd=get_tables: db=default pat=*	
18/05/23 13:12:56 INFO SparkContext: Starting job: collect at utils.scala:58
18/05/23 13:12:56 INFO DAGScheduler: Got job 0 (collect at utils.scala:58) with 1 output partitions
18/05/23 13:12:56 INFO DAGScheduler: Final stage: ResultStage 0 (collect at utils.scala:58)
18/05/23 13:12:56 INFO DAGScheduler: Parents of final stage: List()
18/05/23 13:12:56 INFO DAGScheduler: Missing parents: List()
18/05/23 13:12:56 INFO DAGScheduler: Submitting ResultStage 0 (MapPartitionsRDD[4] at map at utils.scala:55), which has no missing parents
18/05/23 13:12:56 INFO MemoryStore: Block broadcast_0 stored as values in memory (estimated size 6.0 KB, free 366.3 MB)
18/05/23 13:12:56 INFO MemoryStore: Block broadcast_0_piece0 stored as bytes in memory (estimated size 3.4 KB, free 366.3 MB)
18/05/23 13:12:56 INFO BlockManagerInfo: Added broadcast_0_piece0 in memory on 127.0.0.1:62168 (size: 3.4 KB, free: 366.3 MB)
18/05/23 13:12:56 INFO SparkContext: Created broadcast 0 from broadcast at DAGScheduler.scala:1006
18/05/23 13:12:56 INFO DAGScheduler: Submitting 1 missing tasks from ResultStage 0 (MapPartitionsRDD[4] at map at utils.scala:55) (first 15 tasks are for partitions Vector(0))
18/05/23 13:12:56 INFO TaskSchedulerImpl: Adding task set 0.0 with 1 tasks
18/05/23 13:12:56 INFO TaskSetManager: Starting task 0.0 in stage 0.0 (TID 0, localhost, executor driver, partition 0, PROCESS_LOCAL, 4852 bytes)
18/05/23 13:12:56 INFO Executor: Running task 0.0 in stage 0.0 (TID 0)
18/05/23 13:12:56 INFO Executor: Fetching spark://127.0.0.1:62147/jars/sparklyr-2.2-2.11.jar with timestamp 1527061363584
18/05/23 13:12:56 INFO TransportClientFactory: Successfully created connection to /127.0.0.1:62147 after 25 ms (0 ms spent in bootstraps)
18/05/23 13:12:56 INFO Utils: Fetching spark://127.0.0.1:62147/jars/sparklyr-2.2-2.11.jar to C:\Users\aksg0001\AppData\Local\Temp\spark-dd9f0553-442d-4519-9660-d58b6a3252a7\userFiles-55943ea9-82d6-408e-abee-cff15f01fc00\fetchFileTemp8130640227444197620.tmp
18/05/23 13:12:56 INFO Executor: Adding file:/C:/Users/aksg0001/AppData/Local/Temp/spark-dd9f0553-442d-4519-9660-d58b6a3252a7/userFiles-55943ea9-82d6-408e-abee-cff15f01fc00/sparklyr-2.2-2.11.jar to class loader
18/05/23 13:12:57 INFO CodeGenerator: Code generated in 285.673231 ms
18/05/23 13:12:57 INFO Executor: Finished task 0.0 in stage 0.0 (TID 0). 1013 bytes result sent to driver
18/05/23 13:12:57 INFO TaskSetManager: Finished task 0.0 in stage 0.0 (TID 0) in 863 ms on localhost (executor driver) (1/1)
18/05/23 13:12:57 INFO TaskSchedulerImpl: Removed TaskSet 0.0, whose tasks have all completed, from pool 
18/05/23 13:12:57 INFO DAGScheduler: ResultStage 0 (collect at utils.scala:58) finished in 0.889 s
18/05/23 13:12:57 INFO DAGScheduler: Job 0 finished: collect at utils.scala:58, took 1.111039 s
18/05/23 13:12:57 WARN SparkSession$Builder: Using an existing SparkSession; some configuration may not take effect.
18/05/23 13:12:57 INFO SparkSqlParser: Parsing command: dat
18/05/23 13:12:57 WARN SparkSession$Builder: Using an existing SparkSession; some configuration may not take effect.
18/05/23 13:12:57 INFO SparkSqlParser: Parsing command: CACHE TABLE `dat`
18/05/23 13:12:57 INFO SparkSqlParser: Parsing command: `dat`
18/05/23 13:12:57 INFO CodeGenerator: Code generated in 20.37171 ms
18/05/23 13:12:58 INFO CodeGenerator: Code generated in 12.965906 ms
18/05/23 13:12:58 INFO SparkContext: Starting job: sql at NativeMethodAccessorImpl.java:0
18/05/23 13:12:58 INFO DAGScheduler: Registering RDD 12 (sql at NativeMethodAccessorImpl.java:0)
18/05/23 13:12:58 INFO DAGScheduler: Got job 1 (sql at NativeMethodAccessorImpl.java:0) with 1 output partitions
18/05/23 13:12:58 INFO DAGScheduler: Final stage: ResultStage 2 (sql at NativeMethodAccessorImpl.java:0)
18/05/23 13:12:58 INFO DAGScheduler: Parents of final stage: List(ShuffleMapStage 1)
18/05/23 13:12:58 INFO DAGScheduler: Missing parents: List(ShuffleMapStage 1)
18/05/23 13:12:58 INFO DAGScheduler: Submitting ShuffleMapStage 1 (MapPartitionsRDD[12] at sql at NativeMethodAccessorImpl.java:0), which has no missing parents
18/05/23 13:12:58 INFO MemoryStore: Block broadcast_1 stored as values in memory (estimated size 20.6 KB, free 366.3 MB)
18/05/23 13:12:58 INFO MemoryStore: Block broadcast_1_piece0 stored as bytes in memory (estimated size 9.1 KB, free 366.3 MB)
18/05/23 13:12:58 INFO BlockManagerInfo: Added broadcast_1_piece0 in memory on 127.0.0.1:62168 (size: 9.1 KB, free: 366.3 MB)
18/05/23 13:12:58 INFO SparkContext: Created broadcast 1 from broadcast at DAGScheduler.scala:1006
18/05/23 13:12:58 INFO DAGScheduler: Submitting 1 missing tasks from ShuffleMapStage 1 (MapPartitionsRDD[12] at sql at NativeMethodAccessorImpl.java:0) (first 15 tasks are for partitions Vector(0))
18/05/23 13:12:58 INFO TaskSchedulerImpl: Adding task set 1.0 with 1 tasks
18/05/23 13:12:58 INFO TaskSetManager: Starting task 0.0 in stage 1.0 (TID 1, localhost, executor driver, partition 0, PROCESS_LOCAL, 21673 bytes)
18/05/23 13:12:58 INFO Executor: Running task 0.0 in stage 1.0 (TID 1)
18/05/23 13:12:58 INFO CodeGenerator: Code generated in 15.517325 ms
18/05/23 13:12:58 INFO CodeGenerator: Code generated in 96.344453 ms
18/05/23 13:12:58 INFO MemoryStore: Block rdd_9_0 stored as values in memory (estimated size 11.1 KB, free 366.3 MB)
18/05/23 13:12:58 INFO BlockManagerInfo: Added rdd_9_0 in memory on 127.0.0.1:62168 (size: 11.1 KB, free: 366.3 MB)
18/05/23 13:12:58 INFO CodeGenerator: Code generated in 7.137177 ms
18/05/23 13:12:58 INFO ContextCleaner: Cleaned accumulator 0
18/05/23 13:12:58 INFO ContextCleaner: Cleaned accumulator 51
18/05/23 13:12:58 INFO CodeGenerator: Code generated in 177.098674 ms
18/05/23 13:12:58 INFO BlockManagerInfo: Removed broadcast_0_piece0 on 127.0.0.1:62168 in memory (size: 3.4 KB, free: 366.3 MB)
18/05/23 13:12:58 INFO Executor: Finished task 0.0 in stage 1.0 (TID 1). 2328 bytes result sent to driver
18/05/23 13:12:58 INFO TaskSetManager: Finished task 0.0 in stage 1.0 (TID 1) in 541 ms on localhost (executor driver) (1/1)
18/05/23 13:12:58 INFO TaskSchedulerImpl: Removed TaskSet 1.0, whose tasks have all completed, from pool 
18/05/23 13:12:58 INFO DAGScheduler: ShuffleMapStage 1 (sql at NativeMethodAccessorImpl.java:0) finished in 0.543 s
18/05/23 13:12:58 INFO DAGScheduler: looking for newly runnable stages
18/05/23 13:12:58 INFO DAGScheduler: running: Set()
18/05/23 13:12:58 INFO DAGScheduler: waiting: Set(ResultStage 2)
18/05/23 13:12:58 INFO DAGScheduler: failed: Set()
18/05/23 13:12:58 INFO DAGScheduler: Submitting ResultStage 2 (MapPartitionsRDD[15] at sql at NativeMethodAccessorImpl.java:0), which has no missing parents
18/05/23 13:12:58 INFO MemoryStore: Block broadcast_2 stored as values in memory (estimated size 7.0 KB, free 366.3 MB)
18/05/23 13:12:58 INFO MemoryStore: Block broadcast_2_piece0 stored as bytes in memory (estimated size 3.7 KB, free 366.2 MB)
18/05/23 13:12:58 INFO BlockManagerInfo: Added broadcast_2_piece0 in memory on 127.0.0.1:62168 (size: 3.7 KB, free: 366.3 MB)
18/05/23 13:12:58 INFO SparkContext: Created broadcast 2 from broadcast at DAGScheduler.scala:1006
18/05/23 13:12:58 INFO DAGScheduler: Submitting 1 missing tasks from ResultStage 2 (MapPartitionsRDD[15] at sql at NativeMethodAccessorImpl.java:0) (first 15 tasks are for partitions Vector(0))
18/05/23 13:12:58 INFO TaskSchedulerImpl: Adding task set 2.0 with 1 tasks
18/05/23 13:12:58 INFO TaskSetManager: Starting task 0.0 in stage 2.0 (TID 2, localhost, executor driver, partition 0, ANY, 4726 bytes)
18/05/23 13:12:58 INFO Executor: Running task 0.0 in stage 2.0 (TID 2)
18/05/23 13:12:58 INFO ShuffleBlockFetcherIterator: Getting 1 non-empty blocks out of 1 blocks
18/05/23 13:12:58 INFO ShuffleBlockFetcherIterator: Started 0 remote fetches in 6 ms
18/05/23 13:12:58 INFO Executor: Finished task 0.0 in stage 2.0 (TID 2). 1581 bytes result sent to driver
18/05/23 13:12:58 INFO TaskSetManager: Finished task 0.0 in stage 2.0 (TID 2) in 41 ms on localhost (executor driver) (1/1)
18/05/23 13:12:58 INFO TaskSchedulerImpl: Removed TaskSet 2.0, whose tasks have all completed, from pool 
18/05/23 13:12:58 INFO DAGScheduler: ResultStage 2 (sql at NativeMethodAccessorImpl.java:0) finished in 0.042 s
18/05/23 13:12:58 INFO DAGScheduler: Job 1 finished: sql at NativeMethodAccessorImpl.java:0, took 0.644472 s
18/05/23 13:12:58 WARN SparkSession$Builder: Using an existing SparkSession; some configuration may not take effect.
18/05/23 13:12:58 INFO SparkSqlParser: Parsing command: SELECT count(*) FROM  `dat`
18/05/23 13:12:58 INFO HiveMetaStore: 0: get_database: default
18/05/23 13:12:58 INFO audit: ugi=aksg0001	ip=unknown-ip-addr	cmd=get_database: default	
18/05/23 13:12:58 INFO SparkContext: Starting job: collect at utils.scala:211
18/05/23 13:12:58 INFO DAGScheduler: Registering RDD 18 (collect at utils.scala:211)
18/05/23 13:12:58 INFO DAGScheduler: Got job 2 (collect at utils.scala:211) with 1 output partitions
18/05/23 13:12:58 INFO DAGScheduler: Final stage: ResultStage 4 (collect at utils.scala:211)
18/05/23 13:12:58 INFO DAGScheduler: Parents of final stage: List(ShuffleMapStage 3)
18/05/23 13:12:58 INFO DAGScheduler: Missing parents: List(ShuffleMapStage 3)
18/05/23 13:12:58 INFO DAGScheduler: Submitting ShuffleMapStage 3 (MapPartitionsRDD[18] at collect at utils.scala:211), which has no missing parents
18/05/23 13:12:58 INFO MemoryStore: Block broadcast_3 stored as values in memory (estimated size 20.6 KB, free 366.2 MB)
18/05/23 13:12:58 INFO MemoryStore: Block broadcast_3_piece0 stored as bytes in memory (estimated size 9.1 KB, free 366.2 MB)
18/05/23 13:12:58 INFO BlockManagerInfo: Added broadcast_3_piece0 in memory on 127.0.0.1:62168 (size: 9.1 KB, free: 366.3 MB)
18/05/23 13:12:58 INFO SparkContext: Created broadcast 3 from broadcast at DAGScheduler.scala:1006
18/05/23 13:12:58 INFO DAGScheduler: Submitting 1 missing tasks from ShuffleMapStage 3 (MapPartitionsRDD[18] at collect at utils.scala:211) (first 15 tasks are for partitions Vector(0))
18/05/23 13:12:58 INFO TaskSchedulerImpl: Adding task set 3.0 with 1 tasks
18/05/23 13:12:58 INFO TaskSetManager: Starting task 0.0 in stage 3.0 (TID 3, localhost, executor driver, partition 0, PROCESS_LOCAL, 21673 bytes)
18/05/23 13:12:58 INFO Executor: Running task 0.0 in stage 3.0 (TID 3)
18/05/23 13:12:58 INFO BlockManager: Found block rdd_9_0 locally
18/05/23 13:12:58 INFO Executor: Finished task 0.0 in stage 3.0 (TID 3). 1647 bytes result sent to driver
18/05/23 13:12:58 INFO TaskSetManager: Finished task 0.0 in stage 3.0 (TID 3) in 24 ms on localhost (executor driver) (1/1)
18/05/23 13:12:58 INFO DAGScheduler: ShuffleMapStage 3 (collect at utils.scala:211) finished in 0.026 s
18/05/23 13:12:58 INFO DAGScheduler: looking for newly runnable stages
18/05/23 13:12:58 INFO DAGScheduler: running: Set()
18/05/23 13:12:58 INFO DAGScheduler: waiting: Set(ResultStage 4)
18/05/23 13:12:58 INFO DAGScheduler: failed: Set()
18/05/23 13:12:58 INFO DAGScheduler: Submitting ResultStage 4 (MapPartitionsRDD[21] at collect at utils.scala:211), which has no missing parents
18/05/23 13:12:58 INFO MemoryStore: Block broadcast_4 stored as values in memory (estimated size 7.0 KB, free 366.2 MB)
18/05/23 13:12:58 INFO TaskSchedulerImpl: Removed TaskSet 3.0, whose tasks have all completed, from pool 
18/05/23 13:12:58 INFO MemoryStore: Block broadcast_4_piece0 stored as bytes in memory (estimated size 3.7 KB, free 366.2 MB)
18/05/23 13:12:58 INFO BlockManagerInfo: Added broadcast_4_piece0 in memory on 127.0.0.1:62168 (size: 3.7 KB, free: 366.3 MB)
18/05/23 13:12:58 INFO SparkContext: Created broadcast 4 from broadcast at DAGScheduler.scala:1006
18/05/23 13:12:58 INFO DAGScheduler: Submitting 1 missing tasks from ResultStage 4 (MapPartitionsRDD[21] at collect at utils.scala:211) (first 15 tasks are for partitions Vector(0))
18/05/23 13:12:58 INFO TaskSchedulerImpl: Adding task set 4.0 with 1 tasks
18/05/23 13:12:58 INFO TaskSetManager: Starting task 0.0 in stage 4.0 (TID 4, localhost, executor driver, partition 0, ANY, 4726 bytes)
18/05/23 13:12:58 INFO Executor: Running task 0.0 in stage 4.0 (TID 4)
18/05/23 13:12:58 INFO ShuffleBlockFetcherIterator: Getting 1 non-empty blocks out of 1 blocks
18/05/23 13:12:58 INFO ShuffleBlockFetcherIterator: Started 0 remote fetches in 0 ms
18/05/23 13:12:58 INFO Executor: Finished task 0.0 in stage 4.0 (TID 4). 1495 bytes result sent to driver
18/05/23 13:12:58 INFO TaskSetManager: Finished task 0.0 in stage 4.0 (TID 4) in 7 ms on localhost (executor driver) (1/1)
18/05/23 13:12:58 INFO DAGScheduler: ResultStage 4 (collect at utils.scala:211) finished in 0.009 s
18/05/23 13:12:58 INFO DAGScheduler: Job 2 finished: collect at utils.scala:211, took 0.062140 s
18/05/23 13:12:58 INFO TaskSchedulerImpl: Removed TaskSet 4.0, whose tasks have all completed, from pool 
18/05/23 13:12:58 INFO CodeGenerator: Code generated in 9.407228 ms
18/05/23 13:12:59 WARN SparkSession$Builder: Using an existing SparkSession; some configuration may not take effect.
18/05/23 13:12:59 INFO SparkSqlParser: Parsing command: SELECT *
FROM `dat` AS `zzz1`
WHERE (0 = 1)
18/05/23 13:12:59 WARN SparkSession$Builder: Using an existing SparkSession; some configuration may not take effect.
18/05/23 13:12:59 INFO SparkSqlParser: Parsing command: SHOW TABLES
18/05/23 13:12:59 INFO HiveMetaStore: 0: get_database: default
18/05/23 13:12:59 INFO audit: ugi=aksg0001	ip=unknown-ip-addr	cmd=get_database: default	
18/05/23 13:12:59 INFO HiveMetaStore: 0: get_database: default
18/05/23 13:12:59 INFO audit: ugi=aksg0001	ip=unknown-ip-addr	cmd=get_database: default	
18/05/23 13:12:59 INFO HiveMetaStore: 0: get_tables: db=default pat=*
18/05/23 13:12:59 INFO audit: ugi=aksg0001	ip=unknown-ip-addr	cmd=get_tables: db=default pat=*	
18/05/23 13:12:59 INFO CodeGenerator: Code generated in 9.918998 ms
18/05/23 13:13:07 WARN SparkSession$Builder: Using an existing SparkSession; some configuration may not take effect.
18/05/23 13:13:07 INFO SparkSqlParser: Parsing command: SELECT `id`, TO_DATE(`date`) AS `date`, `cat1`, `cat2`, `metric1`, `metric2`, `metric3`, `index`
FROM `dat`
18/05/23 13:13:07 INFO HiveMetaStore: 0: get_database: default
18/05/23 13:13:07 INFO audit: ugi=aksg0001	ip=unknown-ip-addr	cmd=get_database: default	
18/05/23 13:13:07 WARN SparkSession$Builder: Using an existing SparkSession; some configuration may not take effect.
18/05/23 13:13:08 INFO SparkSqlParser: Parsing command: SELECT `id`, TO_DATE(`date`) AS `date`, `cat1`, `cat2`, `metric1`, `metric2`, `metric3`, `index`
FROM `dat`
LIMIT 10
18/05/23 13:13:08 INFO HiveMetaStore: 0: get_database: default
18/05/23 13:13:08 INFO audit: ugi=aksg0001	ip=unknown-ip-addr	cmd=get_database: default	
18/05/23 13:13:08 INFO CodeGenerator: Code generated in 24.996399 ms
18/05/23 13:13:08 INFO SparkContext: Starting job: collect at utils.scala:211
18/05/23 13:13:08 INFO DAGScheduler: Got job 3 (collect at utils.scala:211) with 1 output partitions
18/05/23 13:13:08 INFO DAGScheduler: Final stage: ResultStage 5 (collect at utils.scala:211)
18/05/23 13:13:08 INFO DAGScheduler: Parents of final stage: List()
18/05/23 13:13:08 INFO DAGScheduler: Missing parents: List()
18/05/23 13:13:08 INFO DAGScheduler: Submitting ResultStage 5 (MapPartitionsRDD[24] at collect at utils.scala:211), which has no missing parents
18/05/23 13:13:08 INFO MemoryStore: Block broadcast_5 stored as values in memory (estimated size 21.4 KB, free 366.2 MB)
18/05/23 13:13:08 INFO MemoryStore: Block broadcast_5_piece0 stored as bytes in memory (estimated size 9.0 KB, free 366.2 MB)
18/05/23 13:13:08 INFO BlockManagerInfo: Added broadcast_5_piece0 in memory on 127.0.0.1:62168 (size: 9.0 KB, free: 366.3 MB)
18/05/23 13:13:08 INFO SparkContext: Created broadcast 5 from broadcast at DAGScheduler.scala:1006
18/05/23 13:13:08 INFO DAGScheduler: Submitting 1 missing tasks from ResultStage 5 (MapPartitionsRDD[24] at collect at utils.scala:211) (first 15 tasks are for partitions Vector(0))
18/05/23 13:13:08 INFO TaskSchedulerImpl: Adding task set 5.0 with 1 tasks
18/05/23 13:13:08 INFO TaskSetManager: Starting task 0.0 in stage 5.0 (TID 5, localhost, executor driver, partition 0, PROCESS_LOCAL, 21684 bytes)
18/05/23 13:13:08 INFO Executor: Running task 0.0 in stage 5.0 (TID 5)
18/05/23 13:13:08 INFO BlockManager: Found block rdd_9_0 locally
18/05/23 13:13:08 INFO CodeGenerator: Code generated in 22.030538 ms
18/05/23 13:13:08 INFO Executor: 1 block locks were not released by TID = 5:
[rdd_9_0]
18/05/23 13:13:08 INFO Executor: Finished task 0.0 in stage 5.0 (TID 5). 1626 bytes result sent to driver
18/05/23 13:13:08 INFO TaskSetManager: Finished task 0.0 in stage 5.0 (TID 5) in 67 ms on localhost (executor driver) (1/1)
18/05/23 13:13:08 INFO DAGScheduler: ResultStage 5 (collect at utils.scala:211) finished in 0.069 s
18/05/23 13:13:08 INFO DAGScheduler: Job 3 finished: collect at utils.scala:211, took 0.083901 s
18/05/23 13:13:08 INFO TaskSchedulerImpl: Removed TaskSet 5.0, whose tasks have all completed, from pool 
18/05/23 13:13:08 INFO CodeGenerator: Code generated in 18.460535 ms
18/05/23 13:13:19 WARN SparkSession$Builder: Using an existing SparkSession; some configuration may not take effect.
18/05/23 13:13:19 INFO SparkSqlParser: Parsing command: SELECT count(*) AS `n`
FROM (SELECT `id`, TO_DATE(`date`) AS `date`, `cat1`, `cat2`, `metric1`, `metric2`, `metric3`, `index`
FROM `dat`) `nvqzuupprt`
18/05/23 13:13:19 INFO HiveMetaStore: 0: get_database: default
18/05/23 13:13:19 INFO audit: ugi=aksg0001	ip=unknown-ip-addr	cmd=get_database: default	
18/05/23 13:13:19 INFO HiveMetaStore: 0: get_database: default
18/05/23 13:13:19 INFO audit: ugi=aksg0001	ip=unknown-ip-addr	cmd=get_database: default	
18/05/23 13:13:19 WARN SparkSession$Builder: Using an existing SparkSession; some configuration may not take effect.
18/05/23 13:13:19 INFO SparkSqlParser: Parsing command: SELECT count(*) AS `n`
FROM (SELECT `id`, TO_DATE(`date`) AS `date`, `cat1`, `cat2`, `metric1`, `metric2`, `metric3`, `index`
FROM `dat`) `lchyruuqdh`
LIMIT 10
18/05/23 13:13:19 INFO HiveMetaStore: 0: get_database: default
18/05/23 13:13:19 INFO audit: ugi=aksg0001	ip=unknown-ip-addr	cmd=get_database: default	
18/05/23 13:13:19 INFO HiveMetaStore: 0: get_database: default
18/05/23 13:13:19 INFO audit: ugi=aksg0001	ip=unknown-ip-addr	cmd=get_database: default	
18/05/23 13:13:19 INFO SparkContext: Starting job: collect at utils.scala:211
18/05/23 13:13:19 INFO DAGScheduler: Registering RDD 27 (collect at utils.scala:211)
18/05/23 13:13:19 INFO DAGScheduler: Got job 4 (collect at utils.scala:211) with 1 output partitions
18/05/23 13:13:19 INFO DAGScheduler: Final stage: ResultStage 7 (collect at utils.scala:211)
18/05/23 13:13:19 INFO DAGScheduler: Parents of final stage: List(ShuffleMapStage 6)
18/05/23 13:13:19 INFO DAGScheduler: Missing parents: List(ShuffleMapStage 6)
18/05/23 13:13:19 INFO DAGScheduler: Submitting ShuffleMapStage 6 (MapPartitionsRDD[27] at collect at utils.scala:211), which has no missing parents
18/05/23 13:13:19 INFO MemoryStore: Block broadcast_6 stored as values in memory (estimated size 20.6 KB, free 366.2 MB)
18/05/23 13:13:19 INFO MemoryStore: Block broadcast_6_piece0 stored as bytes in memory (estimated size 9.1 KB, free 366.2 MB)
18/05/23 13:13:19 INFO BlockManagerInfo: Added broadcast_6_piece0 in memory on 127.0.0.1:62168 (size: 9.1 KB, free: 366.2 MB)
18/05/23 13:13:19 INFO SparkContext: Created broadcast 6 from broadcast at DAGScheduler.scala:1006
18/05/23 13:13:19 INFO DAGScheduler: Submitting 1 missing tasks from ShuffleMapStage 6 (MapPartitionsRDD[27] at collect at utils.scala:211) (first 15 tasks are for partitions Vector(0))
18/05/23 13:13:19 INFO TaskSchedulerImpl: Adding task set 6.0 with 1 tasks
18/05/23 13:13:19 INFO TaskSetManager: Starting task 0.0 in stage 6.0 (TID 6, localhost, executor driver, partition 0, PROCESS_LOCAL, 21673 bytes)
18/05/23 13:13:19 INFO Executor: Running task 0.0 in stage 6.0 (TID 6)
18/05/23 13:13:19 INFO BlockManager: Found block rdd_9_0 locally
18/05/23 13:13:19 INFO Executor: Finished task 0.0 in stage 6.0 (TID 6). 1647 bytes result sent to driver
18/05/23 13:13:19 INFO TaskSetManager: Finished task 0.0 in stage 6.0 (TID 6) in 20 ms on localhost (executor driver) (1/1)
18/05/23 13:13:19 INFO DAGScheduler: ShuffleMapStage 6 (collect at utils.scala:211) finished in 0.021 s
18/05/23 13:13:19 INFO DAGScheduler: looking for newly runnable stages
18/05/23 13:13:19 INFO DAGScheduler: running: Set()
18/05/23 13:13:19 INFO DAGScheduler: waiting: Set(ResultStage 7)
18/05/23 13:13:19 INFO DAGScheduler: failed: Set()
18/05/23 13:13:19 INFO DAGScheduler: Submitting ResultStage 7 (MapPartitionsRDD[30] at collect at utils.scala:211), which has no missing parents
18/05/23 13:13:19 INFO TaskSchedulerImpl: Removed TaskSet 6.0, whose tasks have all completed, from pool 
18/05/23 13:13:19 INFO MemoryStore: Block broadcast_7 stored as values in memory (estimated size 6.9 KB, free 366.1 MB)
18/05/23 13:13:19 INFO MemoryStore: Block broadcast_7_piece0 stored as bytes in memory (estimated size 3.7 KB, free 366.1 MB)
18/05/23 13:13:19 INFO BlockManagerInfo: Added broadcast_7_piece0 in memory on 127.0.0.1:62168 (size: 3.7 KB, free: 366.2 MB)
18/05/23 13:13:19 INFO SparkContext: Created broadcast 7 from broadcast at DAGScheduler.scala:1006
18/05/23 13:13:19 INFO DAGScheduler: Submitting 1 missing tasks from ResultStage 7 (MapPartitionsRDD[30] at collect at utils.scala:211) (first 15 tasks are for partitions Vector(0))
18/05/23 13:13:19 INFO TaskSchedulerImpl: Adding task set 7.0 with 1 tasks
18/05/23 13:13:19 INFO TaskSetManager: Starting task 0.0 in stage 7.0 (TID 7, localhost, executor driver, partition 0, ANY, 4726 bytes)
18/05/23 13:13:19 INFO Executor: Running task 0.0 in stage 7.0 (TID 7)
18/05/23 13:13:19 INFO ShuffleBlockFetcherIterator: Getting 1 non-empty blocks out of 1 blocks
18/05/23 13:13:19 INFO ShuffleBlockFetcherIterator: Started 0 remote fetches in 0 ms
18/05/23 13:13:19 INFO Executor: Finished task 0.0 in stage 7.0 (TID 7). 1471 bytes result sent to driver
18/05/23 13:13:19 INFO TaskSetManager: Finished task 0.0 in stage 7.0 (TID 7) in 8 ms on localhost (executor driver) (1/1)
18/05/23 13:13:19 INFO DAGScheduler: ResultStage 7 (collect at utils.scala:211) finished in 0.010 s
18/05/23 13:13:19 INFO DAGScheduler: Job 4 finished: collect at utils.scala:211, took 0.054426 s
18/05/23 13:13:19 INFO TaskSchedulerImpl: Removed TaskSet 7.0, whose tasks have all completed, from pool 
18/05/23 13:42:44 INFO ContextCleaner: Cleaned accumulator 54
18/05/23 13:42:44 INFO ContextCleaner: Cleaned accumulator 63
18/05/23 13:42:44 INFO BlockManagerInfo: Removed broadcast_4_piece0 on 127.0.0.1:62168 in memory (size: 3.7 KB, free: 366.2 MB)
18/05/23 13:42:44 INFO BlockManagerInfo: Removed broadcast_3_piece0 on 127.0.0.1:62168 in memory (size: 9.1 KB, free: 366.3 MB)
18/05/23 13:42:44 INFO BlockManagerInfo: Removed broadcast_6_piece0 on 127.0.0.1:62168 in memory (size: 9.1 KB, free: 366.3 MB)
18/05/23 13:42:44 INFO BlockManagerInfo: Removed broadcast_5_piece0 on 127.0.0.1:62168 in memory (size: 9.0 KB, free: 366.3 MB)
18/05/23 13:42:44 INFO BlockManagerInfo: Removed broadcast_2_piece0 on 127.0.0.1:62168 in memory (size: 3.7 KB, free: 366.3 MB)
18/05/23 13:42:44 INFO ContextCleaner: Cleaned accumulator 112
18/05/23 13:42:44 INFO ContextCleaner: Cleaned accumulator 199
18/05/23 13:42:44 INFO BlockManagerInfo: Removed broadcast_7_piece0 on 127.0.0.1:62168 in memory (size: 3.7 KB, free: 366.3 MB)
18/05/23 13:42:44 INFO ContextCleaner: Cleaned accumulator 56
18/05/23 13:42:44 INFO ContextCleaner: Cleaned accumulator 55
18/05/23 13:42:44 INFO ContextCleaner: Cleaned accumulator 52
18/05/23 13:42:44 INFO ContextCleaner: Cleaned accumulator 62
18/05/23 13:42:44 INFO ContextCleaner: Cleaned accumulator 58
18/05/23 13:42:44 INFO ContextCleaner: Cleaned accumulator 61
18/05/23 13:42:44 INFO ContextCleaner: Cleaned accumulator 59
18/05/23 13:42:44 INFO BlockManagerInfo: Removed broadcast_1_piece0 on 127.0.0.1:62168 in memory (size: 9.1 KB, free: 366.3 MB)
18/05/23 13:42:44 INFO ContextCleaner: Cleaned accumulator 57
18/05/23 13:42:44 INFO ContextCleaner: Cleaned accumulator 53
18/05/23 13:42:44 INFO ContextCleaner: Cleaned accumulator 60
18/05/23 13:42:44 INFO ContextCleaner: Cleaned shuffle 0
